#
# There is insufficient memory for the Java Runtime Environment to continue.
# Native memory allocation (mmap) failed to map 65536 bytes for Failed to commit metaspace.
# Possible reasons:
#   The system is out of physical RAM or swap space
#   The process is running with CompressedOops enabled, and the Java Heap may be blocking the growth of the native heap
# Possible solutions:
#   Reduce memory load on the system
#   Increase physical memory or swap space
#   Check if swap backing store is full
#   Decrease Java heap size (-Xmx/-Xms)
#   Decrease number of Java threads
#   Decrease Java thread stack sizes (-Xss)
#   Set larger code cache with -XX:ReservedCodeCacheSize=
#   JVM is running with Zero Based Compressed Oops mode in which the Java heap is
#     placed in the first 32GB address space. The Java Heap base address is the
#     maximum limit for the native heap growth. Please use -XX:HeapBaseMinAddress
#     to set the Java Heap base and to place the Java Heap above 32GB virtual address.
# This output file may be truncated or incomplete.
#
#  Out of Memory Error (virtualSpaceNode.cpp:112), pid=13788, tid=8704
#
# JRE version: OpenJDK Runtime Environment (21.0.2+13) (build 21.0.2+13-58)
# Java VM: OpenJDK 64-Bit Server VM (21.0.2+13-58, mixed mode, emulated-client, sharing, tiered, compressed oops, compressed class ptrs, g1 gc, windows-amd64)
# No core dump will be written. Minidumps are not enabled by default on client versions of Windows
#

---------------  S U M M A R Y ------------

Command Line: -XX:TieredStopAtLevel=1 -Dspring.output.ansi.enabled=always -Dcom.sun.management.jmxremote -Dspring.jmx.enabled=true -Dspring.liveBeansView.mbeanDomain -Dspring.application.admin.enabled=true -Dmanagement.endpoints.jmx.exposure.include=* -javaagent:D:\Program Files\JetBrains\IntelliJ IDEA 2023.3.2\lib\idea_rt.jar=62570:D:\Program Files\JetBrains\IntelliJ IDEA 2023.3.2\bin -Dfile.encoding=UTF-8 -Dsun.stdout.encoding=UTF-8 -Dsun.stderr.encoding=UTF-8 com.booking.MedicineStartApplication

Host: Intel(R) Core(TM) i5-8350U CPU @ 1.70GHz, 8 cores, 15G,  Windows 11 , 64 bit Build 22621 (10.0.22621.5124)
Time: Mon May  5 02:47:53 2025 SE Asia Standard Time elapsed time: 25.541485 seconds (0d 0h 0m 25s)

---------------  T H R E A D  ---------------

Current thread (0x00000240d3671290):  JavaThread "org.springframework.kafka.KafkaListenerEndpointContainer#0-0-C-1"        [_thread_in_vm, id=8704, stack(0x0000006791900000,0x0000006791a00000) (1024K)]

Stack: [0x0000006791900000,0x0000006791a00000]
Native frames: (J=compiled Java code, j=interpreted, Vv=VM code, C=native code)
V  [jvm.dll+0x6cade9]
V  [jvm.dll+0x8569c1]
V  [jvm.dll+0x858d2e]
V  [jvm.dll+0x859413]
V  [jvm.dll+0x280e56]
V  [jvm.dll+0x8526ee]
V  [jvm.dll+0x66e705]
V  [jvm.dll+0x1e68cc]
V  [jvm.dll+0x1e669e]
V  [jvm.dll+0x67104c]
V  [jvm.dll+0x670e62]
V  [jvm.dll+0x66f0de]
V  [jvm.dll+0x680079]
V  [jvm.dll+0x67951e]
V  [jvm.dll+0x3d4471]
C  0x000002408000b779

The last pc belongs to method entry point (kind = zerolocals) (printed below).
Java frames: (J=compiled Java code, j=interpreted, Vv=VM code)
j  org.apache.kafka.common.message.ApiVersionsResponseData.errorCode()S+0
j  org.apache.kafka.clients.NetworkClient.handleApiVersionsResponse(Ljava/util/List;Lorg/apache/kafka/clients/NetworkClient$InFlightRequest;JLorg/apache/kafka/common/requests/ApiVersionsResponse;)V+11
j  org.apache.kafka.clients.NetworkClient.handleCompletedReceives(Ljava/util/List;J)V+237
j  org.apache.kafka.clients.NetworkClient.poll(JJ)Ljava/util/List;+161
j  org.apache.kafka.clients.consumer.internals.ConsumerNetworkClient.poll(Lorg/apache/kafka/common/utils/Timer;Lorg/apache/kafka/clients/consumer/internals/ConsumerNetworkClient$PollCondition;Z)V+92
j  org.apache.kafka.clients.consumer.internals.ConsumerNetworkClient.poll(Lorg/apache/kafka/clients/consumer/internals/RequestFuture;Lorg/apache/kafka/common/utils/Timer;Z)Z+4
j  org.apache.kafka.clients.consumer.internals.AbstractCoordinator.ensureCoordinatorReady(Lorg/apache/kafka/common/utils/Timer;Z)Z+46
j  org.apache.kafka.clients.consumer.internals.AbstractCoordinator.ensureCoordinatorReady(Lorg/apache/kafka/common/utils/Timer;)Z+3
j  org.apache.kafka.clients.consumer.internals.ConsumerCoordinator.coordinatorUnknownAndUnreadySync(Lorg/apache/kafka/common/utils/Timer;)Z+9
j  org.apache.kafka.clients.consumer.internals.ConsumerCoordinator.poll(Lorg/apache/kafka/common/utils/Timer;Z)Z+46
j  org.apache.kafka.clients.consumer.internals.LegacyKafkaConsumer.updateAssignmentMetadataIfNeeded(Lorg/apache/kafka/common/utils/Timer;Z)Z+13
j  org.apache.kafka.clients.consumer.internals.LegacyKafkaConsumer.poll(Lorg/apache/kafka/common/utils/Timer;Z)Lorg/apache/kafka/clients/consumer/ConsumerRecords;+50
j  org.apache.kafka.clients.consumer.internals.LegacyKafkaConsumer.poll(Ljava/time/Duration;)Lorg/apache/kafka/clients/consumer/ConsumerRecords;+12
j  org.apache.kafka.clients.consumer.KafkaConsumer.poll(Ljava/time/Duration;)Lorg/apache/kafka/clients/consumer/ConsumerRecords;+5
j  org.springframework.kafka.listener.KafkaMessageListenerContainer$ListenerConsumer.pollConsumer()Lorg/apache/kafka/clients/consumer/ConsumerRecords;+26
j  org.springframework.kafka.listener.KafkaMessageListenerContainer$ListenerConsumer.doPoll()Lorg/apache/kafka/clients/consumer/ConsumerRecords;+124
j  org.springframework.kafka.listener.KafkaMessageListenerContainer$ListenerConsumer.pollAndInvoke()V+67
j  org.springframework.kafka.listener.KafkaMessageListenerContainer$ListenerConsumer.run()V+26
j  java.util.concurrent.CompletableFuture$AsyncRun.run()V+36 java.base@21.0.2
j  java.lang.Thread.runWith(Ljava/lang/Object;Ljava/lang/Runnable;)V+5 java.base@21.0.2
j  java.lang.Thread.run()V+19 java.base@21.0.2
v  ~StubRoutines::call_stub 0x000002408000100d
method entry point (kind = zerolocals)  [0x000002408000b660, 0x000002408000b950]  752 bytes
[MachCode]
  0x000002408000b660: 488b 5308 | 0fb7 4a2e | 0fb7 522c | 2bd1 81fa | f501 0000 | 0f86 2500 | 0000 488b | c248 c1e0 
  0x000002408000b680: 0348 83c0 | 5849 0387 | d004 0000 | 483b e00f | 870a 0000 | 0058 498b | e550 e9e1 | afff ff58 
  0x000002408000b6a0: 4c8d 74cc | f885 d20f | 8e09 0000 | 0068 0000 | 0000 ffca | 7ff7 5055 | 488b ec41 | 5568 0000 
  0x000002408000b6c0: 0000 4c8b | 6b08 4d8d | 6d38 5348 | 8b53 0848 | 8b52 0848 | 8b52 1848 | 8b52 7048 | 8b12 5268 
  0x000002408000b6e0: 0000 0000 | 488b 5308 | 488b 5208 | 488b 5210 | 5249 8bc6 | 482b c548 | c1e8 0350 | 4155 6800 
  0x000002408000b700: 0000 0048 | 8924 2441 | c687 7904 | 0000 0148 | 8b43 1848 | 85c0 0f85 | b000 0000 | e805 0000 
  0x000002408000b720: 00e9 9900 | 0000 488b | d348 8d44 | 2408 4c89 | 6dc0 498b | cfc5 f877 | 4989 afa8 | 0300 0049 
  0x000002408000b740: 8987 9803 | 0000 4883 | ec20 40f6 | c40f 0f84 | 1900 0000 | 4883 ec08 | 48b8 5044 | 3518 f97f 
  0x000002408000b760: 0000 ffd0 | 4883 c408 | e90c 0000 | 0048 b850 | 4435 18f9 | 7f00 00ff | d048 83c4 | 2049 c787 
  0x000002408000b780: 9803 0000 | 0000 0000 | 49c7 87a8 | 0300 0000 | 0000 0049 | c787 a003 | 0000 0000 | 0000 c5f8 
  0x000002408000b7a0: 7749 837f | 0800 0f84 | 0500 0000 | e94f 57ff | ff4c 8b6d | c04c 8b75 | c84e 8d74 | f500 c348 
  0x000002408000b7c0: 8b43 1848 | 85c0 0f84 | 1200 0000 | 8b48 0883 | c102 8948 | 0823 481c | 0f84 c200 | 0000 493b 
  0x000002408000b7e0: a7e8 0400 | 000f 8748 | 0000 0089 | 8424 00f0 | ffff 8984 | 2400 e0ff | ff89 8424 | 00d0 ffff 
  0x000002408000b800: 8984 2400 | c0ff ff89 | 8424 00b0 | ffff 8984 | 2400 a0ff | ff89 8424 | 0090 ffff | 8984 2400 
  0x000002408000b820: 80ff ff49 | 3ba7 e004 | 0000 7607 | 4989 a7e8 | 0400 0041 | c687 7904 | 0000 0049 | baf9 45ba 
  0x000002408000b840: 18f9 7f00 | 0041 803a | 000f 843e | 0000 0048 | 8b55 e849 | 8bcf 4883 | ec20 40f6 | c40f 0f84 
  0x000002408000b860: 1900 0000 | 4883 ec08 | 48b8 4009 | 6b18 f97f | 0000 ffd0 | 4883 c408 | e90c 0000 | 0048 b840 
  0x000002408000b880: 096b 18f9 | 7f00 00ff | d048 83c4 | 2041 0fb6 | 5d00 49ba | 000f bd18 | f97f 0000 | 41ff 24da 
  0x000002408000b8a0: ba00 0000 | 00e8 0500 | 0000 e996 | 0000 0048 | 8d44 2408 | 4c89 6dc0 | 498b cfc5 | f877 4989 
  0x000002408000b8c0: afa8 0300 | 0049 8987 | 9803 0000 | 4883 ec20 | 40f6 c40f | 0f84 1900 | 0000 4883 | ec08 48b8 
  0x000002408000b8e0: d04e 3518 | f97f 0000 | ffd0 4883 | c408 e90c | 0000 0048 | b8d0 4e35 | 18f9 7f00 | 00ff d048 
  0x000002408000b900: 83c4 2049 | c787 9803 | 0000 0000 | 0000 49c7 | 87a8 0300 | 0000 0000 | 0049 c787 | a003 0000 
  0x000002408000b920: 0000 0000 | c5f8 7749 | 837f 0800 | 0f84 0500 | 0000 e9c9 | 55ff ff4c | 8b6d c04c | 8b75 c84e 
  0x000002408000b940: 8d74 f500 | c348 8b5d | e8e9 90fe | ffff 6690 
[/MachCode]

---------------  P R O C E S S  ---------------

Threads class SMR info:
_java_thread_list=0x00000240d03bf4d0, length=43, elements={
0x0000024089a483e0, 0x0000024089a49300, 0x0000024089a4c720, 0x0000024089a4e780,
0x0000024089a511f0, 0x0000024089a52d90, 0x0000024089a5ee30, 0x0000024089a19270,
0x0000024089cb59f0, 0x0000024089f9c450, 0x00000240cf3c78e0, 0x00000240cf4be410,
0x00000240cf4c1760, 0x00000240cf58b950, 0x00000240cfcd3530, 0x00000240cfd8df00,
0x00000240d0b43280, 0x00000240d0b459e0, 0x00000240d0b44630, 0x00000240d0b45350,
0x00000240d2274260, 0x00000240d2274f80, 0x00000240d2273540, 0x00000240d2273bd0,
0x00000240d0b42560, 0x00000240d3670570, 0x00000240d366f850, 0x00000240d3671fb0,
0x00000240d366fee0, 0x00000240d366e4a0, 0x00000240d366d780, 0x00000240d3672640,
0x00000240d3670c00, 0x00000240d3674080, 0x00000240d3673360, 0x00000240d36739f0,
0x00000240d366de10, 0x00000240d3671290, 0x00000240d3671920, 0x00000240d366d0f0,
0x00000240d366eb30, 0x00000240d3672cd0, 0x00000240d366f1c0
}

Java Threads: ( => current thread )
  0x0000024089a483e0 JavaThread "Reference Handler"          daemon [_thread_blocked, id=16340, stack(0x000000678e900000,0x000000678ea00000) (1024K)]
  0x0000024089a49300 JavaThread "Finalizer"                  daemon [_thread_blocked, id=20224, stack(0x000000678ea00000,0x000000678eb00000) (1024K)]
  0x0000024089a4c720 JavaThread "Signal Dispatcher"          daemon [_thread_blocked, id=12296, stack(0x000000678eb00000,0x000000678ec00000) (1024K)]
  0x0000024089a4e780 JavaThread "Attach Listener"            daemon [_thread_blocked, id=9588, stack(0x000000678ec00000,0x000000678ed00000) (1024K)]
  0x0000024089a511f0 JavaThread "Service Thread"             daemon [_thread_blocked, id=17228, stack(0x000000678ed00000,0x000000678ee00000) (1024K)]
  0x0000024089a52d90 JavaThread "Monitor Deflation Thread"   daemon [_thread_blocked, id=3024, stack(0x000000678ee00000,0x000000678ef00000) (1024K)]
  0x0000024089a5ee30 JavaThread "C1 CompilerThread0"         daemon [_thread_blocked, id=13732, stack(0x000000678ef00000,0x000000678f000000) (1024K)]
  0x0000024089a19270 JavaThread "Common-Cleaner"             daemon [_thread_blocked, id=928, stack(0x000000678f000000,0x000000678f100000) (1024K)]
  0x0000024089cb59f0 JavaThread "C1 CompilerThread1"         daemon [_thread_blocked, id=8888, stack(0x000000678f100000,0x000000678f200000) (1024K)]
  0x0000024089f9c450 JavaThread "Monitor Ctrl-Break"         daemon [_thread_in_native, id=16548, stack(0x000000678f200000,0x000000678f300000) (1024K)]
  0x00000240cf3c78e0 JavaThread "Notification Thread"        daemon [_thread_blocked, id=20164, stack(0x000000678f300000,0x000000678f400000) (1024K)]
  0x00000240cf4be410 JavaThread "C1 CompilerThread2"         daemon [_thread_blocked, id=10372, stack(0x000000678f400000,0x000000678f500000) (1024K)]
  0x00000240cf4c1760 JavaThread "C1 CompilerThread3"         daemon [_thread_blocked, id=14464, stack(0x000000678f500000,0x000000678f600000) (1024K)]
  0x00000240cf58b950 JavaThread "RMI TCP Accept-0"           daemon [_thread_in_native, id=9428, stack(0x000000678f600000,0x000000678f700000) (1024K)]
  0x00000240cfcd3530 JavaThread "RMI TCP Connection(1)-192.168.1.2" daemon [_thread_in_native, id=14368, stack(0x000000678fd00000,0x000000678fe00000) (1024K)]
  0x00000240cfd8df00 JavaThread "RMI Scheduler(0)"           daemon [_thread_blocked, id=10652, stack(0x000000678fe00000,0x000000678ff00000) (1024K)]
  0x00000240d0b43280 JavaThread "Catalina-utility-1"                [_thread_blocked, id=15952, stack(0x0000006790200000,0x0000006790300000) (1024K)]
  0x00000240d0b459e0 JavaThread "Catalina-utility-2"                [_thread_blocked, id=7240, stack(0x0000006790400000,0x0000006790500000) (1024K)]
  0x00000240d0b44630 JavaThread "container-0"                       [_thread_blocked, id=20108, stack(0x0000006790500000,0x0000006790600000) (1024K)]
  0x00000240d0b45350 JavaThread "mysql-cj-abandoned-connection-cleanup" daemon [_thread_blocked, id=18300, stack(0x0000006790600000,0x0000006790700000) (1024K)]
  0x00000240d2274260 JavaThread "HikariPool-1 housekeeper"   daemon [_thread_blocked, id=4000, stack(0x0000006790900000,0x0000006790a00000) (1024K)]
  0x00000240d2274f80 JavaThread "Jndi-Dns-address-change-listener" daemon [_thread_in_native, id=16416, stack(0x0000006790800000,0x0000006790900000) (1024K)]
  0x00000240d2273540 JavaThread "lettuce-timer-3-1"          daemon [_thread_blocked, id=15664, stack(0x0000006790a00000,0x0000006790b00000) (1024K)]
  0x00000240d2273bd0 JavaThread "File Watcher"               daemon [_thread_blocked, id=18216, stack(0x0000006790b00000,0x0000006790c00000) (1024K)]
  0x00000240d0b42560 JavaThread "http-nio-5012-exec-1"       daemon [_thread_blocked, id=5100, stack(0x0000006790c00000,0x0000006790d00000) (1024K)]
  0x00000240d3670570 JavaThread "http-nio-5012-exec-2"       daemon [_thread_blocked, id=19744, stack(0x0000006790d00000,0x0000006790e00000) (1024K)]
  0x00000240d366f850 JavaThread "http-nio-5012-exec-3"       daemon [_thread_blocked, id=6752, stack(0x0000006790e00000,0x0000006790f00000) (1024K)]
  0x00000240d3671fb0 JavaThread "http-nio-5012-exec-4"       daemon [_thread_blocked, id=8936, stack(0x0000006790f00000,0x0000006791000000) (1024K)]
  0x00000240d366fee0 JavaThread "http-nio-5012-exec-5"       daemon [_thread_blocked, id=15968, stack(0x0000006791000000,0x0000006791100000) (1024K)]
  0x00000240d366e4a0 JavaThread "http-nio-5012-exec-6"       daemon [_thread_blocked, id=3060, stack(0x0000006791100000,0x0000006791200000) (1024K)]
  0x00000240d366d780 JavaThread "http-nio-5012-exec-7"       daemon [_thread_blocked, id=19508, stack(0x0000006791200000,0x0000006791300000) (1024K)]
  0x00000240d3672640 JavaThread "http-nio-5012-exec-8"       daemon [_thread_blocked, id=18248, stack(0x0000006791300000,0x0000006791400000) (1024K)]
  0x00000240d3670c00 JavaThread "http-nio-5012-exec-9"       daemon [_thread_blocked, id=5432, stack(0x0000006791400000,0x0000006791500000) (1024K)]
  0x00000240d3674080 JavaThread "http-nio-5012-exec-10"      daemon [_thread_blocked, id=20464, stack(0x0000006791500000,0x0000006791600000) (1024K)]
  0x00000240d3673360 JavaThread "http-nio-5012-Poller"       daemon [_thread_in_native, id=17936, stack(0x0000006791600000,0x0000006791700000) (1024K)]
  0x00000240d36739f0 JavaThread "http-nio-5012-Acceptor"     daemon [_thread_in_native, id=16628, stack(0x0000006791700000,0x0000006791800000) (1024K)]
  0x00000240d366de10 JavaThread "ThreadPoolTaskScheduler-1"         [_thread_blocked, id=14008, stack(0x0000006791800000,0x0000006791900000) (1024K)]
=>0x00000240d3671290 JavaThread "org.springframework.kafka.KafkaListenerEndpointContainer#0-0-C-1"        [_thread_in_vm, id=8704, stack(0x0000006791900000,0x0000006791a00000) (1024K)]
  0x00000240d3671920 JavaThread "DestroyJavaVM"                     [_thread_blocked, id=13604, stack(0x000000678e100000,0x000000678e200000) (1024K)]
  0x00000240d366d0f0 JavaThread "RMI TCP Connection(2)-192.168.1.2" daemon [_thread_blocked, id=4680, stack(0x0000006790000000,0x0000006790100000) (1024K)]
  0x00000240d366eb30 JavaThread "JMX server connection timeout 119" daemon [_thread_blocked, id=9264, stack(0x0000006791a00000,0x0000006791b00000) (1024K)]
  0x00000240d3672cd0 JavaThread "boundedElastic-evictor-1"   daemon [_thread_blocked, id=17396, stack(0x0000006791b00000,0x0000006791c00000) (1024K)]
  0x00000240d366f1c0 JavaThread "boundedElastic-1"           daemon [_thread_in_vm, id=12536, stack(0x000000678ff00000,0x0000006790000000) (1024K)]
Total: 43

Other Threads:
  0x0000024089a2b510 VMThread "VM Thread"                           [id=17464, stack(0x000000678e800000,0x000000678e900000) (1024K)]
  0x0000024089a16280 WatcherThread "VM Periodic Task Thread"        [id=11596, stack(0x000000678e700000,0x000000678e800000) (1024K)]
  0x00000240f486dfa0 WorkerThread "GC Thread#0"                     [id=12520, stack(0x000000678e200000,0x000000678e300000) (1024K)]
  0x00000240cf5cebc0 WorkerThread "GC Thread#1"                     [id=9424, stack(0x000000678f700000,0x000000678f800000) (1024K)]
  0x00000240cf5cef60 WorkerThread "GC Thread#2"                     [id=8428, stack(0x000000678f800000,0x000000678f900000) (1024K)]
  0x00000240cf5d0310 WorkerThread "GC Thread#3"                     [id=16764, stack(0x000000678f900000,0x000000678fa00000) (1024K)]
  0x00000240cf5d26c0 WorkerThread "GC Thread#4"                     [id=14252, stack(0x000000678fa00000,0x000000678fb00000) (1024K)]
  0x00000240cf5d2a60 WorkerThread "GC Thread#5"                     [id=17432, stack(0x000000678fb00000,0x000000678fc00000) (1024K)]
  0x00000240cf60acc0 WorkerThread "GC Thread#6"                     [id=10632, stack(0x000000678fc00000,0x000000678fd00000) (1024K)]
  0x00000240cff76e90 WorkerThread "GC Thread#7"                     [id=18332, stack(0x0000006790100000,0x0000006790200000) (1024K)]
  0x00000240f6afe0b0 ConcurrentGCThread "G1 Main Marker"            [id=15480, stack(0x000000678e300000,0x000000678e400000) (1024K)]
  0x00000240f6aff260 WorkerThread "G1 Conc#0"                       [id=8712, stack(0x000000678e400000,0x000000678e500000) (1024K)]
  0x00000240d0258b10 WorkerThread "G1 Conc#1"                       [id=12888, stack(0x0000006790300000,0x0000006790400000) (1024K)]
  0x00000240898e6e60 ConcurrentGCThread "G1 Refine#0"               [id=19568, stack(0x000000678e500000,0x000000678e600000) (1024K)]
  0x00000240898e7680 ConcurrentGCThread "G1 Service"                [id=16484, stack(0x000000678e600000,0x000000678e700000) (1024K)]
Total: 15

Threads with active compile tasks:
Total: 0

VM state: not at safepoint (normal execution)

VM Mutex/Monitor currently owned by a thread:  ([mutex/lock_event])
[0x00007ff918bbace8] Metaspace_lock - owner thread: 0x00000240d3671290

Heap address: 0x0000000702800000, size: 4056 MB, Compressed Oops mode: Zero based, Oop shift amount: 3

CDS archive(s) mapped at: [0x000002408a000000-0x000002408ac90000-0x000002408ac90000), size 13172736, SharedBaseAddress: 0x000002408a000000, ArchiveRelocationMode: 1.
Compressed class space mapped at: 0x000002408b000000-0x00000240cb000000, reserved size: 1073741824
Narrow klass base: 0x000002408a000000, Narrow klass shift: 0, Narrow klass range: 0x100000000

GC Precious Log:
 CardTable entry size: 512
 Card Set container configuration: InlinePtr #cards 4 size 8 Array Of Cards #cards 16 size 48 Howl #buckets 8 coarsen threshold 3686 Howl Bitmap #cards 512 size 80 coarsen threshold 460 Card regions per heap region 1 cards per card region 4096
 CPUs: 8 total, 8 available
 Memory: 16217M
 Large Page Support: Disabled
 NUMA Support: Disabled
 Compressed Oops: Enabled (Zero based)
 Heap Region Size: 2M
 Heap Min Capacity: 8M
 Heap Initial Capacity: 254M
 Heap Max Capacity: 4056M
 Pre-touch: Disabled
 Parallel Workers: 8
 Concurrent Workers: 2
 Concurrent Refinement Workers: 8
 Periodic GC: Disabled

Heap:
 garbage-first heap   total 141312K, used 63221K [0x0000000702800000, 0x0000000800000000)
  region size 2048K, 6 young (12288K), 5 survivors (10240K)
 Metaspace       used 100226K, committed 101248K, reserved 1179648K
  class space    used 13800K, committed 14272K, reserved 1048576K

Heap Regions: E=young(eden), S=young(survivor), O=old, HS=humongous(starts), HC=humongous(continues), CS=collection set, F=free, TAMS=top-at-mark-start, PB=parsable bottom
|   0|0x0000000702800000, 0x0000000702a00000, 0x0000000702a00000|100%| O|  |TAMS 0x0000000702800000| PB 0x0000000702800000| Untracked 
|   1|0x0000000702a00000, 0x0000000702c00000, 0x0000000702c00000|100%| O|  |TAMS 0x0000000702a00000| PB 0x0000000702a00000| Untracked 
|   2|0x0000000702c00000, 0x0000000702e00000, 0x0000000702e00000|100%| O|  |TAMS 0x0000000702c00000| PB 0x0000000702c00000| Untracked 
|   3|0x0000000702e00000, 0x0000000703000000, 0x0000000703000000|100%| O|  |TAMS 0x0000000702e00000| PB 0x0000000702e00000| Untracked 
|   4|0x0000000703000000, 0x0000000703200000, 0x0000000703200000|100%| O|  |TAMS 0x0000000703000000| PB 0x0000000703000000| Untracked 
|   5|0x0000000703200000, 0x0000000703400000, 0x0000000703400000|100%| O|  |TAMS 0x0000000703200000| PB 0x0000000703200000| Untracked 
|   6|0x0000000703400000, 0x0000000703600000, 0x0000000703600000|100%| O|Cm|TAMS 0x0000000703400000| PB 0x0000000703400000| Complete 
|   7|0x0000000703600000, 0x0000000703800000, 0x0000000703800000|100%| O|  |TAMS 0x0000000703600000| PB 0x0000000703600000| Untracked 
|   8|0x0000000703800000, 0x0000000703a00000, 0x0000000703a00000|100%| O|  |TAMS 0x0000000703800000| PB 0x0000000703800000| Untracked 
|   9|0x0000000703a00000, 0x0000000703c00000, 0x0000000703c00000|100%| O|  |TAMS 0x0000000703a00000| PB 0x0000000703a00000| Untracked 
|  10|0x0000000703c00000, 0x0000000703e00000, 0x0000000703e00000|100%| O|  |TAMS 0x0000000703c00000| PB 0x0000000703c00000| Untracked 
|  11|0x0000000703e00000, 0x0000000704000000, 0x0000000704000000|100%| O|  |TAMS 0x0000000703e00000| PB 0x0000000703e00000| Untracked 
|  12|0x0000000704000000, 0x0000000704200000, 0x0000000704200000|100%| O|  |TAMS 0x0000000704000000| PB 0x0000000704000000| Untracked 
|  13|0x0000000704200000, 0x0000000704400000, 0x0000000704400000|100%| O|  |TAMS 0x0000000704200000| PB 0x0000000704200000| Untracked 
|  14|0x0000000704400000, 0x0000000704600000, 0x0000000704600000|100%| O|  |TAMS 0x0000000704400000| PB 0x0000000704400000| Untracked 
|  15|0x0000000704600000, 0x0000000704800000, 0x0000000704800000|100%| O|  |TAMS 0x0000000704600000| PB 0x0000000704600000| Untracked 
|  16|0x0000000704800000, 0x0000000704a00000, 0x0000000704a00000|100%| O|  |TAMS 0x0000000704800000| PB 0x0000000704800000| Untracked 
|  17|0x0000000704a00000, 0x0000000704c00000, 0x0000000704c00000|100%| O|  |TAMS 0x0000000704a00000| PB 0x0000000704a00000| Untracked 
|  18|0x0000000704c00000, 0x0000000704e00000, 0x0000000704e00000|100%| O|  |TAMS 0x0000000704c00000| PB 0x0000000704c00000| Untracked 
|  19|0x0000000704e00000, 0x0000000705000000, 0x0000000705000000|100%| O|  |TAMS 0x0000000704e00000| PB 0x0000000704e00000| Untracked 
|  20|0x0000000705000000, 0x0000000705200000, 0x0000000705200000|100%| O|  |TAMS 0x0000000705000000| PB 0x0000000705000000| Untracked 
|  21|0x0000000705200000, 0x0000000705400000, 0x0000000705400000|100%| O|  |TAMS 0x0000000705200000| PB 0x0000000705200000| Untracked 
|  22|0x0000000705400000, 0x0000000705600000, 0x0000000705600000|100%| O|  |TAMS 0x0000000705400000| PB 0x0000000705400000| Untracked 
|  23|0x0000000705600000, 0x0000000705800000, 0x0000000705800000|100%| O|  |TAMS 0x0000000705600000| PB 0x0000000705600000| Untracked 
|  24|0x0000000705800000, 0x0000000705a00000, 0x0000000705a00000|100%| O|  |TAMS 0x0000000705800000| PB 0x0000000705800000| Untracked 
|  25|0x0000000705a00000, 0x0000000705c00000, 0x0000000705c00000|100%| O|  |TAMS 0x0000000705a00000| PB 0x0000000705a00000| Untracked 
|  26|0x0000000705c00000, 0x0000000705cc2e20, 0x0000000705e00000| 38%| O|  |TAMS 0x0000000705c00000| PB 0x0000000705c00000| Untracked 
|  27|0x0000000705e00000, 0x0000000705e00000, 0x0000000706000000|  0%| F|  |TAMS 0x0000000705e00000| PB 0x0000000705e00000| Untracked 
|  28|0x0000000706000000, 0x00000007060fa600, 0x0000000706200000| 48%| S|CS|TAMS 0x0000000706000000| PB 0x0000000706000000| Complete 
|  29|0x0000000706200000, 0x0000000706400000, 0x0000000706400000|100%| S|CS|TAMS 0x0000000706200000| PB 0x0000000706200000| Complete 
|  30|0x0000000706400000, 0x0000000706400000, 0x0000000706600000|  0%| F|  |TAMS 0x0000000706400000| PB 0x0000000706400000| Untracked 
|  31|0x0000000706600000, 0x0000000706600000, 0x0000000706800000|  0%| F|  |TAMS 0x0000000706600000| PB 0x0000000706600000| Untracked 
|  32|0x0000000706800000, 0x0000000706a00000, 0x0000000706a00000|100%| S|CS|TAMS 0x0000000706800000| PB 0x0000000706800000| Complete 
|  33|0x0000000706a00000, 0x0000000706c00000, 0x0000000706c00000|100%| S|CS|TAMS 0x0000000706a00000| PB 0x0000000706a00000| Complete 
|  34|0x0000000706c00000, 0x0000000706c00000, 0x0000000706e00000|  0%| F|  |TAMS 0x0000000706c00000| PB 0x0000000706c00000| Untracked 
|  35|0x0000000706e00000, 0x0000000707000000, 0x0000000707000000|100%| S|CS|TAMS 0x0000000706e00000| PB 0x0000000706e00000| Complete 
|  36|0x0000000707000000, 0x0000000707000000, 0x0000000707200000|  0%| F|  |TAMS 0x0000000707000000| PB 0x0000000707000000| Untracked 
|  37|0x0000000707200000, 0x0000000707200000, 0x0000000707400000|  0%| F|  |TAMS 0x0000000707200000| PB 0x0000000707200000| Untracked 
|  38|0x0000000707400000, 0x0000000707400000, 0x0000000707600000|  0%| F|  |TAMS 0x0000000707400000| PB 0x0000000707400000| Untracked 
|  39|0x0000000707600000, 0x0000000707600000, 0x0000000707800000|  0%| F|  |TAMS 0x0000000707600000| PB 0x0000000707600000| Untracked 
|  40|0x0000000707800000, 0x0000000707800000, 0x0000000707a00000|  0%| F|  |TAMS 0x0000000707800000| PB 0x0000000707800000| Untracked 
|  41|0x0000000707a00000, 0x0000000707a00000, 0x0000000707c00000|  0%| F|  |TAMS 0x0000000707a00000| PB 0x0000000707a00000| Untracked 
|  42|0x0000000707c00000, 0x0000000707c00000, 0x0000000707e00000|  0%| F|  |TAMS 0x0000000707c00000| PB 0x0000000707c00000| Untracked 
|  43|0x0000000707e00000, 0x0000000707e00000, 0x0000000708000000|  0%| F|  |TAMS 0x0000000707e00000| PB 0x0000000707e00000| Untracked 
|  44|0x0000000708000000, 0x0000000708000000, 0x0000000708200000|  0%| F|  |TAMS 0x0000000708000000| PB 0x0000000708000000| Untracked 
|  45|0x0000000708200000, 0x0000000708200000, 0x0000000708400000|  0%| F|  |TAMS 0x0000000708200000| PB 0x0000000708200000| Untracked 
|  46|0x0000000708400000, 0x0000000708400000, 0x0000000708600000|  0%| F|  |TAMS 0x0000000708400000| PB 0x0000000708400000| Untracked 
|  47|0x0000000708600000, 0x0000000708600000, 0x0000000708800000|  0%| F|  |TAMS 0x0000000708600000| PB 0x0000000708600000| Untracked 
|  48|0x0000000708800000, 0x0000000708800000, 0x0000000708a00000|  0%| F|  |TAMS 0x0000000708800000| PB 0x0000000708800000| Untracked 
|  49|0x0000000708a00000, 0x0000000708a00000, 0x0000000708c00000|  0%| F|  |TAMS 0x0000000708a00000| PB 0x0000000708a00000| Untracked 
|  50|0x0000000708c00000, 0x0000000708c00000, 0x0000000708e00000|  0%| F|  |TAMS 0x0000000708c00000| PB 0x0000000708c00000| Untracked 
|  51|0x0000000708e00000, 0x0000000708e00000, 0x0000000709000000|  0%| F|  |TAMS 0x0000000708e00000| PB 0x0000000708e00000| Untracked 
|  52|0x0000000709000000, 0x0000000709000000, 0x0000000709200000|  0%| F|  |TAMS 0x0000000709000000| PB 0x0000000709000000| Untracked 
|  53|0x0000000709200000, 0x0000000709200000, 0x0000000709400000|  0%| F|  |TAMS 0x0000000709200000| PB 0x0000000709200000| Untracked 
|  54|0x0000000709400000, 0x0000000709400000, 0x0000000709600000|  0%| F|  |TAMS 0x0000000709400000| PB 0x0000000709400000| Untracked 
|  55|0x0000000709600000, 0x0000000709600000, 0x0000000709800000|  0%| F|  |TAMS 0x0000000709600000| PB 0x0000000709600000| Untracked 
|  56|0x0000000709800000, 0x0000000709800000, 0x0000000709a00000|  0%| F|  |TAMS 0x0000000709800000| PB 0x0000000709800000| Untracked 
|  57|0x0000000709a00000, 0x0000000709a00000, 0x0000000709c00000|  0%| F|  |TAMS 0x0000000709a00000| PB 0x0000000709a00000| Untracked 
|  58|0x0000000709c00000, 0x0000000709c00000, 0x0000000709e00000|  0%| F|  |TAMS 0x0000000709c00000| PB 0x0000000709c00000| Untracked 
|  59|0x0000000709e00000, 0x0000000709e00000, 0x000000070a000000|  0%| F|  |TAMS 0x0000000709e00000| PB 0x0000000709e00000| Untracked 
|  60|0x000000070a000000, 0x000000070a000000, 0x000000070a200000|  0%| F|  |TAMS 0x000000070a000000| PB 0x000000070a000000| Untracked 
|  61|0x000000070a200000, 0x000000070a200000, 0x000000070a400000|  0%| F|  |TAMS 0x000000070a200000| PB 0x000000070a200000| Untracked 
|  62|0x000000070a400000, 0x000000070a400000, 0x000000070a600000|  0%| F|  |TAMS 0x000000070a400000| PB 0x000000070a400000| Untracked 
|  63|0x000000070a600000, 0x000000070a600000, 0x000000070a800000|  0%| F|  |TAMS 0x000000070a600000| PB 0x000000070a600000| Untracked 
|  64|0x000000070a800000, 0x000000070a800000, 0x000000070aa00000|  0%| F|  |TAMS 0x000000070a800000| PB 0x000000070a800000| Untracked 
|  65|0x000000070aa00000, 0x000000070aa00000, 0x000000070ac00000|  0%| F|  |TAMS 0x000000070aa00000| PB 0x000000070aa00000| Untracked 
|  66|0x000000070ac00000, 0x000000070ac00000, 0x000000070ae00000|  0%| F|  |TAMS 0x000000070ac00000| PB 0x000000070ac00000| Untracked 
|  67|0x000000070ae00000, 0x000000070ae00000, 0x000000070b000000|  0%| F|  |TAMS 0x000000070ae00000| PB 0x000000070ae00000| Untracked 
| 126|0x0000000712400000, 0x00000007124e9450, 0x0000000712600000| 45%| E|  |TAMS 0x0000000712400000| PB 0x0000000712400000| Complete 

Card table byte_map: [0x00000240ff7c0000,0x00000240fffb0000] _byte_map_base: 0x00000240fbfac000

Marking Bits: (CMBitMap*) 0x00000240f486e6a0
 Bits: [0x0000024083000000, 0x0000024086f60000)

Polling page: 0x00000240f49c0000

Metaspace:

Usage:
  Non-class:     84.40 MB used.
      Class:     13.48 MB used.
       Both:     97.88 MB used.

Virtual space:
  Non-class space:      128.00 MB reserved,      84.94 MB ( 66%) committed,  2 nodes.
      Class space:        1.00 GB reserved,      13.94 MB (  1%) committed,  1 nodes.
             Both:        1.12 GB reserved,      98.88 MB (  9%) committed. 

Chunk freelists:
   Non-Class:  10.98 MB
       Class:  2.11 MB
        Both:  13.09 MB

MaxMetaspaceSize: unlimited
CompressedClassSpaceSize: 1.00 GB
Initial GC threshold: 21.00 MB
Current GC threshold: 146.06 MB
CDS: on
 - commit_granule_bytes: 65536.
 - commit_granule_words: 8192.
 - virtual_space_node_default_size: 8388608.
 - enlarge_chunks_in_place: 1.
 - use_allocation_guard: 0.


Internal statistics:

num_allocs_failed_limit: 12.
num_arena_births: 1588.
num_arena_deaths: 0.
num_vsnodes_births: 3.
num_vsnodes_deaths: 0.
num_space_committed: 1582.
num_space_uncommitted: 0.
num_chunks_returned_to_freelist: 12.
num_chunks_taken_from_freelist: 5160.
num_chunk_merges: 3.
num_chunk_splits: 3803.
num_chunks_enlarged: 2977.
num_inconsistent_stats: 0.

CodeCache: size=49152Kb used=15345Kb max_used=15345Kb free=33806Kb
 bounds [0x0000024080000000, 0x0000024080f00000, 0x0000024083000000]
 total_blobs=8067 nmethods=7200 adapters=787
 compilation: enabled
              stopped_count=0, restarted_count=0
 full_count=0

Compilation events (20 events):
Event: 25.533 Thread 0x00000240cf4c1760 nmethod 8376 0x0000024080ef8810 code [0x0000024080ef8a40, 0x0000024080ef8f10]
Event: 25.534 Thread 0x0000024089cb59f0 nmethod 8377 0x0000024080ef9210 code [0x0000024080ef9480, 0x0000024080ef9d18]
Event: 25.535 Thread 0x0000024089a5ee30 8379       1       org.apache.kafka.common.message.ApiVersionsResponseData$ApiVersion::setNext (6 bytes)
Event: 25.535 Thread 0x00000240cf4be410 8380       1       org.apache.kafka.common.utils.ImplicitLinkedHashCollection::slot (11 bytes)
Event: 25.535 Thread 0x0000024089cb59f0 8381       1       org.apache.kafka.common.message.ApiVersionsResponseData$ApiVersion::hashCode (14 bytes)
Event: 25.535 Thread 0x00000240cf4c1760 8382       1       org.apache.kafka.common.utils.ImplicitLinkedHashCollection::reseat (143 bytes)
Event: 25.535 Thread 0x0000024089cb59f0 nmethod 8381 0x0000024080efa190 code [0x0000024080efa320, 0x0000024080efa3e8]
Event: 25.535 Thread 0x00000240cf4be410 nmethod 8380 0x0000024080efa490 code [0x0000024080efa640, 0x0000024080efa768]
Event: 25.535 Thread 0x0000024089a5ee30 nmethod 8379 0x0000024080efa890 code [0x0000024080efaa20, 0x0000024080efaae8]
Event: 25.535 Thread 0x0000024089a5ee30 8383       1       org.apache.kafka.common.utils.ImplicitLinkedHashCollection::indexToElement (11 bytes)
Event: 25.535 Thread 0x0000024089cb59f0 8384       1       org.apache.kafka.common.message.ApiVersionsResponseData$ApiVersion::next (5 bytes)
Event: 25.535 Thread 0x00000240cf4be410 8385       1       org.apache.kafka.common.message.ApiVersionsResponseData$ApiVersion::setPrev (6 bytes)
Event: 25.535 Thread 0x0000024089a5ee30 nmethod 8383 0x0000024080efab90 code [0x0000024080efad40, 0x0000024080efae48]
Event: 25.535 Thread 0x0000024089cb59f0 nmethod 8384 0x0000024080efaf10 code [0x0000024080efb0a0, 0x0000024080efb168]
Event: 25.535 Thread 0x0000024089cb59f0 8386       1       org.apache.kafka.common.utils.ImplicitLinkedHashCollection::access$000 (5 bytes)
Event: 25.535 Thread 0x0000024089a5ee30 8387       1       org.apache.kafka.common.message.ApiVersionsResponseData$ApiVersion::prev (5 bytes)
Event: 25.535 Thread 0x00000240cf4be410 nmethod 8385 0x0000024080efb210 code [0x0000024080efb3a0, 0x0000024080efb468]
Event: 25.535 Thread 0x00000240cf4c1760 nmethod 8382 0x0000024080efb510 code [0x0000024080efb720, 0x0000024080efbc38]
Event: 25.535 Thread 0x0000024089a5ee30 nmethod 8387 0x0000024080efbf90 code [0x0000024080efc120, 0x0000024080efc1e8]
Event: 25.535 Thread 0x0000024089cb59f0 nmethod 8386 0x0000024080efc290 code [0x0000024080efc420, 0x0000024080efc4d0]

GC Heap History (20 events):
Event: 19.835 GC heap before
{Heap before GC invocations=20 (full 0):
 garbage-first heap   total 96256K, used 85302K [0x0000000702800000, 0x0000000800000000)
  region size 2048K, 23 young (47104K), 2 survivors (4096K)
 Metaspace       used 77652K, committed 78464K, reserved 1179648K
  class space    used 11024K, committed 11392K, reserved 1048576K
}
Event: 19.842 GC heap after
{Heap after GC invocations=21 (full 0):
 garbage-first heap   total 116736K, used 44023K [0x0000000702800000, 0x0000000800000000)
  region size 2048K, 2 young (4096K), 2 survivors (4096K)
 Metaspace       used 77652K, committed 78464K, reserved 1179648K
  class space    used 11024K, committed 11392K, reserved 1048576K
}
Event: 20.885 GC heap before
{Heap before GC invocations=21 (full 0):
 garbage-first heap   total 116736K, used 103415K [0x0000000702800000, 0x0000000800000000)
  region size 2048K, 31 young (63488K), 2 survivors (4096K)
 Metaspace       used 79231K, committed 80000K, reserved 1179648K
  class space    used 11242K, committed 11584K, reserved 1048576K
}
Event: 20.894 GC heap after
{Heap after GC invocations=22 (full 0):
 garbage-first heap   total 116736K, used 46384K [0x0000000702800000, 0x0000000800000000)
  region size 2048K, 4 young (8192K), 4 survivors (8192K)
 Metaspace       used 79231K, committed 80000K, reserved 1179648K
  class space    used 11242K, committed 11584K, reserved 1048576K
}
Event: 21.620 GC heap before
{Heap before GC invocations=22 (full 0):
 garbage-first heap   total 116736K, used 97584K [0x0000000702800000, 0x0000000800000000)
  region size 2048K, 29 young (59392K), 4 survivors (8192K)
 Metaspace       used 79843K, committed 80640K, reserved 1179648K
  class space    used 11345K, committed 11712K, reserved 1048576K
}
Event: 21.630 GC heap after
{Heap after GC invocations=23 (full 0):
 garbage-first heap   total 116736K, used 47821K [0x0000000702800000, 0x0000000800000000)
  region size 2048K, 3 young (6144K), 3 survivors (6144K)
 Metaspace       used 79843K, committed 80640K, reserved 1179648K
  class space    used 11345K, committed 11712K, reserved 1048576K
}
Event: 22.226 GC heap before
{Heap before GC invocations=24 (full 0):
 garbage-first heap   total 116736K, used 99021K [0x0000000702800000, 0x0000000800000000)
  region size 2048K, 28 young (57344K), 3 survivors (6144K)
 Metaspace       used 80399K, committed 81280K, reserved 1179648K
  class space    used 11427K, committed 11840K, reserved 1048576K
}
Event: 22.234 GC heap after
{Heap after GC invocations=25 (full 0):
 garbage-first heap   total 116736K, used 49600K [0x0000000702800000, 0x0000000800000000)
  region size 2048K, 4 young (8192K), 4 survivors (8192K)
 Metaspace       used 80399K, committed 81280K, reserved 1179648K
  class space    used 11427K, committed 11840K, reserved 1048576K
}
Event: 22.948 GC heap before
{Heap before GC invocations=25 (full 0):
 garbage-first heap   total 116736K, used 96704K [0x0000000702800000, 0x0000000800000000)
  region size 2048K, 27 young (55296K), 4 survivors (8192K)
 Metaspace       used 85435K, committed 86336K, reserved 1179648K
  class space    used 12099K, committed 12544K, reserved 1048576K
}
Event: 22.957 GC heap after
{Heap after GC invocations=26 (full 0):
 garbage-first heap   total 116736K, used 51649K [0x0000000702800000, 0x0000000800000000)
  region size 2048K, 3 young (6144K), 3 survivors (6144K)
 Metaspace       used 85435K, committed 86336K, reserved 1179648K
  class space    used 12099K, committed 12544K, reserved 1048576K
}
Event: 23.381 GC heap before
{Heap before GC invocations=26 (full 0):
 garbage-first heap   total 116736K, used 100801K [0x0000000702800000, 0x0000000800000000)
  region size 2048K, 27 young (55296K), 3 survivors (6144K)
 Metaspace       used 86035K, committed 86976K, reserved 1179648K
  class space    used 12215K, committed 12672K, reserved 1048576K
}
Event: 23.387 GC heap after
{Heap after GC invocations=27 (full 0):
 garbage-first heap   total 116736K, used 53005K [0x0000000702800000, 0x0000000800000000)
  region size 2048K, 2 young (4096K), 2 survivors (4096K)
 Metaspace       used 86035K, committed 86976K, reserved 1179648K
  class space    used 12215K, committed 12672K, reserved 1048576K
}
Event: 23.848 GC heap before
{Heap before GC invocations=28 (full 0):
 garbage-first heap   total 116736K, used 102157K [0x0000000702800000, 0x0000000800000000)
  region size 2048K, 27 young (55296K), 2 survivors (4096K)
 Metaspace       used 86895K, committed 87808K, reserved 1179648K
  class space    used 12337K, committed 12736K, reserved 1048576K
}
Event: 23.854 GC heap after
{Heap after GC invocations=29 (full 0):
 garbage-first heap   total 116736K, used 54515K [0x0000000702800000, 0x0000000800000000)
  region size 2048K, 3 young (6144K), 3 survivors (6144K)
 Metaspace       used 86895K, committed 87808K, reserved 1179648K
  class space    used 12337K, committed 12736K, reserved 1048576K
}
Event: 24.179 GC heap before
{Heap before GC invocations=29 (full 0):
 garbage-first heap   total 116736K, used 101619K [0x0000000702800000, 0x0000000800000000)
  region size 2048K, 26 young (53248K), 3 survivors (6144K)
 Metaspace       used 87479K, committed 88384K, reserved 1179648K
  class space    used 12416K, committed 12800K, reserved 1048576K
}
Event: 24.187 GC heap after
{Heap after GC invocations=30 (full 0):
 garbage-first heap   total 116736K, used 56703K [0x0000000702800000, 0x0000000800000000)
  region size 2048K, 3 young (6144K), 3 survivors (6144K)
 Metaspace       used 87479K, committed 88384K, reserved 1179648K
  class space    used 12416K, committed 12800K, reserved 1048576K
}
Event: 24.565 GC heap before
{Heap before GC invocations=30 (full 0):
 garbage-first heap   total 116736K, used 101759K [0x0000000702800000, 0x0000000800000000)
  region size 2048K, 25 young (51200K), 3 survivors (6144K)
 Metaspace       used 88265K, committed 89216K, reserved 1179648K
  class space    used 12552K, committed 12992K, reserved 1048576K
}
Event: 24.571 GC heap after
{Heap after GC invocations=31 (full 0):
 garbage-first heap   total 141312K, used 58221K [0x0000000702800000, 0x0000000800000000)
  region size 2048K, 3 young (6144K), 3 survivors (6144K)
 Metaspace       used 88265K, committed 89216K, reserved 1179648K
  class space    used 12552K, committed 12992K, reserved 1048576K
}
Event: 25.522 GC heap before
{Heap before GC invocations=32 (full 0):
 garbage-first heap   total 141312K, used 123757K [0x0000000702800000, 0x0000000800000000)
  region size 2048K, 36 young (73728K), 3 survivors (6144K)
 Metaspace       used 100015K, committed 101056K, reserved 1179648K
  class space    used 13796K, committed 14272K, reserved 1048576K
}
Event: 25.532 GC heap after
{Heap after GC invocations=33 (full 0):
 garbage-first heap   total 141312K, used 63221K [0x0000000702800000, 0x0000000800000000)
  region size 2048K, 5 young (10240K), 5 survivors (10240K)
 Metaspace       used 100015K, committed 101056K, reserved 1179648K
  class space    used 13796K, committed 14272K, reserved 1048576K
}

Dll operation events (13 events):
Event: 0.017 Loaded shared library C:\Users\Admin\.jdks\openjdk-21.0.2\bin\java.dll
Event: 0.344 Loaded shared library C:\Users\Admin\.jdks\openjdk-21.0.2\bin\zip.dll
Event: 0.350 Loaded shared library C:\Users\Admin\.jdks\openjdk-21.0.2\bin\instrument.dll
Event: 0.360 Loaded shared library C:\Users\Admin\.jdks\openjdk-21.0.2\bin\net.dll
Event: 0.364 Loaded shared library C:\Users\Admin\.jdks\openjdk-21.0.2\bin\nio.dll
Event: 0.370 Loaded shared library C:\Users\Admin\.jdks\openjdk-21.0.2\bin\zip.dll
Event: 0.607 Loaded shared library D:\Program Files\JetBrains\IntelliJ IDEA 2023.3.2\bin\breakgen64.dll
Event: 0.617 Loaded shared library C:\Users\Admin\.jdks\openjdk-21.0.2\bin\jimage.dll
Event: 0.625 Loaded shared library C:\Users\Admin\.jdks\openjdk-21.0.2\bin\extnet.dll
Event: 0.653 Loaded shared library C:\Users\Admin\.jdks\openjdk-21.0.2\bin\management.dll
Event: 0.676 Loaded shared library C:\Users\Admin\.jdks\openjdk-21.0.2\bin\management_ext.dll
Event: 4.908 Loaded shared library C:\Users\Admin\.jdks\openjdk-21.0.2\bin\sunmscapi.dll
Event: 10.680 Loaded shared library C:\Users\Admin\.jdks\openjdk-21.0.2\bin\verify.dll

Deoptimization events (14 events):
Event: 11.626 Thread 0x00000240cff6ee90 DEOPT PACKING pc=0x0000024080a92a0c sp=0x00000067900fdbb0
Event: 11.626 Thread 0x00000240cff6ee90 DEOPT UNPACKING pc=0x0000024080054e42 sp=0x00000067900fd158 mode 0
Event: 15.885 Thread 0x00000240cfcd3530 DEOPT PACKING pc=0x0000024080bf13bc sp=0x000000678fdfeee0
Event: 15.885 Thread 0x00000240cfcd3530 DEOPT UNPACKING pc=0x0000024080054e42 sp=0x000000678fdfe378 mode 0
Event: 18.322 Thread 0x00000240cff6ee90 DEOPT PACKING pc=0x00000240806c6a01 sp=0x00000067900fbcb0
Event: 18.322 Thread 0x00000240cff6ee90 DEOPT UNPACKING pc=0x0000024080054e42 sp=0x00000067900fb1b8 mode 3
Event: 18.525 Thread 0x00000240cff6ee90 DEOPT PACKING pc=0x00000240806a73c4 sp=0x00000067900fc320
Event: 18.525 Thread 0x00000240cff6ee90 DEOPT UNPACKING pc=0x0000024080054e42 sp=0x00000067900fb878 mode 0
Event: 25.153 Thread 0x00000240cfcd3530 DEOPT PACKING pc=0x0000024080bf2724 sp=0x000000678fdfeda0
Event: 25.153 Thread 0x00000240cfcd3530 DEOPT UNPACKING pc=0x0000024080054e42 sp=0x000000678fdfe2c8 mode 0
Event: 25.153 Thread 0x00000240cfcd3530 DEOPT PACKING pc=0x00000240805c5f5c sp=0x000000678fdff070
Event: 25.153 Thread 0x00000240cfcd3530 DEOPT UNPACKING pc=0x0000024080054e42 sp=0x000000678fdfe5a8 mode 0
Event: 25.533 Thread 0x0000024089a19270 DEOPT PACKING pc=0x00000240806bafa4 sp=0x000000678f0fef40
Event: 25.533 Thread 0x0000024089a19270 DEOPT UNPACKING pc=0x0000024080054e42 sp=0x000000678f0fe488 mode 0

Classes loaded (20 events):
Event: 25.430 Loading class sun/nio/ch/SelectionKeyImpl
Event: 25.430 Loading class java/nio/channels/spi/AbstractSelectionKey
Event: 25.430 Loading class java/nio/channels/SelectionKey
Event: 25.430 Loading class java/nio/channels/SelectionKey done
Event: 25.430 Loading class java/nio/channels/spi/AbstractSelectionKey done
Event: 25.431 Loading class sun/nio/ch/SelectionKeyImpl done
Event: 25.431 Loading class java/lang/invoke/ConstantBootstraps
Event: 25.431 Loading class java/lang/invoke/ConstantBootstraps done
Event: 25.438 Loading class javax/net/ssl/SSLPeerUnverifiedException
Event: 25.439 Loading class javax/net/ssl/SSLPeerUnverifiedException done
Event: 25.448 Loading class java/util/function/LongSupplier
Event: 25.448 Loading class java/util/function/LongSupplier done
Event: 25.487 Loading class sun/nio/ch/IOVecWrapper
Event: 25.487 Loading class sun/nio/ch/IOVecWrapper done
Event: 25.487 Loading class sun/nio/ch/AllocatedNativeObject
Event: 25.487 Loading class sun/nio/ch/NativeObject
Event: 25.487 Loading class sun/nio/ch/NativeObject done
Event: 25.487 Loading class sun/nio/ch/AllocatedNativeObject done
Event: 25.487 Loading class sun/nio/ch/IOVecWrapper$Deallocator
Event: 25.487 Loading class sun/nio/ch/IOVecWrapper$Deallocator done

Classes unloaded (0 events):
No events

Classes redefined (0 events):
No events

Internal exceptions (20 events):
Event: 24.575 Thread 0x00000240cff6ee90 Exception <a 'java/lang/NoSuchMethodError'{0x000000071246e4c0}: 'double java.lang.invoke.DelegatingMethodHandle$Holder.reinvoke_L(java.lang.Object, java.lang.Object)'> (0x000000071246e4c0) 
thrown [s\open\src\hotspot\share\interpreter\linkResolver.cpp, line 773]
Event: 24.575 Thread 0x00000240cff6ee90 Exception <a 'java/lang/NoSuchMethodError'{0x0000000712478fb0}: 'void java.lang.invoke.DirectMethodHandle$Holder.invokeVirtual(java.lang.Object, java.lang.Object, double)'> (0x0000000712478fb0) 
thrown [s\open\src\hotspot\share\interpreter\linkResolver.cpp, line 773]
Event: 24.576 Thread 0x00000240cff6ee90 Exception <a 'java/lang/NoSuchMethodError'{0x00000007124834d8}: 'double java.lang.invoke.DelegatingMethodHandle$Holder.reinvoke_L(java.lang.Object, java.lang.Object, int)'> (0x00000007124834d8) 
thrown [s\open\src\hotspot\share\interpreter\linkResolver.cpp, line 773]
Event: 24.576 Thread 0x00000240cff6ee90 Exception <a 'java/lang/NoSuchMethodError'{0x000000071248cea8}: 'void java.lang.invoke.DelegatingMethodHandle$Holder.reinvoke_L(java.lang.Object, java.lang.Object, double)'> (0x000000071248cea8) 
thrown [s\open\src\hotspot\share\interpreter\linkResolver.cpp, line 773]
Event: 24.577 Thread 0x00000240cff6ee90 Exception <a 'java/lang/NoSuchMethodError'{0x000000071249a218}: 'long java.lang.invoke.DelegatingMethodHandle$Holder.reinvoke_L(java.lang.Object, java.lang.Object)'> (0x000000071249a218) 
thrown [s\open\src\hotspot\share\interpreter\linkResolver.cpp, line 773]
Event: 24.578 Thread 0x00000240cff6ee90 Exception <a 'java/lang/NoSuchMethodError'{0x00000007124a4028}: 'long java.lang.invoke.DirectMethodHandle$Holder.invokeStatic(java.lang.Object, java.lang.Object, int)'> (0x00000007124a4028) 
thrown [s\open\src\hotspot\share\interpreter\linkResolver.cpp, line 773]
Event: 24.578 Thread 0x00000240cff6ee90 Exception <a 'java/lang/NoSuchMethodError'{0x00000007124adec0}: 'void java.lang.invoke.DelegatingMethodHandle$Holder.reinvoke_L(java.lang.Object, java.lang.Object, long)'> (0x00000007124adec0) 
thrown [s\open\src\hotspot\share\interpreter\linkResolver.cpp, line 773]
Event: 24.580 Thread 0x00000240cff6ee90 Exception <a 'java/lang/NoSuchMethodError'{0x00000007124c7c18}: 'float java.lang.invoke.DirectMethodHandle$Holder.invokeVirtual(java.lang.Object, java.lang.Object)'> (0x00000007124c7c18) 
thrown [s\open\src\hotspot\share\interpreter\linkResolver.cpp, line 773]
Event: 24.580 Thread 0x00000240cff6ee90 Exception <a 'java/lang/NoSuchMethodError'{0x00000007124ceb00}: 'float java.lang.invoke.DelegatingMethodHandle$Holder.reinvoke_L(java.lang.Object, java.lang.Object)'> (0x00000007124ceb00) 
thrown [s\open\src\hotspot\share\interpreter\linkResolver.cpp, line 773]
Event: 24.581 Thread 0x00000240cff6ee90 Exception <a 'java/lang/NoSuchMethodError'{0x00000007124d9698}: 'void java.lang.invoke.DirectMethodHandle$Holder.invokeVirtual(java.lang.Object, java.lang.Object, float)'> (0x00000007124d9698) 
thrown [s\open\src\hotspot\share\interpreter\linkResolver.cpp, line 773]
Event: 24.582 Thread 0x00000240cff6ee90 Exception <a 'java/lang/NoSuchMethodError'{0x00000007124e3bb8}: 'float java.lang.invoke.DelegatingMethodHandle$Holder.reinvoke_L(java.lang.Object, java.lang.Object, int)'> (0x00000007124e3bb8) 
thrown [s\open\src\hotspot\share\interpreter\linkResolver.cpp, line 773]
Event: 24.582 Thread 0x00000240cff6ee90 Exception <a 'java/lang/NoSuchMethodError'{0x00000007124ed588}: 'void java.lang.invoke.DelegatingMethodHandle$Holder.reinvoke_L(java.lang.Object, java.lang.Object, float)'> (0x00000007124ed588) 
thrown [s\open\src\hotspot\share\interpreter\linkResolver.cpp, line 773]
Event: 24.621 Thread 0x00000240cff6ee90 Exception <a 'java/lang/NoSuchMethodError'{0x000000070ae790c0}: 'void java.lang.invoke.DirectMethodHandle$Holder.invokeStatic(java.lang.Object, java.lang.Object, double)'> (0x000000070ae790c0) 
thrown [s\open\src\hotspot\share\interpreter\linkResolver.cpp, line 773]
Event: 24.631 Thread 0x00000240cff6ee90 Exception <a 'java/lang/NoSuchMethodError'{0x000000070aee5520}: 'double java.lang.invoke.DirectMethodHandle$Holder.invokeStatic(java.lang.Object, java.lang.Object, java.lang.Object)'> (0x000000070aee5520) 
thrown [s\open\src\hotspot\share\interpreter\linkResolver.cpp, line 773]
Event: 24.673 Thread 0x00000240cff6ee90 Exception <a 'java/lang/IncompatibleClassChangeError'{0x000000070afa27b0}: Found class java.lang.Object, but interface was expected> (0x000000070afa27b0) 
thrown [s\open\src\hotspot\share\interpreter\linkResolver.cpp, line 840]
Event: 24.692 Thread 0x00000240cff6ee90 Exception <a 'java/lang/NoSuchMethodError'{0x000000070acd9f20}: 'java.lang.Object java.lang.invoke.DirectMethodHandle$Holder.newInvokeSpecial(java.lang.Object, java.lang.Object, int, java.lang.Object, java.lang.Object)'> (0x000000070acd9f20) 
thrown [s\open\src\hotspot\share\interpreter\linkResolver.cpp, line 773]
Event: 24.962 Thread 0x00000240cff6ee90 Exception <a 'java/lang/NoSuchMethodError'{0x0000000709f612c8}: 'double java.lang.invoke.DirectMethodHandle$Holder.invokeStatic(java.lang.Object, java.lang.Object, java.lang.Object, long)'> (0x0000000709f612c8) 
thrown [s\open\src\hotspot\share\interpreter\linkResolver.cpp, line 773]
Event: 25.160 Thread 0x00000240cfcd3530 Exception <a 'java/lang/NoSuchMethodError'{0x000000070916cb18}: 'java.lang.Object java.lang.invoke.DirectMethodHandle$Holder.invokeInterface(java.lang.Object, java.lang.Object, java.lang.Object, java.lang.Object, java.lang.Object, java.lang.Object, java.lang.Object)'> (0x000000070916cb18) 
thrown [s\open\src\hotspot\share\interpreter\linkResolver.cpp, line 773]
Event: 25.344 Thread 0x00000240d366d0f0 Exception <a 'java/lang/NoSuchMethodError'{0x0000000708014900}: 'int java.lang.invoke.DirectMethodHandle$Holder.invokeInterface(java.lang.Object, java.lang.Object, int)'> (0x0000000708014900) 
thrown [s\open\src\hotspot\share\interpreter\linkResolver.cpp, line 773]
Event: 25.486 Thread 0x00000240d3671290 Exception <a 'java/lang/NoSuchMethodError'{0x0000000707413490}: 'java.lang.Object java.lang.invoke.DirectMethodHandle$Holder.newInvokeSpecial(java.lang.Object, java.lang.Object, long)'> (0x0000000707413490) 
thrown [s\open\src\hotspot\share\interpreter\linkResolver.cpp, line 773]

ZGC Phase Switch (0 events):
No events

VM Operations (20 events):
Event: 24.676 Executing VM operation: G1PauseCleanup
Event: 24.676 Executing VM operation: G1PauseCleanup done
Event: 24.691 Executing VM operation: HandshakeAllThreads (Deoptimize)
Event: 24.691 Executing VM operation: HandshakeAllThreads (Deoptimize) done
Event: 24.786 Executing VM operation: HandshakeAllThreads (Deoptimize)
Event: 24.786 Executing VM operation: HandshakeAllThreads (Deoptimize) done
Event: 24.792 Executing VM operation: HandshakeAllThreads (Deoptimize)
Event: 24.792 Executing VM operation: HandshakeAllThreads (Deoptimize) done
Event: 24.918 Executing VM operation: HandshakeAllThreads (Deoptimize)
Event: 24.918 Executing VM operation: HandshakeAllThreads (Deoptimize) done
Event: 25.030 Executing VM operation: HandshakeAllThreads (Deoptimize)
Event: 25.030 Executing VM operation: HandshakeAllThreads (Deoptimize) done
Event: 25.164 Executing VM operation: HandshakeAllThreads (Deoptimize)
Event: 25.164 Executing VM operation: HandshakeAllThreads (Deoptimize) done
Event: 25.204 Executing VM operation: HandshakeAllThreads (Deoptimize)
Event: 25.204 Executing VM operation: HandshakeAllThreads (Deoptimize) done
Event: 25.356 Executing VM operation: HandshakeAllThreads (Deoptimize)
Event: 25.357 Executing VM operation: HandshakeAllThreads (Deoptimize) done
Event: 25.522 Executing VM operation: G1CollectForAllocation (G1 Evacuation Pause)
Event: 25.533 Executing VM operation: G1CollectForAllocation (G1 Evacuation Pause) done

Events (20 events):
Event: 25.154 Thread 0x00000240d3672cd0 Thread added: 0x00000240d3672cd0
Event: 25.157 Thread 0x00000240d3672cd0 Thread exited: 0x00000240d3672cd0
Event: 25.157 Thread 0x00000240d366eb30 Thread added: 0x00000240d366eb30
Event: 25.160 Thread 0x00000240d366d0f0 Thread added: 0x00000240d366d0f0
Event: 25.161 Thread 0x00000240d366f1c0 Thread added: 0x00000240d366f1c0
Event: 25.165 Thread 0x00000240d366eb30 Thread exited: 0x00000240d366eb30
Event: 25.166 Thread 0x00000240d3674710 Thread added: 0x00000240d3674710
Event: 25.168 Thread 0x00000240d366f1c0 Thread exited: 0x00000240d366f1c0
Event: 25.170 Thread 0x00000240d3672cd0 Thread added: 0x00000240d3672cd0
Event: 25.171 Thread 0x00000240d3674710 Thread exited: 0x00000240d3674710
Event: 25.319 Thread 0x00000240d3672cd0 Thread exited: 0x00000240d3672cd0
Event: 25.320 Thread 0x00000240d3672cd0 Thread added: 0x00000240d3672cd0
Event: 25.320 Thread 0x00000240d366eb30 Thread added: 0x00000240d366eb30
Event: 25.326 Thread 0x00000240d366eb30 Thread exited: 0x00000240d366eb30
Event: 25.326 Thread 0x00000240d3672cd0 Thread exited: 0x00000240d3672cd0
Event: 25.327 Thread 0x00000240d3674710 Thread added: 0x00000240d3674710
Event: 25.328 Thread 0x00000240d366eb30 Thread added: 0x00000240d366eb30
Event: 25.361 Thread 0x00000240d3672cd0 Thread added: 0x00000240d3672cd0
Event: 25.376 Thread 0x00000240d3674710 Thread exited: 0x00000240d3674710
Event: 25.388 Thread 0x00000240d366f1c0 Thread added: 0x00000240d366f1c0


Dynamic libraries:
0x00007ff70c3e0000 - 0x00007ff70c3ee000 	C:\Users\Admin\.jdks\openjdk-21.0.2\bin\java.exe
0x00007ff9737d0000 - 0x00007ff9739e7000 	C:\WINDOWS\SYSTEM32\ntdll.dll
0x00007ff971a10000 - 0x00007ff971ad4000 	C:\WINDOWS\System32\KERNEL32.DLL
0x00007ff971060000 - 0x00007ff971433000 	C:\WINDOWS\System32\KERNELBASE.dll
0x00007ff970e00000 - 0x00007ff970f11000 	C:\WINDOWS\System32\ucrtbase.dll
0x00007ff967aa0000 - 0x00007ff967abb000 	C:\Users\Admin\.jdks\openjdk-21.0.2\bin\VCRUNTIME140.dll
0x00007ff96a610000 - 0x00007ff96a628000 	C:\Users\Admin\.jdks\openjdk-21.0.2\bin\jli.dll
0x00007ff972610000 - 0x00007ff9727c1000 	C:\WINDOWS\System32\USER32.dll
0x00007ff9595a0000 - 0x00007ff959838000 	C:\WINDOWS\WinSxS\amd64_microsoft.windows.common-controls_6595b64144ccf1df_6.0.22621.5124_none_270e8f4f7386d69d\COMCTL32.dll
0x00007ff972860000 - 0x00007ff972907000 	C:\WINDOWS\System32\msvcrt.dll
0x00007ff970a80000 - 0x00007ff970aa6000 	C:\WINDOWS\System32\win32u.dll
0x00007ff972a30000 - 0x00007ff972a59000 	C:\WINDOWS\System32\GDI32.dll
0x00007ff9708e0000 - 0x00007ff9709fb000 	C:\WINDOWS\System32\gdi32full.dll
0x00007ff970b30000 - 0x00007ff970bca000 	C:\WINDOWS\System32\msvcp_win.dll
0x00007ff971ae0000 - 0x00007ff971b11000 	C:\WINDOWS\System32\IMM32.DLL
0x00007ff96c280000 - 0x00007ff96c28c000 	C:\Users\Admin\.jdks\openjdk-21.0.2\bin\vcruntime140_1.dll
0x00007ff959cd0000 - 0x00007ff959d5e000 	C:\Users\Admin\.jdks\openjdk-21.0.2\bin\msvcp140.dll
0x00007ff917f80000 - 0x00007ff918c97000 	C:\Users\Admin\.jdks\openjdk-21.0.2\bin\server\jvm.dll
0x00007ff971470000 - 0x00007ff971521000 	C:\WINDOWS\System32\ADVAPI32.dll
0x00007ff9736e0000 - 0x00007ff973788000 	C:\WINDOWS\System32\sechost.dll
0x00007ff971440000 - 0x00007ff971468000 	C:\WINDOWS\System32\bcrypt.dll
0x00007ff972910000 - 0x00007ff972a24000 	C:\WINDOWS\System32\RPCRT4.dll
0x00007ff9727e0000 - 0x00007ff972851000 	C:\WINDOWS\System32\WS2_32.dll
0x00007ff96f720000 - 0x00007ff96f76d000 	C:\WINDOWS\SYSTEM32\POWRPROF.dll
0x00007ff95e640000 - 0x00007ff95e64a000 	C:\WINDOWS\SYSTEM32\VERSION.dll
0x00007ff966300000 - 0x00007ff966334000 	C:\WINDOWS\SYSTEM32\WINMM.dll
0x00007ff96f700000 - 0x00007ff96f713000 	C:\WINDOWS\SYSTEM32\UMPDC.dll
0x00007ff96f9c0000 - 0x00007ff96f9d8000 	C:\WINDOWS\SYSTEM32\kernel.appcore.dll
0x00007ff96a4d0000 - 0x00007ff96a4da000 	C:\Users\Admin\.jdks\openjdk-21.0.2\bin\jimage.dll
0x00007ff96e2e0000 - 0x00007ff96e512000 	C:\WINDOWS\SYSTEM32\DBGHELP.DLL
0x00007ff972ee0000 - 0x00007ff973272000 	C:\WINDOWS\System32\combase.dll
0x00007ff971930000 - 0x00007ff971a07000 	C:\WINDOWS\System32\OLEAUT32.dll
0x00007ff95b610000 - 0x00007ff95b642000 	C:\WINDOWS\SYSTEM32\dbgcore.DLL
0x00007ff970ab0000 - 0x00007ff970b2b000 	C:\WINDOWS\System32\bcryptPrimitives.dll
0x00007ff967800000 - 0x00007ff96780f000 	C:\Users\Admin\.jdks\openjdk-21.0.2\bin\instrument.dll
0x00007ff967a80000 - 0x00007ff967a9f000 	C:\Users\Admin\.jdks\openjdk-21.0.2\bin\java.dll
0x00007ff971c00000 - 0x00007ff972496000 	C:\WINDOWS\System32\SHELL32.dll
0x00007ff970f20000 - 0x00007ff97105f000 	C:\WINDOWS\System32\wintypes.dll
0x00007ff96e7c0000 - 0x00007ff96f0da000 	C:\WINDOWS\SYSTEM32\windows.storage.dll
0x00007ff973280000 - 0x00007ff97338a000 	C:\WINDOWS\System32\SHCORE.dll
0x00007ff971b20000 - 0x00007ff971b83000 	C:\WINDOWS\System32\shlwapi.dll
0x00007ff970810000 - 0x00007ff97083b000 	C:\WINDOWS\SYSTEM32\profapi.dll
0x00007ff9678a0000 - 0x00007ff9678b8000 	C:\Users\Admin\.jdks\openjdk-21.0.2\bin\zip.dll
0x00007ff96a4a0000 - 0x00007ff96a4b0000 	C:\Users\Admin\.jdks\openjdk-21.0.2\bin\net.dll
0x00007ff96d3d0000 - 0x00007ff96d4fc000 	C:\WINDOWS\SYSTEM32\WINHTTP.dll
0x00007ff96fe30000 - 0x00007ff96fe9a000 	C:\WINDOWS\system32\mswsock.dll
0x00007ff9678c0000 - 0x00007ff9678d6000 	C:\Users\Admin\.jdks\openjdk-21.0.2\bin\nio.dll
0x00007ff95acc0000 - 0x00007ff95acda000 	D:\Program Files\JetBrains\IntelliJ IDEA 2023.3.2\bin\breakgen64.dll
0x00007ff967c60000 - 0x00007ff967c69000 	C:\Users\Admin\.jdks\openjdk-21.0.2\bin\extnet.dll
0x00007ff96f420000 - 0x00007ff96f522000 	C:\WINDOWS\SYSTEM32\DNSAPI.dll
0x00007ff96f3b0000 - 0x00007ff96f3dd000 	C:\WINDOWS\SYSTEM32\IPHLPAPI.DLL
0x00007ff9724a0000 - 0x00007ff9724a9000 	C:\WINDOWS\System32\NSI.dll
0x00007ff95fe70000 - 0x00007ff95fe7a000 	C:\Windows\System32\rasadhlp.dll
0x00007ff965d30000 - 0x00007ff965db3000 	C:\WINDOWS\System32\fwpuclnt.dll
0x00007ff967b00000 - 0x00007ff967b0a000 	C:\Users\Admin\.jdks\openjdk-21.0.2\bin\management.dll
0x00007ff967ae0000 - 0x00007ff967aeb000 	C:\Users\Admin\.jdks\openjdk-21.0.2\bin\management_ext.dll
0x00007ff9727d0000 - 0x00007ff9727d8000 	C:\WINDOWS\System32\PSAPI.DLL
0x00007ff970180000 - 0x00007ff97019b000 	C:\WINDOWS\SYSTEM32\CRYPTSP.dll
0x00007ff96f920000 - 0x00007ff96f957000 	C:\WINDOWS\system32\rsaenh.dll
0x00007ff96fed0000 - 0x00007ff96fef8000 	C:\WINDOWS\SYSTEM32\USERENV.dll
0x00007ff970160000 - 0x00007ff97016c000 	C:\WINDOWS\SYSTEM32\CRYPTBASE.dll
0x00007ff93f780000 - 0x00007ff93f797000 	C:\WINDOWS\system32\napinsp.dll
0x00007ff93f660000 - 0x00007ff93f67b000 	C:\WINDOWS\system32\pnrpnsp.dll
0x00007ff93f640000 - 0x00007ff93f651000 	C:\WINDOWS\System32\winrnr.dll
0x00007ff966250000 - 0x00007ff966265000 	C:\WINDOWS\system32\wshbth.dll
0x00007ff93f610000 - 0x00007ff93f637000 	C:\WINDOWS\system32\nlansp_c.dll
0x00007ff967ad0000 - 0x00007ff967ade000 	C:\Users\Admin\.jdks\openjdk-21.0.2\bin\sunmscapi.dll
0x00007ff970bd0000 - 0x00007ff970d37000 	C:\WINDOWS\System32\CRYPT32.dll
0x00007ff970270000 - 0x00007ff97029d000 	C:\WINDOWS\SYSTEM32\ncrypt.dll
0x00007ff970230000 - 0x00007ff970267000 	C:\WINDOWS\SYSTEM32\NTASN1.dll
0x00007ff95d2a0000 - 0x00007ff95d2b0000 	C:\Users\Admin\.jdks\openjdk-21.0.2\bin\verify.dll
0x00007ff967db0000 - 0x00007ff967dc9000 	C:\WINDOWS\SYSTEM32\dhcpcsvc6.DLL
0x00007ff967d40000 - 0x00007ff967d5f000 	C:\WINDOWS\SYSTEM32\dhcpcsvc.DLL
0x00007ff942620000 - 0x00007ff942628000 	C:\WINDOWS\system32\wshunix.dll

dbghelp: loaded successfully - version: 4.0.5 - missing functions: none
symbol engine: initialized successfully - sym options: 0x614 - pdb path: .;C:\Users\Admin\.jdks\openjdk-21.0.2\bin;C:\WINDOWS\SYSTEM32;C:\WINDOWS\WinSxS\amd64_microsoft.windows.common-controls_6595b64144ccf1df_6.0.22621.5124_none_270e8f4f7386d69d;C:\Users\Admin\.jdks\openjdk-21.0.2\bin\server;D:\Program Files\JetBrains\IntelliJ IDEA 2023.3.2\bin

VM Arguments:
jvm_args: -XX:TieredStopAtLevel=1 -Dspring.output.ansi.enabled=always -Dcom.sun.management.jmxremote -Dspring.jmx.enabled=true -Dspring.liveBeansView.mbeanDomain -Dspring.application.admin.enabled=true -Dmanagement.endpoints.jmx.exposure.include=* -javaagent:D:\Program Files\JetBrains\IntelliJ IDEA 2023.3.2\lib\idea_rt.jar=62570:D:\Program Files\JetBrains\IntelliJ IDEA 2023.3.2\bin -Dfile.encoding=UTF-8 -Dsun.stdout.encoding=UTF-8 -Dsun.stderr.encoding=UTF-8 
java_command: com.booking.MedicineStartApplication
java_class_path (initial): D:\BookingCare_Project\com.booking-care.medicine-service\medicine-start\target\classes;D:\BookingCare_Project\com.booking-care.medicine-service\medicine-controller\target\classes;D:\BookingCare_Project\com.booking-care.medicine-service\medicine-application\target\classes;D:\BookingCare_Project\com.booking-care.medicine-service\medicine-domain\target\classes;C:\Users\Admin\.m2\repository\org\springframework\boot\spring-boot-starter-data-jpa\3.3.5\spring-boot-starter-data-jpa-3.3.5.jar;C:\Users\Admin\.m2\repository\org\springframework\boot\spring-boot-starter-jdbc\3.3.5\spring-boot-starter-jdbc-3.3.5.jar;C:\Users\Admin\.m2\repository\com\zaxxer\HikariCP\5.1.0\HikariCP-5.1.0.jar;C:\Users\Admin\.m2\repository\org\springframework\spring-jdbc\6.1.14\spring-jdbc-6.1.14.jar;C:\Users\Admin\.m2\repository\org\hibernate\orm\hibernate-core\6.5.3.Final\hibernate-core-6.5.3.Final.jar;C:\Users\Admin\.m2\repository\jakarta\persistence\jakarta.persistence-api\3.1.0\jakarta.persistence-api-3.1.0.jar;C:\Users\Admin\.m2\repository\jakarta\transaction\jakarta.transaction-api\2.0.1\jakarta.transaction-api-2.0.1.jar;C:\Users\Admin\.m2\repository\org\hibernate\common\hibernate-commons-annotations\6.0.6.Final\hibernate-commons-annotations-6.0.6.Final.jar;C:\Users\Admin\.m2\repository\io\smallrye\jandex\3.1.2\jandex-3.1.2.jar;C:\Users\Admin\.m2\repository\org\glassfish\jaxb\jaxb-runtime\4.0.5\jaxb-runtime-4.0.5.jar;C:\Users\Admin\.m2\repository\org\glassfish\jaxb\jaxb-core\4.0.5\jaxb-core-4.0.5.jar;C:\Users\Admin\.m2\repository\org\eclipse\angus\angus-activation\2.0.2\angus-activation-2.0.2.jar;C:\Users\Admin\.m2\repository\org\glassfish\jaxb\txw2\4.0.5\txw2-4.0.5.jar;C:\Users\Admin\.m2\repository\com\sun\istack\istack-commons-runtime\4.1.2\istack-commons-runtime-4.1.2.jar;C:\Users\Admin\.m2\repository\jakarta\inject\jakarta.inject-api\2.0.1\jakarta.inject-api-2.0.1.jar;C:\Users\Admin\.m2\repository\org\antlr\antlr4-runtime\4.13.0\antlr4-runtime-4.13.0.jar;C:\Users\Admin\.m2\repository\org\springframework\data\spring-data-jpa\3.3.5\spring-data-jpa-3.3.5.jar;C:\Users\Admin\.m2\repository\org\springframework\data\spring-data-commons\3.3.5\spring-data-commons-3.3.5.jar;C:\Users\Admin\.m2\repository\org\springframework\spring-orm\6.1.14\spring-orm-6.1.14.jar;C:\Users\Admin\.m2\repository\org\springframework\spring-aspects\6.1.14\spring-aspects-6.1.14.jar;D:\BookingCare_Project\com.booking-care.medicine-service\medicine-infrastructure\target\classes;C:\Users\Admin\.m2\repository\org\springframework\boot\spring-boot-starter-data-redis\3.3.5\spring-boot-starter-data-redis-3.3.5.jar;C:\Users\Admin\.m2\repository\io\lettuce\lettuce-core\6.3.2.RELEASE\lettuce-core-6.3.2.RELEASE.jar;C:\Users\Admin\.m2\repository\org\springframework\data\spring-data-redis\3.3.5\spring-data-redis-3.3.5.jar;C:\Users\Admin\.m2\repository\org\springframework\data\spring-data-keyvalue\3.3.5\spring-data-keyvalue-3.3.5.jar;C:\Users\Admin\.m2\repository\org\springframework\spring-oxm\6.1.14\spring-oxm-6.1.14.jar;C:\Users\Admin\.m2\repository\org\springframework\spring-context-support\6.1.14\spring-context-support-6.1.14.jar;C:\Users\Admin\.m2\repository\com\alibaba\fastjson\2.0.28\fastjson-2.0.28.jar;C:\Users\Admin\.m2\repository\com\alibaba\fastjson2\fastjson2-extension\2.0.28\fastjson2-extension-2.0.28.jar;C:\Users\Admin\.m2\repository\com\alibaba\fastjson2\fastjson2\2.0.28\fastjson2-2.0.28.jar;C:\Users\Admin\.m2\repository\org\redisson\redisson\3.37.0\redisson-3.37.0.jar;C:\Users\Admin\.m2\repository\io\netty\netty-common\4.1.114.Final\netty-common-4.1.114.Final.jar;C:\Users\Admin\.m2\repository\io\netty\netty-codec\4.1.114.Final\netty-codec-4.1.114.Final.jar;C:\Users\Admin\.m2\repository\io\netty\netty-buffer\4.1.114.Final\netty-buffer-4.1.114.Final.jar;C:\Users\Admin\.m2\repository\io\netty\netty-transport\4.1.114.Final\netty-transport-4.1.114.Final.jar;C:\Users\Admin\.m2\repository\io\netty\netty-resolver\4.1.114.Final\netty-resolver-4.1.114.Final.jar;C:\Users\Admin\.m2\repository\io\netty\netty-resolver-dns\4.1.114.Final\netty-resolver-dns-4.1.114.Final.jar;C:\Users\Admin\.m2\repository\io\netty\netty-codec-dns\4.1.114.Final\netty-codec-dns-4.1.114.Final.jar;C:\Users\Admin\.m2\repository\io\netty\netty-handler\4.1.114.Final\netty-handler-4.1.114.Final.jar;C:\Users\Admin\.m2\repository\io\netty\netty-transport-native-unix-common\4.1.114.Final\netty-transport-native-unix-common-4.1.114.Final.jar;C:\Users\Admin\.m2\repository\javax\cache\cache-api\1.1.1\cache-api-1.1.1.jar;C:\Users\Admin\.m2\repository\io\projectreactor\reactor-core\3.6.11\reactor-core-3.6.11.jar;C:\Users\Admin\.m2\repository\org\reactivestreams\reactive-streams\1.0.4\reactive-streams-1.0.4.jar;C:\Users\Admin\.m2\repository\io\reactivex\rxjava3\rxjava\3.1.9\rxjava-3.1.9.jar;C:\Users\Admin\.m2\repository\com\esotericsoftware\kryo\5.6.0\kryo-5.6.0.jar;C:\Users\Admin\.m2\repository\com\esotericsoftware\reflectasm\1.11.9\reflectasm-1.11.9.jar;C:\Users\Admin\.m2\repository\org\objenesis\objenesis\3.3\objenesis-3.3.jar;C:\Users\Admin\.m2\repository\com\esotericsoftware\minlog\1.3.1\minlog-1.3.1.jar;C:\Users\Admin\.m2\repository\com\fasterxml\jackson\dataformat\jackson-dataformat-yaml\2.17.2\jackson-dataformat-yaml-2.17.2.jar;C:\Users\Admin\.m2\repository\net\bytebuddy\byte-buddy\1.14.19\byte-buddy-1.14.19.jar;C:\Users\Admin\.m2\repository\org\jodd\jodd-util\6.2.2\jodd-util-6.2.2.jar;C:\Users\Admin\.m2\repository\jakarta\validation\jakarta.validation-api\3.0.2\jakarta.validation-api-3.0.2.jar;C:\Users\Admin\.m2\repository\io\swagger\core\v3\swagger-annotations-jakarta\2.2.21\swagger-annotations-jakarta-2.2.21.jar;C:\Users\Admin\.m2\repository\com\mysql\mysql-connector-j\8.3.0\mysql-connector-j-8.3.0.jar;C:\Users\Admin\.m2\repository\org\springframework\boot\spring-boot-starter-web\3.3.5\spring-boot-starter-web-3.3.5.jar;C:\Users\Admin\.m2\repository\org\springframework\boot\spring-boot-starter\3.3.5\spring-boot-starter-3.3.5.jar;C:\Users\Admin\.m2\repository\org\springframework\boot\spring-boot-starter-logging\3.3.5\spring-boot-starter-logging-3.3.5.jar;C:\Users\Admin\.m2\repository\ch\qos\logback\logback-classic\1.5.11\logback-classic-1.5.11.jar;C:\Users\Admin\.m2\repository\ch\qos\logback\logback-core\1.5.11\logback-core-1.5.11.jar;C:\Users\Admin\.m2\repository\org\apache\logging\log4j\log4j-to-slf4j\2.23.1\log4j-to-slf4j-2.23.1.jar;C:\Users\Admin\.m2\repository\org\apache\logging\log4j\log4j-api\2.23.1\log4j-api-2.23.1.jar;C:\Users\Admin\.m2\repository\org\slf4j\jul-to-slf4j\2.0.16\jul-to-slf4j-2.0.16.jar;C:\Users\Admin\.m2\repository\jakarta\annotation\jakarta.annotation-api\2.1.1\jakarta.annotation-api-2.1.1.jar;C:\Users\Admin\.m2\repository\org\springframework\spring-core\6.1.14\spring-core-6.1.14.jar;C:\Users\Admin\.m2\repository\org\springframework\spring-jcl\6.1.14\spring-jcl-6.1.14.jar;C:\Users\Admin\.m2\repository\org\yaml\snakeyaml\2.2\snakeyaml-2.2.jar;C:\Users\Admin\.m2\repository\org\springframework\boot\spring-boot-starter-json\3.3.5\spring-boot-starter-json-3.3.5.jar;C:\Users\Admin\.m2\repository\com\fasterxml\jackson\core\jackson-databind\2.17.2\jackson-databind-2.17.2.jar;C:\Users\Admin\.m2\repository\com\fasterxml\jackson\core\jackson-annotations\2.17.2\jackson-annotations-2.17.2.jar;C:\Users\Admin\.m2\repository\com\fasterxml\jackson\core\jackson-core\2.17.2\jackson-core-2.17.2.jar;C:\Users\Admin\.m2\repository\com\fasterxml\jackson\datatype\jackson-datatype-jdk8\2.17.2\jackson-datatype-jdk8-2.17.2.jar;C:\Users\Admin\.m2\repository\com\fasterxml\jackson\datatype\jackson-datatype-jsr310\2.17.2\jackson-datatype-jsr310-2.17.2.jar;C:\Users\Admin\.m2\repository\com\fasterxml\jackson\module\jackson-module-parameter-names\2.17.2\jackson-module-parameter-names-2.17.2.jar;C:\Users\Admin\.m2\repository\org\springframework\boot\spring-boot-starter-tomcat\3.3.5\spring-boot-starter-tomcat-3.3.5.jar;C:\Users\Admin\.m2\repository\org\apache\tomcat\embed\tomcat-embed-core\10.1.31\tomcat-embed-core-10.1.31.jar;C:\Users\Admin\.m2\repository\org\apache\tomcat\embed\tomcat-embed-websocket\10.1.31\tomcat-embed-websocket-10.1.31.jar;C:\Users\Admin\.m2\repository\org\springframework\spring-web\6.1.14\spring-web-6.1.14.jar;C:\Users\Admin\.m2\repository\org\springframework\spring-beans\6.1.14\spring-beans-6.1.14.jar;C:\Users\Admin\.m2\repository\org\springframework\spring-webmvc\6.1.14\spring-webmvc-6.1.14.jar;C:\Users\Admin\.m2\repository\org\springframework\spring-expression\6.1.14\spring-expression-6.1.14.jar;C:\Users\Admin\.m2\repository\io\micrometer\micrometer-registry-prometheus\1.13.6\micrometer-registry-prometheus-1.13.6.jar;C:\Users\Admin\.m2\repository\io\micrometer\micrometer-core\1.13.6\micrometer-core-1.13.6.jar;C:\Users\Admin\.m2\repository\io\micrometer\micrometer-commons\1.13.6\micrometer-commons-1.13.6.jar;C:\Users\Admin\.m2\repository\org\hdrhistogram\HdrHistogram\2.2.2\HdrHistogram-2.2.2.jar;C:\Users\Admin\.m2\repository\org\latencyutils\LatencyUtils\2.0.3\LatencyUtils-2.0.3.jar;C:\Users\Admin\.m2\repository\io\prometheus\prometheus-metrics-core\1.2.1\prometheus-metrics-core-1.2.1.jar;C:\Users\Admin\.m2\repository\io\prometheus\prometheus-metrics-model\1.2.1\prometheus-metrics-model-1.2.1.jar;C:\Users\Admin\.m2\repository\io\prometheus\prometheus-metrics-config\1.2.1\prometheus-metrics-config-1.2.1.jar;C:\Users\Admin\.m2\repository\io\prometheus\prometheus-metrics-tracer-common\1.2.1\prometheus-metrics-tracer-common-1.2.1.jar;C:\Users\Admin\.m2\repository\io\prometheus\prometheus-metrics-exposition-formats\1.2.1\prometheus-metrics-exposition-formats-1.2.1.jar;C:\Users\Admin\.m2\repository\io\prometheus\prometheus-metrics-shaded-protobuf\1.2.1\prometheus-metrics-shaded-protobuf-1.2.1.jar;C:\Users\Admin\.m2\repository\org\springdoc\springdoc-openapi-starter-webmvc-ui\2.5.0\springdoc-openapi-starter-webmvc-ui-2.5.0.jar;C:\Users\Admin\.m2\repository\org\springdoc\springdoc-openapi-starter-webmvc-api\2.5.0\springdoc-openapi-starter-webmvc-api-2.5.0.jar;C:\Users\Admin\.m2\repository\org\springdoc\springdoc-openapi-starter-common\2.5.0\springdoc-openapi-starter-common-2.5.0.jar;C:\Users\Admin\.m2\repository\io\swagger\core\v3\swagger-core-jakarta\2.2.21\swagger-core-jakarta-2.2.21.jar;C:\Users\Admin\.m2\repository\org\apache\commons\commons-lang3\3.14.0\commons-lang3-3.14.0.jar;C:\Users\Admin\.m2\repository\io\swagger\core\v3\swagger-models-jakarta\2.2.21\swagger-models-jakarta-2.2.21.jar;C:\Users\Admin\.m2\repository\jakarta\xml\bind\jakarta.xml.bind-api\4.0.2\jakarta.xml.bind-api-4.0.2.jar;C:\Users\Admin\.m2\repository\jakarta\activation\jakarta.activation-api\2.1.3\jakarta.activation-api-2.1.3.jar;C:\Users\Admin\.m2\repository\org\webjars\swagger-ui\5.13.0\swagger-ui-5.13.0.jar;C:\Users\Admin\.m2\repository\org\springframework\boot\spring-boot-starter-actuator\3.3.5\spring-boot-starter-actuator-3.3.5.jar;C:\Users\Admin\.m2\repository\org\springframework\boot\spring-boot-actuator-autoconfigure\3.3.5\spring-boot-actuator-autoconfigure-3.3.5.jar;C:\Users\Admin\.m2\repository\org\springframework\boot\spring-boot-actuator\3.3.5\spring-boot-actuator-3.3.5.jar;C:\Users\Admin\.m2\repository\io\micrometer\micrometer-observation\1.13.6\micrometer-observation-1.13.6.jar;C:\Users\Admin\.m2\repository\io\micrometer\micrometer-jakarta9\1.13.6\micrometer-jakarta9-1.13.6.jar;C:\Users\Admin\.m2\repository\org\springframework\boot\spring-boot-starter-aop\3.3.5\spring-boot-starter-aop-3.3.5.jar;C:\Users\Admin\.m2\repository\org\springframework\spring-aop\6.1.14\spring-aop-6.1.14.jar;C:\Users\Admin\.m2\repository\org\aspectj\aspectjweaver\1.9.22.1\aspectjweaver-1.9.22.1.jar;C:\Users\Admin\.m2\repository\org\projectlombok\lombok\1.18.34\lombok-1.18.34.jar;C:\Users\Admin\.m2\repository\org\springframework\boot\spring-boot-devtools\3.3.5\spring-boot-devtools-3.3.5.jar;C:\Users\Admin\.m2\repository\org\springframework\boot\spring-boot\3.3.5\spring-boot-3.3.5.jar;C:\Users\Admin\.m2\repository\org\springframework\boot\spring-boot-autoconfigure\3.3.5\spring-boot-autoconfigure-3.3.5.jar;C:\Users\Admin\.m2\repository\org\springframework\boot\spring-boot-starter-validation\3.3.5\spring-boot-starter-validation-3.3.5.jar;C:\Users\Admin\.m2\repository\org\apache\tomcat\embed\tomcat-embed-el\10.1.31\tomcat-embed-el-10.1.31.jar;C:\Users\Admin\.m2\repository\org\hibernate\validator\hibernate-validator\8.0.1.Final\hibernate-validator-8.0.1.Final.jar;C:\Users\Admin\.m2\repository\org\jboss\logging\jboss-logging\3.5.3.Final\jboss-logging-3.5.3.Final.jar;C:\Users\Admin\.m2\repository\com\fasterxml\classmate\1.7.0\classmate-1.7.0.jar;C:\Users\Admin\.m2\repository\io\github\resilience4j\resilience4j-spring-boot3\2.1.0\resilience4j-spring-boot3-2.1.0.jar;C:\Users\Admin\.m2\repository\io\github\resilience4j\resilience4j-spring6\2.1.0\resilience4j-spring6-2.1.0.jar;C:\Users\Admin\.m2\repository\io\github\resilience4j\resilience4j-annotations\2.1.0\resilience4j-annotations-2.1.0.jar;C:\Users\Admin\.m2\repository\io\github\resilience4j\resilience4j-consumer\2.1.0\resilience4j-consumer-2.1.0.jar;C:\Users\Admin\.m2\repository\io\github\resilience4j\resilience4j-core\2.1.0\resilience4j-core-2.1.0.jar;C:\Users\Admin\.m2\repository\io\github\resilience4j\resilience4j-circularbuffer\2.1.0\resilience4j-circularbuffer-2.1.0.jar;C:\Users\Admin\.m2\repository\io\github\resilience4j\resilience4j-framework-common\2.1.0\resilience4j-framework-common-2.1.0.jar;C:\Users\Admin\.m2\repository\org\slf4j\slf4j-api\2.0.16\slf4j-api-2.0.16.jar;C:\Users\Admin\.m2\repository\io\github\resilience4j\resilience4j-micrometer\2.1.0\resilience4j-micrometer-2.1.0.jar;C:\Users\Admin\.m2\repository\io\github\resilience4j\resilience4j-bulkhead\2.1.0\resilience4j-bulkhead-2.1.0.jar;C:\Users\Admin\.m2\repository\io\github\resilience4j\resilience4j-circuitbreaker\2.1.0\resilience4j-circuitbreaker-2.1.0.jar;C:\Users\Admin\.m2\repository\io\github\resilience4j\resilience4j-retry\2.1.0\resilience4j-retry-2.1.0.jar;C:\Users\Admin\.m2\repository\io\github\resilience4j\resilience4j-ratelimiter\2.1.0\resilience4j-ratelimiter-2.1.0.jar;C:\Users\Admin\.m2\repository\io\github\resilience4j\resilience4j-timelimiter\2.1.0\resilience4j-timelimiter-2.1.0.jar;C:\Users\Admin\.m2\repository\com\google\guava\guava\32.1.2-jre\guava-32.1.2-jre.jar;C:\Users\Admin\.m2\repository\com\google\guava\failureaccess\1.0.1\failureaccess-1.0.1.jar;C:\Users\Admin\.m2\repository\com\google\guava\listenablefuture\9999.0-empty-to-avoid-conflict-with-guava\listenablefuture-9999.0-empty-to-avoid-conflict-with-guava.jar;C:\Users\Admin\.m2\repository\com\google\code\findbugs\jsr305\3.0.2\jsr305-3.0.2.jar;C:\Users\Admin\.m2\repository\org\checkerframework\checker-qual\3.33.0\checker-qual-3.33.0.jar;C:\Users\Admin\.m2\repository\com\google\errorprone\error_prone_annotations\2.18.0\error_prone_annotations-2.18.0.jar;C:\Users\Admin\.m2\repository\com\google\j2objc\j2objc-annotations\2.8\j2objc-annotations-2.8.jar;C:\Users\Admin\.m2\repository\org\springframework\kafka\spring-kafka\3.2.4\spring-kafka-3.2.4.jar;C:\Users\Admin\.m2\repository\org\springframework\spring-context\6.1.14\spring-context-6.1.14.jar;C:\Users\Admin\.m2\repository\org\springframework\spring-messaging\6.1.14\spring-messaging-6.1.14.jar;C:\Users\Admin\.m2\repository\org\springframework\spring-tx\6.1.14\spring-tx-6.1.14.jar;C:\Users\Admin\.m2\repository\org\springframework\retry\spring-retry\2.0.10\spring-retry-2.0.10.jar;C:\Users\Admin\.m2\repository\org\apache\kafka\kafka-clients\3.7.1\kafka-clients-3.7.1.jar;C:\Users\Admin\.m2\repository\com\github\luben\zstd-jni\1.5.6-3\zstd-jni-1.5.6-3.jar;C:\Users\Admin\.m2\repository\org\lz4\lz4-java\1.8.0\lz4-java-1.8.0.jar;C:\Users\Admin\.m2\repository\org\xerial\snappy\snappy-java\1.1.10.5\snappy-java-1.1.10.5.jar
Launcher Type: SUN_STANDARD

[Global flags]
     intx CICompilerCount                          = 4                                         {product} {ergonomic}
     uint ConcGCThreads                            = 2                                         {product} {ergonomic}
     uint G1ConcRefinementThreads                  = 8                                         {product} {ergonomic}
   size_t G1HeapRegionSize                         = 2097152                                   {product} {ergonomic}
    uintx GCDrainStackTargetSize                   = 64                                        {product} {ergonomic}
   size_t InitialHeapSize                          = 266338304                                 {product} {ergonomic}
     bool ManagementServer                         = true                                      {product} {command line}
   size_t MarkStackSize                            = 4194304                                   {product} {ergonomic}
   size_t MaxHeapSize                              = 4253024256                                {product} {ergonomic}
   size_t MaxNewSize                               = 2550136832                                {product} {ergonomic}
   size_t MinHeapDeltaBytes                        = 2097152                                   {product} {ergonomic}
   size_t MinHeapSize                              = 8388608                                   {product} {ergonomic}
    uintx NonNMethodCodeHeapSize                   = 4096                                   {pd product} {ergonomic}
    uintx NonProfiledCodeHeapSize                  = 0                                      {pd product} {ergonomic}
     bool ProfileInterpreter                       = false                                  {pd product} {command line}
    uintx ProfiledCodeHeapSize                     = 0                                      {pd product} {ergonomic}
   size_t SoftMaxHeapSize                          = 4253024256                             {manageable} {ergonomic}
     intx TieredStopAtLevel                        = 1                                         {product} {command line}
     bool UseCompressedOops                        = true                           {product lp64_product} {ergonomic}
     bool UseG1GC                                  = true                                      {product} {ergonomic}
     bool UseLargePagesIndividualAllocation        = false                                  {pd product} {ergonomic}

Logging:
Log output configuration:
 #0: stdout all=warning uptime,level,tags foldmultilines=false
 #1: stderr all=off uptime,level,tags foldmultilines=false

Environment Variables:
JAVA_HOME=C:\Users\Admin\.jdks\openjdk-21.0.2
PATH=C:\Program Files (x86)\Common Files\Oracle\Java\javapath;C:\Program Files\Common Files\Oracle\Java\javapath;C:\WINDOWS\system32;C:\WINDOWS;C:\WINDOWS\System32\Wbem;C:\WINDOWS\System32\WindowsPowerShell\v1.0\;C:\WINDOWS\System32\OpenSSH\;C:\Program Files\Intel\WiFi\bin\;C:\Program Files\Common Files\Intel\WirelessCommon\;C:\Program Files\Microsoft SQL Server\Client SDK\ODBC\170\Tools\Binn\;C:\Program Files (x86)\Microsoft SQL Server\150\Tools\Binn\;C:\Program Files\Microsoft SQL Server\150\Tools\Binn\;C:\Program Files\Microsoft SQL Server\150\DTS\Binn\;C:\Program Files\Microsoft SQL Server\130\Tools\Binn\;c:\Program Files (x86)\Intel\Intel(R) Management Engine Components\DAL;c:\Program Files\Intel\Intel(R) Management Engine Components\DAL;C:\Program Files\Git\cmd;C:\WINDOWS\system32;C:\WINDOWS;C:\WINDOWS\System32\Wbem;C:\WINDOWS\System32\WindowsPowerShell\v1.0\;C:\WINDOWS\System32\OpenSSH\;D:\Program Files\Redis\;C:\Users\Admin\.jdks\openjdk-21.0.2\bin;C:\Program Files (x86)\Microsoft SQL Server\150\DTS\Binn\;C:\Program Files\Azure Data Studio\bin;C:\Program Files (x86)\Microsoft SQL Server\160\DTS\Binn\;C:\Program Files\nodejs\;C:\Program Files\Docker\Docker\resources\bin;C:\apache-maven-3.9.9\bin;C:\Program Files\Java\jdk-21.0.7\bin;C:\Users\Admin\.jdks\openjdk-21.0.2\bin;C:\Users\Admin\AppData\Local\Microsoft\WindowsApps;C:\Users\Admin\AppData\Local\Programs\Microsoft VS Code\bin;C:\Program Files\Azure Data Studio\bin;C:\src\flutter\bin;D:\androi studio\platforms;D:\androi studio\platform-tools;C:\Program Files\Azure Data Studio\bin;C:\Users\Admin\AppData\Roaming\npm;C:\Users\Admin\.jdks\openjdk-21.0.2\bin;C:\Users\Admin\apache-maven-3.9.9\bin;
USERNAME=Admin
OS=Windows_NT
PROCESSOR_IDENTIFIER=Intel64 Family 6 Model 142 Stepping 10, GenuineIntel
TMP=C:\Users\Admin\AppData\Local\Temp
TEMP=C:\Users\Admin\AppData\Local\Temp




Periodic native trim disabled

---------------  S Y S T E M  ---------------

OS:
 Windows 11 , 64 bit Build 22621 (10.0.22621.5124)
OS uptime: 8 days 6:22 hours
Hyper-V role detected

CPU: total 8 (initial active 8) (4 cores per cpu, 2 threads per core) family 6 model 142 stepping 10 microcode 0xea, cx8, cmov, fxsr, ht, mmx, 3dnowpref, sse, sse2, sse3, ssse3, sse4.1, sse4.2, popcnt, lzcnt, tsc, tscinvbit, avx, avx2, aes, erms, clmul, bmi1, bmi2, rtm, adx, fma, vzeroupper, clflush, clflushopt, hv, rdtscp, f16c
Processor Information for all 8 processors :
  Max Mhz: 1896, Current Mhz: 1696, Mhz Limit: 1687

Memory: 4k page, system-wide physical 16217M (2465M free)
TotalPageFile size 19140M (AvailPageFile size 137M)
current process WorkingSet (physical memory assigned to process): 355M, peak: 355M
current process commit charge ("private bytes"): 401M, peak: 401M

vm_info: OpenJDK 64-Bit Server VM (21.0.2+13-58) for windows-amd64 JRE (21.0.2+13-58), built on 2024-01-05T18:32:24Z by "mach5one" with MS VC++ 17.1 (VS2022)

END.
