#
# There is insufficient memory for the Java Runtime Environment to continue.
# Native memory allocation (mmap) failed to map 65536 bytes for Failed to commit metaspace.
# Possible reasons:
#   The system is out of physical RAM or swap space
#   The process is running with CompressedOops enabled, and the Java Heap may be blocking the growth of the native heap
# Possible solutions:
#   Reduce memory load on the system
#   Increase physical memory or swap space
#   Check if swap backing store is full
#   Decrease Java heap size (-Xmx/-Xms)
#   Decrease number of Java threads
#   Decrease Java thread stack sizes (-Xss)
#   Set larger code cache with -XX:ReservedCodeCacheSize=
#   JVM is running with Zero Based Compressed Oops mode in which the Java heap is
#     placed in the first 32GB address space. The Java Heap base address is the
#     maximum limit for the native heap growth. Please use -XX:HeapBaseMinAddress
#     to set the Java Heap base and to place the Java Heap above 32GB virtual address.
# This output file may be truncated or incomplete.
#
#  Out of Memory Error (virtualSpaceNode.cpp:112), pid=11368, tid=16204
#
# JRE version: OpenJDK Runtime Environment (21.0.2+13) (build 21.0.2+13-58)
# Java VM: OpenJDK 64-Bit Server VM (21.0.2+13-58, mixed mode, emulated-client, sharing, tiered, compressed oops, compressed class ptrs, g1 gc, windows-amd64)
# No core dump will be written. Minidumps are not enabled by default on client versions of Windows
#

---------------  S U M M A R Y ------------

Command Line: -XX:TieredStopAtLevel=1 -Dspring.output.ansi.enabled=always -Dcom.sun.management.jmxremote -Dspring.jmx.enabled=true -Dspring.liveBeansView.mbeanDomain -Dspring.application.admin.enabled=true -Dmanagement.endpoints.jmx.exposure.include=* -javaagent:D:\Program Files\JetBrains\IntelliJ IDEA 2023.3.2\lib\idea_rt.jar=51787:D:\Program Files\JetBrains\IntelliJ IDEA 2023.3.2\bin -Dfile.encoding=UTF-8 -Dsun.stdout.encoding=UTF-8 -Dsun.stderr.encoding=UTF-8 com.booking.PatientStartApplication

Host: Intel(R) Core(TM) i5-8350U CPU @ 1.70GHz, 8 cores, 15G,  Windows 11 , 64 bit Build 22621 (10.0.22621.4974)
Time: Sun Apr  6 16:01:57 2025 SE Asia Standard Time elapsed time: 1.475248 seconds (0d 0h 0m 1s)

---------------  T H R E A D  ---------------

Current thread (0x000001755d4f6940):  JavaThread "restartedMain"        [_thread_in_vm, id=16204, stack(0x0000005e84b00000,0x0000005e84c00000) (1024K)]

Stack: [0x0000005e84b00000,0x0000005e84c00000]
Native frames: (J=compiled Java code, j=interpreted, Vv=VM code, C=native code)
V  [jvm.dll+0x6cade9]
V  [jvm.dll+0x8569c1]
V  [jvm.dll+0x858d2e]
V  [jvm.dll+0x859413]
V  [jvm.dll+0x280e56]
V  [jvm.dll+0x8526ee]
V  [jvm.dll+0x66e705]
V  [jvm.dll+0x1e68cc]
V  [jvm.dll+0x1e669e]
V  [jvm.dll+0x67104c]
V  [jvm.dll+0x670e62]
V  [jvm.dll+0x66f0de]
V  [jvm.dll+0x680079]
V  [jvm.dll+0x67951e]
V  [jvm.dll+0x3d4471]
C  0x000001754ce0b764

The last pc belongs to method entry point (kind = zerolocals) (printed below).
Java frames: (J=compiled Java code, j=interpreted, Vv=VM code)
j  org.springframework.boot.logging.logback.LogbackConfigurator.logger(Ljava/lang/String;Lch/qos/logback/classic/Level;ZLch/qos/logback/core/Appender;)V+0
j  org.springframework.boot.logging.logback.LogbackConfigurator.logger(Ljava/lang/String;Lch/qos/logback/classic/Level;Z)V+5
j  org.springframework.boot.logging.logback.LogbackConfigurator.logger(Ljava/lang/String;Lch/qos/logback/classic/Level;)V+4
j  org.springframework.boot.logging.logback.DefaultLogbackConfiguration.defaults(Lorg/springframework/boot/logging/logback/LogbackConfigurator;)V+157
j  org.springframework.boot.logging.logback.DefaultLogbackConfiguration.apply(Lorg/springframework/boot/logging/logback/LogbackConfigurator;)V+9
j  org.springframework.boot.logging.logback.LogbackLoggingSystem.lambda$loadDefaults$0(Lch/qos/logback/classic/LoggerContext;Lorg/springframework/boot/logging/LoggingInitializationContext;Lorg/springframework/boot/logging/LogFile;)V+96
j  org.springframework.boot.logging.logback.LogbackLoggingSystem$$Lambda+0x00000175011d8000.run()V+16
j  org.springframework.boot.logging.logback.LogbackLoggingSystem.withLoggingSuppressed(Ljava/lang/Runnable;)V+17
j  org.springframework.boot.logging.logback.LogbackLoggingSystem.loadDefaults(Lorg/springframework/boot/logging/LoggingInitializationContext;Lorg/springframework/boot/logging/LogFile;)V+20
j  org.springframework.boot.logging.AbstractLoggingSystem.initializeWithConventions(Lorg/springframework/boot/logging/LoggingInitializationContext;Lorg/springframework/boot/logging/LogFile;)V+43
j  org.springframework.boot.logging.AbstractLoggingSystem.initialize(Lorg/springframework/boot/logging/LoggingInitializationContext;Ljava/lang/String;Lorg/springframework/boot/logging/LogFile;)V+18
j  org.springframework.boot.logging.logback.LogbackLoggingSystem.initialize(Lorg/springframework/boot/logging/LoggingInitializationContext;Ljava/lang/String;Lorg/springframework/boot/logging/LogFile;)V+29
j  org.springframework.boot.context.logging.LoggingApplicationListener.initializeSystem(Lorg/springframework/core/env/ConfigurableEnvironment;Lorg/springframework/boot/logging/LoggingSystem;Lorg/springframework/boot/logging/LogFile;)V+49
j  org.springframework.boot.context.logging.LoggingApplicationListener.initialize(Lorg/springframework/core/env/ConfigurableEnvironment;Ljava/lang/ClassLoader;)V+59
j  org.springframework.boot.context.logging.LoggingApplicationListener.onApplicationEnvironmentPreparedEvent(Lorg/springframework/boot/context/event/ApplicationEnvironmentPreparedEvent;)V+32
j  org.springframework.boot.context.logging.LoggingApplicationListener.onApplicationEvent(Lorg/springframework/context/ApplicationEvent;)V+34
j  org.springframework.context.event.SimpleApplicationEventMulticaster.doInvokeListener(Lorg/springframework/context/ApplicationListener;Lorg/springframework/context/ApplicationEvent;)V+2
j  org.springframework.context.event.SimpleApplicationEventMulticaster.invokeListener(Lorg/springframework/context/ApplicationListener;Lorg/springframework/context/ApplicationEvent;)V+34
j  org.springframework.context.event.SimpleApplicationEventMulticaster.multicastEvent(Lorg/springframework/context/ApplicationEvent;Lorg/springframework/core/ResolvableType;)V+104
j  org.springframework.context.event.SimpleApplicationEventMulticaster.multicastEvent(Lorg/springframework/context/ApplicationEvent;)V+3
j  org.springframework.boot.context.event.EventPublishingRunListener.multicastInitialEvent(Lorg/springframework/context/ApplicationEvent;)V+9
j  org.springframework.boot.context.event.EventPublishingRunListener.environmentPrepared(Lorg/springframework/boot/ConfigurableBootstrapContext;Lorg/springframework/core/env/ConfigurableEnvironment;)V+18
j  org.springframework.boot.SpringApplicationRunListeners.lambda$environmentPrepared$2(Lorg/springframework/boot/ConfigurableBootstrapContext;Lorg/springframework/core/env/ConfigurableEnvironment;Lorg/springframework/boot/SpringApplicationRunListener;)V+3
j  org.springframework.boot.SpringApplicationRunListeners$$Lambda+0x0000017501133448.accept(Ljava/lang/Object;)V+12
j  java.lang.Iterable.forEach(Ljava/util/function/Consumer;)V+30 java.base@21.0.2
j  org.springframework.boot.SpringApplicationRunListeners.doWithListeners(Ljava/lang/String;Ljava/util/function/Consumer;Ljava/util/function/Consumer;)V+17
j  org.springframework.boot.SpringApplicationRunListeners.doWithListeners(Ljava/lang/String;Ljava/util/function/Consumer;)V+4
j  org.springframework.boot.SpringApplicationRunListeners.environmentPrepared(Lorg/springframework/boot/ConfigurableBootstrapContext;Lorg/springframework/core/env/ConfigurableEnvironment;)V+10
j  org.springframework.boot.SpringApplication.prepareEnvironment(Lorg/springframework/boot/SpringApplicationRunListeners;Lorg/springframework/boot/DefaultBootstrapContext;Lorg/springframework/boot/ApplicationArguments;)Lorg/springframework/core/env/ConfigurableEnvironment;+27
j  org.springframework.boot.SpringApplication.run([Ljava/lang/String;)Lorg/springframework/context/ConfigurableApplicationContext;+62
j  org.springframework.boot.SpringApplication.run([Ljava/lang/Class;[Ljava/lang/String;)Lorg/springframework/context/ConfigurableApplicationContext;+9
j  org.springframework.boot.SpringApplication.run(Ljava/lang/Class;[Ljava/lang/String;)Lorg/springframework/context/ConfigurableApplicationContext;+9
j  com.booking.PatientStartApplication.main([Ljava/lang/String;)V+3
j  java.lang.invoke.LambdaForm$DMH+0x0000017501003400.invokeStatic(Ljava/lang/Object;Ljava/lang/Object;)V+10 java.base@21.0.2
j  java.lang.invoke.LambdaForm$MH+0x0000017501110800.invoke(Ljava/lang/Object;Ljava/lang/Object;Ljava/lang/Object;)Ljava/lang/Object;+33 java.base@21.0.2
j  java.lang.invoke.Invokers$Holder.invokeExact_MT(Ljava/lang/Object;Ljava/lang/Object;Ljava/lang/Object;Ljava/lang/Object;)Ljava/lang/Object;+20 java.base@21.0.2
j  jdk.internal.reflect.DirectMethodHandleAccessor.invokeImpl(Ljava/lang/Object;[Ljava/lang/Object;)Ljava/lang/Object;+55 java.base@21.0.2
j  jdk.internal.reflect.DirectMethodHandleAccessor.invoke(Ljava/lang/Object;[Ljava/lang/Object;)Ljava/lang/Object;+23 java.base@21.0.2
j  java.lang.reflect.Method.invoke(Ljava/lang/Object;[Ljava/lang/Object;)Ljava/lang/Object;+102 java.base@21.0.2
j  org.springframework.boot.devtools.restart.RestartLauncher.run()V+47
v  ~StubRoutines::call_stub 0x000001754ce0100d
method entry point (kind = zerolocals)  [0x000001754ce0b660, 0x000001754ce0b950]  752 bytes
[MachCode]
  0x000001754ce0b660: 488b 5308 | 0fb7 4a2e | 0fb7 522c | 2bd1 81fa | f501 0000 | 0f86 2500 | 0000 488b | c248 c1e0 
  0x000001754ce0b680: 0348 83c0 | 5849 0387 | d004 0000 | 483b e00f | 870a 0000 | 0058 498b | e550 e9e1 | afff ff58 
  0x000001754ce0b6a0: 4c8d 74cc | f885 d20f | 8e09 0000 | 0068 0000 | 0000 ffca | 7ff7 5055 | 488b ec41 | 5568 0000 
  0x000001754ce0b6c0: 0000 4c8b | 6b08 4d8d | 6d38 5348 | 8b53 0848 | 8b52 0848 | 8b52 1848 | 8b52 7048 | 8b12 5268 
  0x000001754ce0b6e0: 0000 0000 | 488b 5308 | 488b 5208 | 488b 5210 | 5249 8bc6 | 482b c548 | c1e8 0350 | 4155 6800 
  0x000001754ce0b700: 0000 0048 | 8924 2441 | c687 7904 | 0000 0148 | 8b43 1848 | 85c0 0f85 | b000 0000 | e805 0000 
  0x000001754ce0b720: 00e9 9900 | 0000 488b | d348 8d44 | 2408 4c89 | 6dc0 498b | cfc5 f877 | 4989 afa8 | 0300 0049 
  0x000001754ce0b740: 8987 9803 | 0000 4883 | ec20 40f6 | c40f 0f84 | 1900 0000 | 4883 ec08 | 48b8 5044 | bf2e f97f 
  0x000001754ce0b760: 0000 ffd0 | 4883 c408 | e90c 0000 | 0048 b850 | 44bf 2ef9 | 7f00 00ff | d048 83c4 | 2049 c787 
  0x000001754ce0b780: 9803 0000 | 0000 0000 | 49c7 87a8 | 0300 0000 | 0000 0049 | c787 a003 | 0000 0000 | 0000 c5f8 
  0x000001754ce0b7a0: 7749 837f | 0800 0f84 | 0500 0000 | e94f 57ff | ff4c 8b6d | c04c 8b75 | c84e 8d74 | f500 c348 
  0x000001754ce0b7c0: 8b43 1848 | 85c0 0f84 | 1200 0000 | 8b48 0883 | c102 8948 | 0823 481c | 0f84 c200 | 0000 493b 
  0x000001754ce0b7e0: a7e8 0400 | 000f 8748 | 0000 0089 | 8424 00f0 | ffff 8984 | 2400 e0ff | ff89 8424 | 00d0 ffff 
  0x000001754ce0b800: 8984 2400 | c0ff ff89 | 8424 00b0 | ffff 8984 | 2400 a0ff | ff89 8424 | 0090 ffff | 8984 2400 
  0x000001754ce0b820: 80ff ff49 | 3ba7 e004 | 0000 7607 | 4989 a7e8 | 0400 0041 | c687 7904 | 0000 0049 | baf9 4544 
  0x000001754ce0b840: 2ff9 7f00 | 0041 803a | 000f 843e | 0000 0048 | 8b55 e849 | 8bcf 4883 | ec20 40f6 | c40f 0f84 
  0x000001754ce0b860: 1900 0000 | 4883 ec08 | 48b8 4009 | f52e f97f | 0000 ffd0 | 4883 c408 | e90c 0000 | 0048 b840 
  0x000001754ce0b880: 09f5 2ef9 | 7f00 00ff | d048 83c4 | 2041 0fb6 | 5d00 49ba | 000f 472f | f97f 0000 | 41ff 24da 
  0x000001754ce0b8a0: ba00 0000 | 00e8 0500 | 0000 e996 | 0000 0048 | 8d44 2408 | 4c89 6dc0 | 498b cfc5 | f877 4989 
  0x000001754ce0b8c0: afa8 0300 | 0049 8987 | 9803 0000 | 4883 ec20 | 40f6 c40f | 0f84 1900 | 0000 4883 | ec08 48b8 
  0x000001754ce0b8e0: d04e bf2e | f97f 0000 | ffd0 4883 | c408 e90c | 0000 0048 | b8d0 4ebf | 2ef9 7f00 | 00ff d048 
  0x000001754ce0b900: 83c4 2049 | c787 9803 | 0000 0000 | 0000 49c7 | 87a8 0300 | 0000 0000 | 0049 c787 | a003 0000 
  0x000001754ce0b920: 0000 0000 | c5f8 7749 | 837f 0800 | 0f84 0500 | 0000 e9c9 | 55ff ff4c | 8b6d c04c | 8b75 c84e 
  0x000001754ce0b940: 8d74 f500 | c348 8b5d | e8e9 90fe | ffff 6690 
[/MachCode]

---------------  P R O C E S S  ---------------

Threads class SMR info:
_java_thread_list=0x000001755d5a2e50, length=19, elements={
0x0000017543042b80, 0x0000017557a64e90, 0x0000017557a65db0, 0x0000017557a69660,
0x0000017557a6b230, 0x0000017557a6bc90, 0x0000017557a6c820, 0x0000017557a78110,
0x0000017557a33e40, 0x00000175582db710, 0x00000175582dbde0, 0x00000175582dc4b0,
0x000001755885f880, 0x0000017558863da0, 0x0000017558a6be20, 0x000001755d4f5240,
0x000001755d4f6940, 0x000001755d62ea60, 0x000001755d5e6980
}

Java Threads: ( => current thread )
  0x0000017543042b80 JavaThread "main"                              [_thread_blocked, id=4912, stack(0x0000005e82e00000,0x0000005e82f00000) (1024K)]
  0x0000017557a64e90 JavaThread "Reference Handler"          daemon [_thread_blocked, id=6780, stack(0x0000005e83600000,0x0000005e83700000) (1024K)]
  0x0000017557a65db0 JavaThread "Finalizer"                  daemon [_thread_blocked, id=15004, stack(0x0000005e83700000,0x0000005e83800000) (1024K)]
  0x0000017557a69660 JavaThread "Signal Dispatcher"          daemon [_thread_blocked, id=16424, stack(0x0000005e83800000,0x0000005e83900000) (1024K)]
  0x0000017557a6b230 JavaThread "Attach Listener"            daemon [_thread_blocked, id=3248, stack(0x0000005e83900000,0x0000005e83a00000) (1024K)]
  0x0000017557a6bc90 JavaThread "Service Thread"             daemon [_thread_blocked, id=16980, stack(0x0000005e83a00000,0x0000005e83b00000) (1024K)]
  0x0000017557a6c820 JavaThread "Monitor Deflation Thread"   daemon [_thread_blocked, id=4132, stack(0x0000005e83b00000,0x0000005e83c00000) (1024K)]
  0x0000017557a78110 JavaThread "C1 CompilerThread0"         daemon [_thread_blocked, id=16472, stack(0x0000005e83c00000,0x0000005e83d00000) (1024K)]
  0x0000017557a33e40 JavaThread "Common-Cleaner"             daemon [_thread_blocked, id=14596, stack(0x0000005e83d00000,0x0000005e83e00000) (1024K)]
  0x00000175582db710 JavaThread "C1 CompilerThread1"         daemon [_thread_blocked, id=13432, stack(0x0000005e83e00000,0x0000005e83f00000) (1024K)]
  0x00000175582dbde0 JavaThread "C1 CompilerThread2"         daemon [_thread_blocked, id=11240, stack(0x0000005e83f00000,0x0000005e84000000) (1024K)]
  0x00000175582dc4b0 JavaThread "C1 CompilerThread3"         daemon [_thread_blocked, id=10804, stack(0x0000005e84000000,0x0000005e84100000) (1024K)]
  0x000001755885f880 JavaThread "Monitor Ctrl-Break"         daemon [_thread_in_native, id=7388, stack(0x0000005e84100000,0x0000005e84200000) (1024K)]
  0x0000017558863da0 JavaThread "Notification Thread"        daemon [_thread_blocked, id=5672, stack(0x0000005e84200000,0x0000005e84300000) (1024K)]
  0x0000017558a6be20 JavaThread "RMI TCP Accept-0"           daemon [_thread_in_native, id=19260, stack(0x0000005e84300000,0x0000005e84400000) (1024K)]
  0x000001755d4f5240 JavaThread "Thread-0"                          [_thread_blocked, id=10092, stack(0x0000005e84a00000,0x0000005e84b00000) (1024K)]
=>0x000001755d4f6940 JavaThread "restartedMain"                     [_thread_in_vm, id=16204, stack(0x0000005e84b00000,0x0000005e84c00000) (1024K)]
  0x000001755d62ea60 JavaThread "RMI TCP Connection(1)-192.168.1.2" daemon [_thread_in_native, id=17212, stack(0x0000005e84c00000,0x0000005e84d00000) (1024K)]
  0x000001755d5e6980 JavaThread "RMI Scheduler(0)"           daemon [_thread_blocked, id=15024, stack(0x0000005e84d00000,0x0000005e84e00000) (1024K)]
Total: 19

Other Threads:
  0x0000017557a47fa0 VMThread "VM Thread"                           [id=11552, stack(0x0000005e83500000,0x0000005e83600000) (1024K)]
  0x0000017557a32fe0 WatcherThread "VM Periodic Task Thread"        [id=13444, stack(0x0000005e83400000,0x0000005e83500000) (1024K)]
  0x00000175431f3c50 WorkerThread "GC Thread#0"                     [id=8820, stack(0x0000005e82f00000,0x0000005e83000000) (1024K)]
  0x0000017558d67770 WorkerThread "GC Thread#1"                     [id=10892, stack(0x0000005e84400000,0x0000005e84500000) (1024K)]
  0x0000017558d67b10 WorkerThread "GC Thread#2"                     [id=2588, stack(0x0000005e84500000,0x0000005e84600000) (1024K)]
  0x0000017558d67eb0 WorkerThread "GC Thread#3"                     [id=6300, stack(0x0000005e84600000,0x0000005e84700000) (1024K)]
  0x0000017558d68250 WorkerThread "GC Thread#4"                     [id=12624, stack(0x0000005e84700000,0x0000005e84800000) (1024K)]
  0x0000017558d685f0 WorkerThread "GC Thread#5"                     [id=17404, stack(0x0000005e84800000,0x0000005e84900000) (1024K)]
  0x0000017558dddde0 WorkerThread "GC Thread#6"                     [id=12432, stack(0x0000005e84900000,0x0000005e84a00000) (1024K)]
  0x000001755d754360 WorkerThread "GC Thread#7"                     [id=6180, stack(0x0000005e84e00000,0x0000005e84f00000) (1024K)]
  0x0000017543204a70 ConcurrentGCThread "G1 Main Marker"            [id=17384, stack(0x0000005e83000000,0x0000005e83100000) (1024K)]
  0x0000017543205c20 WorkerThread "G1 Conc#0"                       [id=16340, stack(0x0000005e83100000,0x0000005e83200000) (1024K)]
  0x00000175579013f0 ConcurrentGCThread "G1 Refine#0"               [id=12184, stack(0x0000005e83200000,0x0000005e83300000) (1024K)]
  0x0000017557901d70 ConcurrentGCThread "G1 Service"                [id=10168, stack(0x0000005e83300000,0x0000005e83400000) (1024K)]
Total: 14

Threads with active compile tasks:
Total: 0

VM state: not at safepoint (normal execution)

VM Mutex/Monitor currently owned by a thread:  ([mutex/lock_event])
[0x00007ff92f45ace8] Metaspace_lock - owner thread: 0x000001755d4f6940

Heap address: 0x0000000702800000, size: 4056 MB, Compressed Oops mode: Zero based, Oop shift amount: 3

CDS archive(s) mapped at: [0x0000017500000000-0x0000017500c90000-0x0000017500c90000), size 13172736, SharedBaseAddress: 0x0000017500000000, ArchiveRelocationMode: 1.
Compressed class space mapped at: 0x0000017501000000-0x0000017541000000, reserved size: 1073741824
Narrow klass base: 0x0000017500000000, Narrow klass shift: 0, Narrow klass range: 0x100000000

GC Precious Log:
 CardTable entry size: 512
 Card Set container configuration: InlinePtr #cards 4 size 8 Array Of Cards #cards 16 size 48 Howl #buckets 8 coarsen threshold 3686 Howl Bitmap #cards 512 size 80 coarsen threshold 460 Card regions per heap region 1 cards per card region 4096
 CPUs: 8 total, 8 available
 Memory: 16217M
 Large Page Support: Disabled
 NUMA Support: Disabled
 Compressed Oops: Enabled (Zero based)
 Heap Region Size: 2M
 Heap Min Capacity: 8M
 Heap Initial Capacity: 254M
 Heap Max Capacity: 4056M
 Pre-touch: Disabled
 Parallel Workers: 8
 Concurrent Workers: 2
 Concurrent Refinement Workers: 8
 Periodic GC: Disabled

Heap:
 garbage-first heap   total 260096K, used 14190K [0x0000000702800000, 0x0000000800000000)
  region size 2048K, 5 young (10240K), 2 survivors (4096K)
 Metaspace       used 12356K, committed 12672K, reserved 1114112K
  class space    used 1644K, committed 1792K, reserved 1048576K

Heap Regions: E=young(eden), S=young(survivor), O=old, HS=humongous(starts), HC=humongous(continues), CS=collection set, F=free, TAMS=top-at-mark-start, PB=parsable bottom
|   0|0x0000000702800000, 0x0000000702a00000, 0x0000000702a00000|100%| O|  |TAMS 0x0000000702800000| PB 0x0000000702800000| Untracked 
|   1|0x0000000702a00000, 0x0000000702c00000, 0x0000000702c00000|100%| O|  |TAMS 0x0000000702a00000| PB 0x0000000702a00000| Untracked 
|   2|0x0000000702c00000, 0x0000000702e00000, 0x0000000702e00000|100%| O|  |TAMS 0x0000000702c00000| PB 0x0000000702c00000| Untracked 
|   3|0x0000000702e00000, 0x0000000702faef50, 0x0000000703000000| 84%| O|  |TAMS 0x0000000702e00000| PB 0x0000000702e00000| Untracked 
|   4|0x0000000703000000, 0x0000000703000000, 0x0000000703200000|  0%| F|  |TAMS 0x0000000703000000| PB 0x0000000703000000| Untracked 
|   5|0x0000000703200000, 0x0000000703200000, 0x0000000703400000|  0%| F|  |TAMS 0x0000000703200000| PB 0x0000000703200000| Untracked 
|   6|0x0000000703400000, 0x0000000703400000, 0x0000000703600000|  0%| F|  |TAMS 0x0000000703400000| PB 0x0000000703400000| Untracked 
|   7|0x0000000703600000, 0x0000000703600000, 0x0000000703800000|  0%| F|  |TAMS 0x0000000703600000| PB 0x0000000703600000| Untracked 
|   8|0x0000000703800000, 0x0000000703800000, 0x0000000703a00000|  0%| F|  |TAMS 0x0000000703800000| PB 0x0000000703800000| Untracked 
|   9|0x0000000703a00000, 0x0000000703a00000, 0x0000000703c00000|  0%| F|  |TAMS 0x0000000703a00000| PB 0x0000000703a00000| Untracked 
|  10|0x0000000703c00000, 0x0000000703c00000, 0x0000000703e00000|  0%| F|  |TAMS 0x0000000703c00000| PB 0x0000000703c00000| Untracked 
|  11|0x0000000703e00000, 0x0000000703e00000, 0x0000000704000000|  0%| F|  |TAMS 0x0000000703e00000| PB 0x0000000703e00000| Untracked 
|  12|0x0000000704000000, 0x0000000704000000, 0x0000000704200000|  0%| F|  |TAMS 0x0000000704000000| PB 0x0000000704000000| Untracked 
|  13|0x0000000704200000, 0x0000000704200000, 0x0000000704400000|  0%| F|  |TAMS 0x0000000704200000| PB 0x0000000704200000| Untracked 
|  14|0x0000000704400000, 0x0000000704400000, 0x0000000704600000|  0%| F|  |TAMS 0x0000000704400000| PB 0x0000000704400000| Untracked 
|  15|0x0000000704600000, 0x0000000704600000, 0x0000000704800000|  0%| F|  |TAMS 0x0000000704600000| PB 0x0000000704600000| Untracked 
|  16|0x0000000704800000, 0x0000000704800000, 0x0000000704a00000|  0%| F|  |TAMS 0x0000000704800000| PB 0x0000000704800000| Untracked 
|  17|0x0000000704a00000, 0x0000000704a00000, 0x0000000704c00000|  0%| F|  |TAMS 0x0000000704a00000| PB 0x0000000704a00000| Untracked 
|  18|0x0000000704c00000, 0x0000000704c00000, 0x0000000704e00000|  0%| F|  |TAMS 0x0000000704c00000| PB 0x0000000704c00000| Untracked 
|  19|0x0000000704e00000, 0x0000000704e00000, 0x0000000705000000|  0%| F|  |TAMS 0x0000000704e00000| PB 0x0000000704e00000| Untracked 
|  20|0x0000000705000000, 0x0000000705000000, 0x0000000705200000|  0%| F|  |TAMS 0x0000000705000000| PB 0x0000000705000000| Untracked 
|  21|0x0000000705200000, 0x0000000705200000, 0x0000000705400000|  0%| F|  |TAMS 0x0000000705200000| PB 0x0000000705200000| Untracked 
|  22|0x0000000705400000, 0x0000000705400000, 0x0000000705600000|  0%| F|  |TAMS 0x0000000705400000| PB 0x0000000705400000| Untracked 
|  23|0x0000000705600000, 0x0000000705600000, 0x0000000705800000|  0%| F|  |TAMS 0x0000000705600000| PB 0x0000000705600000| Untracked 
|  24|0x0000000705800000, 0x0000000705800000, 0x0000000705a00000|  0%| F|  |TAMS 0x0000000705800000| PB 0x0000000705800000| Untracked 
|  25|0x0000000705a00000, 0x0000000705a00000, 0x0000000705c00000|  0%| F|  |TAMS 0x0000000705a00000| PB 0x0000000705a00000| Untracked 
|  26|0x0000000705c00000, 0x0000000705c00000, 0x0000000705e00000|  0%| F|  |TAMS 0x0000000705c00000| PB 0x0000000705c00000| Untracked 
|  27|0x0000000705e00000, 0x0000000705e00000, 0x0000000706000000|  0%| F|  |TAMS 0x0000000705e00000| PB 0x0000000705e00000| Untracked 
|  28|0x0000000706000000, 0x0000000706000000, 0x0000000706200000|  0%| F|  |TAMS 0x0000000706000000| PB 0x0000000706000000| Untracked 
|  29|0x0000000706200000, 0x0000000706200000, 0x0000000706400000|  0%| F|  |TAMS 0x0000000706200000| PB 0x0000000706200000| Untracked 
|  30|0x0000000706400000, 0x0000000706400000, 0x0000000706600000|  0%| F|  |TAMS 0x0000000706400000| PB 0x0000000706400000| Untracked 
|  31|0x0000000706600000, 0x0000000706600000, 0x0000000706800000|  0%| F|  |TAMS 0x0000000706600000| PB 0x0000000706600000| Untracked 
|  32|0x0000000706800000, 0x0000000706800000, 0x0000000706a00000|  0%| F|  |TAMS 0x0000000706800000| PB 0x0000000706800000| Untracked 
|  33|0x0000000706a00000, 0x0000000706a00000, 0x0000000706c00000|  0%| F|  |TAMS 0x0000000706a00000| PB 0x0000000706a00000| Untracked 
|  34|0x0000000706c00000, 0x0000000706c00000, 0x0000000706e00000|  0%| F|  |TAMS 0x0000000706c00000| PB 0x0000000706c00000| Untracked 
|  35|0x0000000706e00000, 0x0000000706e00000, 0x0000000707000000|  0%| F|  |TAMS 0x0000000706e00000| PB 0x0000000706e00000| Untracked 
|  36|0x0000000707000000, 0x0000000707000000, 0x0000000707200000|  0%| F|  |TAMS 0x0000000707000000| PB 0x0000000707000000| Untracked 
|  37|0x0000000707200000, 0x0000000707200000, 0x0000000707400000|  0%| F|  |TAMS 0x0000000707200000| PB 0x0000000707200000| Untracked 
|  38|0x0000000707400000, 0x0000000707400000, 0x0000000707600000|  0%| F|  |TAMS 0x0000000707400000| PB 0x0000000707400000| Untracked 
|  39|0x0000000707600000, 0x0000000707600000, 0x0000000707800000|  0%| F|  |TAMS 0x0000000707600000| PB 0x0000000707600000| Untracked 
|  40|0x0000000707800000, 0x0000000707800000, 0x0000000707a00000|  0%| F|  |TAMS 0x0000000707800000| PB 0x0000000707800000| Untracked 
|  41|0x0000000707a00000, 0x0000000707a00000, 0x0000000707c00000|  0%| F|  |TAMS 0x0000000707a00000| PB 0x0000000707a00000| Untracked 
|  42|0x0000000707c00000, 0x0000000707c00000, 0x0000000707e00000|  0%| F|  |TAMS 0x0000000707c00000| PB 0x0000000707c00000| Untracked 
|  43|0x0000000707e00000, 0x0000000707e00000, 0x0000000708000000|  0%| F|  |TAMS 0x0000000707e00000| PB 0x0000000707e00000| Untracked 
|  44|0x0000000708000000, 0x0000000708000000, 0x0000000708200000|  0%| F|  |TAMS 0x0000000708000000| PB 0x0000000708000000| Untracked 
|  45|0x0000000708200000, 0x0000000708200000, 0x0000000708400000|  0%| F|  |TAMS 0x0000000708200000| PB 0x0000000708200000| Untracked 
|  46|0x0000000708400000, 0x0000000708400000, 0x0000000708600000|  0%| F|  |TAMS 0x0000000708400000| PB 0x0000000708400000| Untracked 
|  47|0x0000000708600000, 0x0000000708600000, 0x0000000708800000|  0%| F|  |TAMS 0x0000000708600000| PB 0x0000000708600000| Untracked 
|  48|0x0000000708800000, 0x0000000708800000, 0x0000000708a00000|  0%| F|  |TAMS 0x0000000708800000| PB 0x0000000708800000| Untracked 
|  49|0x0000000708a00000, 0x0000000708a00000, 0x0000000708c00000|  0%| F|  |TAMS 0x0000000708a00000| PB 0x0000000708a00000| Untracked 
|  50|0x0000000708c00000, 0x0000000708c00000, 0x0000000708e00000|  0%| F|  |TAMS 0x0000000708c00000| PB 0x0000000708c00000| Untracked 
|  51|0x0000000708e00000, 0x0000000708e00000, 0x0000000709000000|  0%| F|  |TAMS 0x0000000708e00000| PB 0x0000000708e00000| Untracked 
|  52|0x0000000709000000, 0x0000000709000000, 0x0000000709200000|  0%| F|  |TAMS 0x0000000709000000| PB 0x0000000709000000| Untracked 
|  53|0x0000000709200000, 0x0000000709200000, 0x0000000709400000|  0%| F|  |TAMS 0x0000000709200000| PB 0x0000000709200000| Untracked 
|  54|0x0000000709400000, 0x0000000709400000, 0x0000000709600000|  0%| F|  |TAMS 0x0000000709400000| PB 0x0000000709400000| Untracked 
|  55|0x0000000709600000, 0x0000000709600000, 0x0000000709800000|  0%| F|  |TAMS 0x0000000709600000| PB 0x0000000709600000| Untracked 
|  56|0x0000000709800000, 0x0000000709800000, 0x0000000709a00000|  0%| F|  |TAMS 0x0000000709800000| PB 0x0000000709800000| Untracked 
|  57|0x0000000709a00000, 0x0000000709a00000, 0x0000000709c00000|  0%| F|  |TAMS 0x0000000709a00000| PB 0x0000000709a00000| Untracked 
|  58|0x0000000709c00000, 0x0000000709c00000, 0x0000000709e00000|  0%| F|  |TAMS 0x0000000709c00000| PB 0x0000000709c00000| Untracked 
|  59|0x0000000709e00000, 0x0000000709e00000, 0x000000070a000000|  0%| F|  |TAMS 0x0000000709e00000| PB 0x0000000709e00000| Untracked 
|  60|0x000000070a000000, 0x000000070a000000, 0x000000070a200000|  0%| F|  |TAMS 0x000000070a000000| PB 0x000000070a000000| Untracked 
|  61|0x000000070a200000, 0x000000070a200000, 0x000000070a400000|  0%| F|  |TAMS 0x000000070a200000| PB 0x000000070a200000| Untracked 
|  62|0x000000070a400000, 0x000000070a400000, 0x000000070a600000|  0%| F|  |TAMS 0x000000070a400000| PB 0x000000070a400000| Untracked 
|  63|0x000000070a600000, 0x000000070a600000, 0x000000070a800000|  0%| F|  |TAMS 0x000000070a600000| PB 0x000000070a600000| Untracked 
|  64|0x000000070a800000, 0x000000070a800000, 0x000000070aa00000|  0%| F|  |TAMS 0x000000070a800000| PB 0x000000070a800000| Untracked 
|  65|0x000000070aa00000, 0x000000070aa00000, 0x000000070ac00000|  0%| F|  |TAMS 0x000000070aa00000| PB 0x000000070aa00000| Untracked 
|  66|0x000000070ac00000, 0x000000070ac00000, 0x000000070ae00000|  0%| F|  |TAMS 0x000000070ac00000| PB 0x000000070ac00000| Untracked 
|  67|0x000000070ae00000, 0x000000070ae00000, 0x000000070b000000|  0%| F|  |TAMS 0x000000070ae00000| PB 0x000000070ae00000| Untracked 
|  68|0x000000070b000000, 0x000000070b000000, 0x000000070b200000|  0%| F|  |TAMS 0x000000070b000000| PB 0x000000070b000000| Untracked 
|  69|0x000000070b200000, 0x000000070b200000, 0x000000070b400000|  0%| F|  |TAMS 0x000000070b200000| PB 0x000000070b200000| Untracked 
|  70|0x000000070b400000, 0x000000070b400000, 0x000000070b600000|  0%| F|  |TAMS 0x000000070b400000| PB 0x000000070b400000| Untracked 
|  71|0x000000070b600000, 0x000000070b600000, 0x000000070b800000|  0%| F|  |TAMS 0x000000070b600000| PB 0x000000070b600000| Untracked 
|  72|0x000000070b800000, 0x000000070b800000, 0x000000070ba00000|  0%| F|  |TAMS 0x000000070b800000| PB 0x000000070b800000| Untracked 
|  73|0x000000070ba00000, 0x000000070ba00000, 0x000000070bc00000|  0%| F|  |TAMS 0x000000070ba00000| PB 0x000000070ba00000| Untracked 
|  74|0x000000070bc00000, 0x000000070bc00000, 0x000000070be00000|  0%| F|  |TAMS 0x000000070bc00000| PB 0x000000070bc00000| Untracked 
|  75|0x000000070be00000, 0x000000070be00000, 0x000000070c000000|  0%| F|  |TAMS 0x000000070be00000| PB 0x000000070be00000| Untracked 
|  76|0x000000070c000000, 0x000000070c000000, 0x000000070c200000|  0%| F|  |TAMS 0x000000070c000000| PB 0x000000070c000000| Untracked 
|  77|0x000000070c200000, 0x000000070c200000, 0x000000070c400000|  0%| F|  |TAMS 0x000000070c200000| PB 0x000000070c200000| Untracked 
|  78|0x000000070c400000, 0x000000070c400000, 0x000000070c600000|  0%| F|  |TAMS 0x000000070c400000| PB 0x000000070c400000| Untracked 
|  79|0x000000070c600000, 0x000000070c600000, 0x000000070c800000|  0%| F|  |TAMS 0x000000070c600000| PB 0x000000070c600000| Untracked 
|  80|0x000000070c800000, 0x000000070c800000, 0x000000070ca00000|  0%| F|  |TAMS 0x000000070c800000| PB 0x000000070c800000| Untracked 
|  81|0x000000070ca00000, 0x000000070ca00000, 0x000000070cc00000|  0%| F|  |TAMS 0x000000070ca00000| PB 0x000000070ca00000| Untracked 
|  82|0x000000070cc00000, 0x000000070cc00000, 0x000000070ce00000|  0%| F|  |TAMS 0x000000070cc00000| PB 0x000000070cc00000| Untracked 
|  83|0x000000070ce00000, 0x000000070ce00000, 0x000000070d000000|  0%| F|  |TAMS 0x000000070ce00000| PB 0x000000070ce00000| Untracked 
|  84|0x000000070d000000, 0x000000070d000000, 0x000000070d200000|  0%| F|  |TAMS 0x000000070d000000| PB 0x000000070d000000| Untracked 
|  85|0x000000070d200000, 0x000000070d200000, 0x000000070d400000|  0%| F|  |TAMS 0x000000070d200000| PB 0x000000070d200000| Untracked 
|  86|0x000000070d400000, 0x000000070d400000, 0x000000070d600000|  0%| F|  |TAMS 0x000000070d400000| PB 0x000000070d400000| Untracked 
|  87|0x000000070d600000, 0x000000070d600000, 0x000000070d800000|  0%| F|  |TAMS 0x000000070d600000| PB 0x000000070d600000| Untracked 
|  88|0x000000070d800000, 0x000000070d800000, 0x000000070da00000|  0%| F|  |TAMS 0x000000070d800000| PB 0x000000070d800000| Untracked 
|  89|0x000000070da00000, 0x000000070da00000, 0x000000070dc00000|  0%| F|  |TAMS 0x000000070da00000| PB 0x000000070da00000| Untracked 
|  90|0x000000070dc00000, 0x000000070dc00000, 0x000000070de00000|  0%| F|  |TAMS 0x000000070dc00000| PB 0x000000070dc00000| Untracked 
|  91|0x000000070de00000, 0x000000070de00000, 0x000000070e000000|  0%| F|  |TAMS 0x000000070de00000| PB 0x000000070de00000| Untracked 
|  92|0x000000070e000000, 0x000000070e000000, 0x000000070e200000|  0%| F|  |TAMS 0x000000070e000000| PB 0x000000070e000000| Untracked 
|  93|0x000000070e200000, 0x000000070e200000, 0x000000070e400000|  0%| F|  |TAMS 0x000000070e200000| PB 0x000000070e200000| Untracked 
|  94|0x000000070e400000, 0x000000070e400000, 0x000000070e600000|  0%| F|  |TAMS 0x000000070e400000| PB 0x000000070e400000| Untracked 
|  95|0x000000070e600000, 0x000000070e600000, 0x000000070e800000|  0%| F|  |TAMS 0x000000070e600000| PB 0x000000070e600000| Untracked 
|  96|0x000000070e800000, 0x000000070e800000, 0x000000070ea00000|  0%| F|  |TAMS 0x000000070e800000| PB 0x000000070e800000| Untracked 
|  97|0x000000070ea00000, 0x000000070ea00000, 0x000000070ec00000|  0%| F|  |TAMS 0x000000070ea00000| PB 0x000000070ea00000| Untracked 
|  98|0x000000070ec00000, 0x000000070ec00000, 0x000000070ee00000|  0%| F|  |TAMS 0x000000070ec00000| PB 0x000000070ec00000| Untracked 
|  99|0x000000070ee00000, 0x000000070ee00000, 0x000000070f000000|  0%| F|  |TAMS 0x000000070ee00000| PB 0x000000070ee00000| Untracked 
| 100|0x000000070f000000, 0x000000070f000000, 0x000000070f200000|  0%| F|  |TAMS 0x000000070f000000| PB 0x000000070f000000| Untracked 
| 101|0x000000070f200000, 0x000000070f200000, 0x000000070f400000|  0%| F|  |TAMS 0x000000070f200000| PB 0x000000070f200000| Untracked 
| 102|0x000000070f400000, 0x000000070f400000, 0x000000070f600000|  0%| F|  |TAMS 0x000000070f400000| PB 0x000000070f400000| Untracked 
| 103|0x000000070f600000, 0x000000070f600000, 0x000000070f800000|  0%| F|  |TAMS 0x000000070f600000| PB 0x000000070f600000| Untracked 
| 104|0x000000070f800000, 0x000000070f800000, 0x000000070fa00000|  0%| F|  |TAMS 0x000000070f800000| PB 0x000000070f800000| Untracked 
| 105|0x000000070fa00000, 0x000000070fa00000, 0x000000070fc00000|  0%| F|  |TAMS 0x000000070fa00000| PB 0x000000070fa00000| Untracked 
| 106|0x000000070fc00000, 0x000000070fc00000, 0x000000070fe00000|  0%| F|  |TAMS 0x000000070fc00000| PB 0x000000070fc00000| Untracked 
| 107|0x000000070fe00000, 0x000000070fe00000, 0x0000000710000000|  0%| F|  |TAMS 0x000000070fe00000| PB 0x000000070fe00000| Untracked 
| 108|0x0000000710000000, 0x0000000710000000, 0x0000000710200000|  0%| F|  |TAMS 0x0000000710000000| PB 0x0000000710000000| Untracked 
| 109|0x0000000710200000, 0x0000000710200000, 0x0000000710400000|  0%| F|  |TAMS 0x0000000710200000| PB 0x0000000710200000| Untracked 
| 110|0x0000000710400000, 0x000000071042c9c0, 0x0000000710600000|  8%| S|CS|TAMS 0x0000000710400000| PB 0x0000000710400000| Complete 
| 111|0x0000000710600000, 0x0000000710800000, 0x0000000710800000|100%| S|CS|TAMS 0x0000000710600000| PB 0x0000000710600000| Complete 
| 112|0x0000000710800000, 0x0000000710800000, 0x0000000710a00000|  0%| F|  |TAMS 0x0000000710800000| PB 0x0000000710800000| Untracked 
| 113|0x0000000710a00000, 0x0000000710a00000, 0x0000000710c00000|  0%| F|  |TAMS 0x0000000710a00000| PB 0x0000000710a00000| Untracked 
| 114|0x0000000710c00000, 0x0000000710c00000, 0x0000000710e00000|  0%| F|  |TAMS 0x0000000710c00000| PB 0x0000000710c00000| Untracked 
| 115|0x0000000710e00000, 0x0000000710e00000, 0x0000000711000000|  0%| F|  |TAMS 0x0000000710e00000| PB 0x0000000710e00000| Untracked 
| 116|0x0000000711000000, 0x0000000711000000, 0x0000000711200000|  0%| F|  |TAMS 0x0000000711000000| PB 0x0000000711000000| Untracked 
| 117|0x0000000711200000, 0x0000000711200000, 0x0000000711400000|  0%| F|  |TAMS 0x0000000711200000| PB 0x0000000711200000| Untracked 
| 118|0x0000000711400000, 0x0000000711400000, 0x0000000711600000|  0%| F|  |TAMS 0x0000000711400000| PB 0x0000000711400000| Untracked 
| 119|0x0000000711600000, 0x0000000711600000, 0x0000000711800000|  0%| F|  |TAMS 0x0000000711600000| PB 0x0000000711600000| Untracked 
| 120|0x0000000711800000, 0x0000000711800000, 0x0000000711a00000|  0%| F|  |TAMS 0x0000000711800000| PB 0x0000000711800000| Untracked 
| 121|0x0000000711a00000, 0x0000000711a00000, 0x0000000711c00000|  0%| F|  |TAMS 0x0000000711a00000| PB 0x0000000711a00000| Untracked 
| 122|0x0000000711c00000, 0x0000000711c00000, 0x0000000711e00000|  0%| F|  |TAMS 0x0000000711c00000| PB 0x0000000711c00000| Untracked 
| 123|0x0000000711e00000, 0x0000000711e00000, 0x0000000712000000|  0%| F|  |TAMS 0x0000000711e00000| PB 0x0000000711e00000| Untracked 
| 124|0x0000000712000000, 0x00000007120306c0, 0x0000000712200000|  9%| E|  |TAMS 0x0000000712000000| PB 0x0000000712000000| Complete 
| 125|0x0000000712200000, 0x0000000712400000, 0x0000000712400000|100%| E|CS|TAMS 0x0000000712200000| PB 0x0000000712200000| Complete 
| 126|0x0000000712400000, 0x0000000712600000, 0x0000000712600000|100%| E|CS|TAMS 0x0000000712400000| PB 0x0000000712400000| Complete 

Card table byte_map: [0x0000017550e80000,0x0000017551670000] _byte_map_base: 0x000001754d66c000

Marking Bits: (CMBitMap*) 0x00000175431f4260
 Bits: [0x0000017551670000, 0x00000175555d0000)

Polling page: 0x0000017543240000

Metaspace:

Usage:
  Non-class:     10.46 MB used.
      Class:      1.61 MB used.
       Both:     12.07 MB used.

Virtual space:
  Non-class space:       64.00 MB reserved,      10.62 MB ( 17%) committed,  1 nodes.
      Class space:        1.00 GB reserved,       1.75 MB ( <1%) committed,  1 nodes.
             Both:        1.06 GB reserved,      12.38 MB (  1%) committed. 

Chunk freelists:
   Non-Class:  4.98 MB
       Class:  14.13 MB
        Both:  19.12 MB

MaxMetaspaceSize: unlimited
CompressedClassSpaceSize: 1.00 GB
Initial GC threshold: 21.00 MB
Current GC threshold: 21.00 MB
CDS: on
 - commit_granule_bytes: 65536.
 - commit_granule_words: 8192.
 - virtual_space_node_default_size: 8388608.
 - enlarge_chunks_in_place: 1.
 - use_allocation_guard: 0.


Internal statistics:

num_allocs_failed_limit: 0.
num_arena_births: 390.
num_arena_deaths: 0.
num_vsnodes_births: 2.
num_vsnodes_deaths: 0.
num_space_committed: 198.
num_space_uncommitted: 0.
num_chunks_returned_to_freelist: 0.
num_chunks_taken_from_freelist: 743.
num_chunk_merges: 0.
num_chunk_splits: 438.
num_chunks_enlarged: 256.
num_inconsistent_stats: 0.

CodeCache: size=49152Kb used=6148Kb max_used=6148Kb free=43003Kb
 bounds [0x000001754ce00000, 0x000001754d410000, 0x000001754fe00000]
 total_blobs=2596 nmethods=2100 adapters=417
 compilation: disabled (not enough contiguous free space left)
              stopped_count=1, restarted_count=0
 full_count=1

Compilation events (20 events):
Event: 1.416 Thread 0x00000175582db710 nmethod 2086 0x000001754d3fb790 code [0x000001754d3fb920, 0x000001754d3fb9e8]
Event: 1.416 Thread 0x00000175582dbde0 nmethod 2084 0x000001754d3fba90 code [0x000001754d3fbc20, 0x000001754d3fbce8]
Event: 1.416 Thread 0x0000017557a78110 nmethod 2083 0x000001754d3fbd90 code [0x000001754d3fbf40, 0x000001754d3fc040]
Event: 1.416 Thread 0x00000175582dc4b0 nmethod 2077 0x000001754d3fc110 code [0x000001754d3fc4c0, 0x000001754d3fd668]
Event: 1.417 Thread 0x00000175582dc4b0 2089       1       java.lang.Character::codePointAt (51 bytes)
Event: 1.417 Thread 0x00000175582dc4b0 nmethod 2089 0x000001754d3fe190 code [0x000001754d3fe360, 0x000001754d3fe568]
Event: 1.417 Thread 0x0000017557a78110 2090       1       org.springframework.util.StringUtils::toStringArray (26 bytes)
Event: 1.417 Thread 0x0000017557a78110 nmethod 2090 0x000001754d3fe610 code [0x000001754d3fe7e0, 0x000001754d3fe9a0]
Event: 1.418 Thread 0x0000017557a78110 2091       1       java.util.ArrayDeque::size (17 bytes)
Event: 1.418 Thread 0x00000175582dbde0 2092       1       java.util.ArrayDeque::sub (14 bytes)
Event: 1.418 Thread 0x00000175582dbde0 nmethod 2092 0x000001754d3fea90 code [0x000001754d3fec20, 0x000001754d3fecd8]
Event: 1.418 Thread 0x0000017557a78110 nmethod 2091 0x000001754d3fed90 code [0x000001754d3fef20, 0x000001754d3ff008]
Event: 1.418 Thread 0x0000017557a78110 2093       1       java.util.LinkedHashMap::afterNodeAccess (266 bytes)
Event: 1.418 Thread 0x00000175582db710 2094       1       java.util.ArrayDeque$DeqIterator::next (62 bytes)
Event: 1.418 Thread 0x00000175582dbde0 2095       1       java.util.ArrayDeque::nonNullElementAt (18 bytes)
Event: 1.419 Thread 0x00000175582dbde0 nmethod 2095 0x000001754d3ff090 code [0x000001754d3ff240, 0x000001754d3ff3c8]
Event: 1.419 Thread 0x00000175582db710 nmethod 2094 0x000001754d3ff510 code [0x000001754d3ff6e0, 0x000001754d3ff978]
Event: 1.419 Thread 0x00000175582db710 2096       1       java.net.URI::toString (16 bytes)
Event: 1.419 Thread 0x0000017557a78110 

Event: 1.419 Thread 0x00000175582db710 nmethod 2096 0x000001754d3ffb10 code [0x000001754d3ffcc0, 0x000001754d3ffdb8]

GC Heap History (4 events):
Event: 0.838 GC heap before
{Heap before GC invocations=0 (full 0):
 garbage-first heap   total 260096K, used 20480K [0x0000000702800000, 0x0000000800000000)
  region size 2048K, 11 young (22528K), 0 survivors (0K)
 Metaspace       used 6391K, committed 6592K, reserved 1114112K
  class space    used 761K, committed 896K, reserved 1048576K
}
Event: 0.844 GC heap after
{Heap after GC invocations=1 (full 0):
 garbage-first heap   total 260096K, used 7611K [0x0000000702800000, 0x0000000800000000)
  region size 2048K, 2 young (4096K), 2 survivors (4096K)
 Metaspace       used 6391K, committed 6592K, reserved 1114112K
  class space    used 761K, committed 896K, reserved 1048576K
}
Event: 1.396 GC heap before
{Heap before GC invocations=1 (full 0):
 garbage-first heap   total 260096K, used 34235K [0x0000000702800000, 0x0000000800000000)
  region size 2048K, 15 young (30720K), 2 survivors (4096K)
 Metaspace       used 11686K, committed 12096K, reserved 1114112K
  class space    used 1541K, committed 1728K, reserved 1048576K
}
Event: 1.402 GC heap after
{Heap after GC invocations=2 (full 0):
 garbage-first heap   total 260096K, used 10094K [0x0000000702800000, 0x0000000800000000)
  region size 2048K, 2 young (4096K), 2 survivors (4096K)
 Metaspace       used 11686K, committed 12096K, reserved 1114112K
  class space    used 1541K, committed 1728K, reserved 1048576K
}

Dll operation events (11 events):
Event: 0.011 Loaded shared library C:\Users\Admin\.jdks\openjdk-21.0.2\bin\java.dll
Event: 0.181 Loaded shared library C:\Users\Admin\.jdks\openjdk-21.0.2\bin\zip.dll
Event: 0.184 Loaded shared library C:\Users\Admin\.jdks\openjdk-21.0.2\bin\instrument.dll
Event: 0.188 Loaded shared library C:\Users\Admin\.jdks\openjdk-21.0.2\bin\net.dll
Event: 0.190 Loaded shared library C:\Users\Admin\.jdks\openjdk-21.0.2\bin\nio.dll
Event: 0.193 Loaded shared library C:\Users\Admin\.jdks\openjdk-21.0.2\bin\zip.dll
Event: 0.312 Loaded shared library D:\Program Files\JetBrains\IntelliJ IDEA 2023.3.2\bin\breakgen64.dll
Event: 0.320 Loaded shared library C:\Users\Admin\.jdks\openjdk-21.0.2\bin\jimage.dll
Event: 0.328 Loaded shared library C:\Users\Admin\.jdks\openjdk-21.0.2\bin\extnet.dll
Event: 0.352 Loaded shared library C:\Users\Admin\.jdks\openjdk-21.0.2\bin\management.dll
Event: 0.372 Loaded shared library C:\Users\Admin\.jdks\openjdk-21.0.2\bin\management_ext.dll

Deoptimization events (0 events):
No events

Classes loaded (20 events):
Event: 1.454 Loading class java/lang/ProcessHandleImpl
Event: 1.454 Loading class java/lang/ProcessHandleImpl done
Event: 1.462 Loading class java/lang/ThreadBuilders$VirtualThreadBuilder
Event: 1.462 Loading class java/lang/Thread$Builder$OfVirtual
Event: 1.462 Loading class java/lang/Thread$Builder
Event: 1.462 Loading class java/lang/Thread$Builder done
Event: 1.463 Loading class java/lang/Thread$Builder$OfVirtual done
Event: 1.463 Loading class java/lang/ThreadBuilders$BaseThreadBuilder
Event: 1.463 Loading class java/lang/ThreadBuilders$BaseThreadBuilder done
Event: 1.463 Loading class java/lang/ThreadBuilders$VirtualThreadBuilder done
Event: 1.463 Loading class java/lang/ThreadBuilders
Event: 1.463 Loading class java/lang/ThreadBuilders done
Event: 1.463 Loading class java/lang/ThreadBuilders$VirtualThreadFactory
Event: 1.463 Loading class java/lang/ThreadBuilders$BaseThreadFactory
Event: 1.463 Loading class java/lang/ThreadBuilders$BaseThreadFactory done
Event: 1.463 Loading class java/lang/ThreadBuilders$VirtualThreadFactory done
Event: 1.473 Loading class java/util/Stack
Event: 1.473 Loading class java/util/Stack done
Event: 1.473 Loading class java/util/Vector$Itr
Event: 1.473 Loading class java/util/Vector$Itr done

Classes unloaded (0 events):
No events

Classes redefined (0 events):
No events

Internal exceptions (20 events):
Event: 1.253 Thread 0x000001755d4f6940 Exception <a 'java/lang/NoSuchMethodError'{0x00000007113e5dc8}: 'void java.lang.invoke.DirectMethodHandle$Holder.invokeStaticInit(java.lang.Object, java.lang.Object)'> (0x00000007113e5dc8) 
thrown [s\open\src\hotspot\share\interpreter\linkResolver.cpp, line 773]
Event: 1.261 Thread 0x000001755d4f6940 Exception <a 'java/lang/NoSuchMethodError'{0x0000000711038350}: 'int java.lang.invoke.DirectMethodHandle$Holder.invokeStatic(java.lang.Object, java.lang.Object, java.lang.Object, java.lang.Object)'> (0x0000000711038350) 
thrown [s\open\src\hotspot\share\interpreter\linkResolver.cpp, line 773]
Event: 1.271 Thread 0x000001755d4f6940 Exception <a 'java/lang/NoSuchMethodError'{0x000000071109b578}: 'java.lang.Object java.lang.invoke.DirectMethodHandle$Holder.invokeSpecial(java.lang.Object, java.lang.Object, java.lang.Object, java.lang.Object, java.lang.Object, java.lang.Object, int)'> (0x000000071109b578) 
thrown [s\open\src\hotspot\share\interpreter\linkResolver.cpp, line 773]
Event: 1.272 Thread 0x000001755d4f6940 Exception <a 'java/lang/NoSuchMethodError'{0x00000007110a4a80}: 'java.lang.Object java.lang.invoke.DirectMethodHandle$Holder.newInvokeSpecial(java.lang.Object, java.lang.Object, java.lang.Object, java.lang.Object, java.lang.Object, java.lang.Object, int)'> (0x00000007110a4a80) 
thrown [s\open\src\hotspot\share\interpreter\linkResolver.cpp, line 773]
Event: 1.272 Thread 0x000001755d4f6940 Exception <a 'java/lang/NoSuchMethodError'{0x00000007110a9030}: 'java.lang.Object java.lang.invoke.DirectMethodHandle$Holder.invokeSpecial(java.lang.Object, java.lang.Object, java.lang.Object, java.lang.Object, java.lang.Object, java.lang.Object, java.lang.Object, int)'> (0x00000007110a9030) 
thrown [s\open\src\hotspot\share\interpreter\linkResolver.cpp, line 773]
Event: 1.311 Thread 0x000001755d4f6940 Exception <a 'java/lang/NoSuchMethodError'{0x0000000710a14da8}: 'void java.lang.invoke.DirectMethodHandle$Holder.invokeSpecial(java.lang.Object, java.lang.Object, java.lang.Object, java.lang.Object, java.lang.Object)'> (0x0000000710a14da8) 
thrown [s\open\src\hotspot\share\interpreter\linkResolver.cpp, line 773]
Event: 1.372 Thread 0x000001755d4f6940 Exception <a 'java/lang/NoSuchMethodError'{0x00000007108c1730}: 'void java.lang.invoke.DirectMethodHandle$Holder.invokeSpecial(java.lang.Object, java.lang.Object, java.lang.Object, java.lang.Object, java.lang.Object, java.lang.Object)'> (0x00000007108c1730) 
thrown [s\open\src\hotspot\share\interpreter\linkResolver.cpp, line 773]
Event: 1.386 Thread 0x000001755d4f6940 Exception <a 'java/lang/NoSuchMethodError'{0x0000000710967790}: 'java.lang.Object java.lang.invoke.DirectMethodHandle$Holder.invokeSpecial(java.lang.Object, java.lang.Object, java.lang.Object, int, java.lang.Object)'> (0x0000000710967790) 
thrown [s\open\src\hotspot\share\interpreter\linkResolver.cpp, line 773]
Event: 1.387 Thread 0x000001755d4f6940 Exception <a 'java/lang/NoSuchMethodError'{0x000000071096ef88}: 'java.lang.Object java.lang.invoke.DirectMethodHandle$Holder.newInvokeSpecial(java.lang.Object, java.lang.Object, java.lang.Object, int, java.lang.Object)'> (0x000000071096ef88) 
thrown [s\open\src\hotspot\share\interpreter\linkResolver.cpp, line 773]
Event: 1.387 Thread 0x000001755d4f6940 Exception <a 'java/lang/NoSuchMethodError'{0x0000000710976440}: 'java.lang.Object java.lang.invoke.Invokers$Holder.linkToTargetMethod(java.lang.Object, java.lang.Object, int, java.lang.Object, java.lang.Object)'> (0x0000000710976440) 
thrown [s\open\src\hotspot\share\interpreter\linkResolver.cpp, line 773]
Event: 1.388 Thread 0x000001755d4f6940 Exception <a 'java/lang/NoSuchMethodError'{0x00000007109855a0}: 'java.lang.Object java.lang.invoke.DirectMethodHandle$Holder.newInvokeSpecial(java.lang.Object, int, java.lang.Object)'> (0x00000007109855a0) 
thrown [s\open\src\hotspot\share\interpreter\linkResolver.cpp, line 773]
Event: 1.388 Thread 0x000001755d4f6940 Exception <a 'java/lang/NoSuchMethodError'{0x0000000710989250}: 'int java.lang.invoke.DirectMethodHandle$Holder.invokeSpecialIFC(java.lang.Object, java.lang.Object, java.lang.Object, java.lang.Object)'> (0x0000000710989250) 
thrown [s\open\src\hotspot\share\interpreter\linkResolver.cpp, line 773]
Event: 1.414 Thread 0x000001755d4f6940 Exception <a 'java/lang/NoSuchMethodError'{0x000000071250fb70}: 'void java.lang.invoke.DirectMethodHandle$Holder.invokeInterface(java.lang.Object, java.lang.Object, java.lang.Object)'> (0x000000071250fb70) 
thrown [s\open\src\hotspot\share\interpreter\linkResolver.cpp, line 773]
Event: 1.430 Thread 0x000001755d4f6940 Exception <a 'java/lang/NoSuchMethodError'{0x00000007125e89b0}: 'java.lang.Object java.lang.invoke.DirectMethodHandle$Holder.invokeVirtual(java.lang.Object, java.lang.Object, java.lang.Object)'> (0x00000007125e89b0) 
thrown [s\open\src\hotspot\share\interpreter\linkResolver.cpp, line 773]
Event: 1.447 Thread 0x000001755d4f6940 Exception <a 'java/lang/NoSuchMethodError'{0x00000007122cea60}: 'void java.lang.invoke.DirectMethodHandle$Holder.invokeStatic(java.lang.Object, java.lang.Object, int)'> (0x00000007122cea60) 
thrown [s\open\src\hotspot\share\interpreter\linkResolver.cpp, line 773]
Event: 1.449 Thread 0x000001755d4f6940 Exception <a 'java/lang/NoSuchMethodError'{0x00000007122e6bd0}: 'void java.lang.invoke.DirectMethodHandle$Holder.invokeStaticInit(java.lang.Object, java.lang.Object, java.lang.Object)'> (0x00000007122e6bd0) 
thrown [s\open\src\hotspot\share\interpreter\linkResolver.cpp, line 773]
Event: 1.454 Thread 0x000001755d4f6940 Exception <a 'java/lang/NoSuchMethodError'{0x00000007123353f0}: 'java.lang.Object java.lang.invoke.DirectMethodHandle$Holder.invokeStatic(java.lang.Object, long, java.lang.Object)'> (0x00000007123353f0) 
thrown [s\open\src\hotspot\share\interpreter\linkResolver.cpp, line 773]
Event: 1.454 Thread 0x000001755d4f6940 Exception <a 'java/lang/NoSuchMethodError'{0x0000000712338a48}: 'java.lang.Object java.lang.invoke.DirectMethodHandle$Holder.invokeStaticInit(java.lang.Object, long, java.lang.Object)'> (0x0000000712338a48) 
thrown [s\open\src\hotspot\share\interpreter\linkResolver.cpp, line 773]
Event: 1.455 Thread 0x000001755d4f6940 Exception <a 'java/lang/NoSuchMethodError'{0x000000071233e1b0}: 'java.lang.Object java.lang.invoke.DirectMethodHandle$Holder.newInvokeSpecial(java.lang.Object, long)'> (0x000000071233e1b0) 
thrown [s\open\src\hotspot\share\interpreter\linkResolver.cpp, line 773]
Event: 1.464 Thread 0x000001755d4f6940 Exception <a 'java/lang/NoSuchMethodError'{0x00000007123a5da8}: 'void java.lang.invoke.DirectMethodHandle$Holder.invokeVirtual(java.lang.Object, java.lang.Object, java.lang.Object, java.lang.Object)'> (0x00000007123a5da8) 
thrown [s\open\src\hotspot\share\interpreter\linkResolver.cpp, line 773]

ZGC Phase Switch (0 events):
No events

VM Operations (20 events):
Event: 0.605 Executing VM operation: HandshakeAllThreads (Deoptimize)
Event: 0.605 Executing VM operation: HandshakeAllThreads (Deoptimize) done
Event: 0.674 Executing VM operation: HandshakeAllThreads (Deoptimize)
Event: 0.674 Executing VM operation: HandshakeAllThreads (Deoptimize) done
Event: 0.693 Executing VM operation: HandshakeAllThreads (Deoptimize)
Event: 0.693 Executing VM operation: HandshakeAllThreads (Deoptimize) done
Event: 0.729 Executing VM operation: HandshakeAllThreads (Deoptimize)
Event: 0.729 Executing VM operation: HandshakeAllThreads (Deoptimize) done
Event: 0.734 Executing VM operation: HandshakeAllThreads (Deoptimize)
Event: 0.734 Executing VM operation: HandshakeAllThreads (Deoptimize) done
Event: 0.838 Executing VM operation: G1CollectForAllocation (G1 Evacuation Pause)
Event: 0.844 Executing VM operation: G1CollectForAllocation (G1 Evacuation Pause) done
Event: 1.079 Executing VM operation: HandshakeAllThreads (Deoptimize)
Event: 1.079 Executing VM operation: HandshakeAllThreads (Deoptimize) done
Event: 1.185 Executing VM operation: HandshakeAllThreads (Deoptimize)
Event: 1.185 Executing VM operation: HandshakeAllThreads (Deoptimize) done
Event: 1.389 Executing VM operation: ICBufferFull
Event: 1.389 Executing VM operation: ICBufferFull done
Event: 1.396 Executing VM operation: G1CollectForAllocation (G1 Evacuation Pause)
Event: 1.402 Executing VM operation: G1CollectForAllocation (G1 Evacuation Pause) done

Events (20 events):
Event: 0.049 Thread 0x0000017557a64e90 Thread added: 0x0000017557a64e90
Event: 0.049 Thread 0x0000017557a65db0 Thread added: 0x0000017557a65db0
Event: 0.049 Thread 0x0000017557a69660 Thread added: 0x0000017557a69660
Event: 0.050 Thread 0x0000017557a6b230 Thread added: 0x0000017557a6b230
Event: 0.050 Thread 0x0000017557a6bc90 Thread added: 0x0000017557a6bc90
Event: 0.050 Thread 0x0000017557a6c820 Thread added: 0x0000017557a6c820
Event: 0.050 Thread 0x0000017557a78110 Thread added: 0x0000017557a78110
Event: 0.162 Thread 0x0000017557a33e40 Thread added: 0x0000017557a33e40
Event: 0.168 Thread 0x00000175582db710 Thread added: 0x00000175582db710
Event: 0.170 Thread 0x00000175582dbde0 Thread added: 0x00000175582dbde0
Event: 0.170 Thread 0x00000175582dc4b0 Thread added: 0x00000175582dc4b0
Event: 0.313 Thread 0x000001755885f880 Thread added: 0x000001755885f880
Event: 0.313 Thread 0x0000017558863da0 Thread added: 0x0000017558863da0
Event: 0.682 Thread 0x0000017558a6be20 Thread added: 0x0000017558a6be20
Event: 1.012 Thread 0x000001755d4f5240 Thread added: 0x000001755d4f5240
Event: 1.016 Thread 0x000001755d4f6940 Thread added: 0x000001755d4f6940
Event: 1.154 Thread 0x000001755d62ea60 Thread added: 0x000001755d62ea60
Event: 1.178 Thread 0x000001755d5e6980 Thread added: 0x000001755d5e6980
Event: 1.183 Thread 0x000001755d61d640 Thread added: 0x000001755d61d640
Event: 1.218 Thread 0x000001755d61d640 Thread exited: 0x000001755d61d640


Dynamic libraries:
0x00007ff736570000 - 0x00007ff73657e000 	C:\Users\Admin\.jdks\openjdk-21.0.2\bin\java.exe
0x00007ff982070000 - 0x00007ff982287000 	C:\WINDOWS\SYSTEM32\ntdll.dll
0x00007ff980600000 - 0x00007ff9806c4000 	C:\WINDOWS\System32\KERNEL32.DLL
0x00007ff97f8e0000 - 0x00007ff97fcb1000 	C:\WINDOWS\System32\KERNELBASE.dll
0x00007ff97f7c0000 - 0x00007ff97f8d1000 	C:\WINDOWS\System32\ucrtbase.dll
0x00007ff97baf0000 - 0x00007ff97bb0b000 	C:\Users\Admin\.jdks\openjdk-21.0.2\bin\VCRUNTIME140.dll
0x00007ff97ba20000 - 0x00007ff97ba38000 	C:\Users\Admin\.jdks\openjdk-21.0.2\bin\jli.dll
0x00007ff97ff80000 - 0x00007ff980131000 	C:\WINDOWS\System32\USER32.dll
0x00007ff97f2f0000 - 0x00007ff97f316000 	C:\WINDOWS\System32\win32u.dll
0x00007ff969510000 - 0x00007ff9697a2000 	C:\WINDOWS\WinSxS\amd64_microsoft.windows.common-controls_6595b64144ccf1df_6.0.22621.4830_none_270fe7d773858e80\COMCTL32.dll
0x00007ff97fd40000 - 0x00007ff97fde7000 	C:\WINDOWS\System32\msvcrt.dll
0x00007ff9802e0000 - 0x00007ff980309000 	C:\WINDOWS\System32\GDI32.dll
0x00007ff97f480000 - 0x00007ff97f59b000 	C:\WINDOWS\System32\gdi32full.dll
0x00007ff97f320000 - 0x00007ff97f3ba000 	C:\WINDOWS\System32\msvcp_win.dll
0x00007ff980140000 - 0x00007ff980171000 	C:\WINDOWS\System32\IMM32.DLL
0x00007ff97bb50000 - 0x00007ff97bb5c000 	C:\Users\Admin\.jdks\openjdk-21.0.2\bin\vcruntime140_1.dll
0x00007ff97b680000 - 0x00007ff97b70e000 	C:\Users\Admin\.jdks\openjdk-21.0.2\bin\msvcp140.dll
0x00007ff92e820000 - 0x00007ff92f537000 	C:\Users\Admin\.jdks\openjdk-21.0.2\bin\server\jvm.dll
0x00007ff980540000 - 0x00007ff9805f1000 	C:\WINDOWS\System32\ADVAPI32.dll
0x00007ff9806d0000 - 0x00007ff980777000 	C:\WINDOWS\System32\sechost.dll
0x00007ff97f790000 - 0x00007ff97f7b8000 	C:\WINDOWS\System32\bcrypt.dll
0x00007ff980af0000 - 0x00007ff980c04000 	C:\WINDOWS\System32\RPCRT4.dll
0x00007ff980a70000 - 0x00007ff980ae1000 	C:\WINDOWS\System32\WS2_32.dll
0x00007ff97e020000 - 0x00007ff97e06d000 	C:\WINDOWS\SYSTEM32\POWRPROF.dll
0x00007ff979810000 - 0x00007ff979844000 	C:\WINDOWS\SYSTEM32\WINMM.dll
0x00007ff976410000 - 0x00007ff97641a000 	C:\WINDOWS\SYSTEM32\VERSION.dll
0x00007ff97e000000 - 0x00007ff97e013000 	C:\WINDOWS\SYSTEM32\UMPDC.dll
0x00007ff97e2b0000 - 0x00007ff97e2c8000 	C:\WINDOWS\SYSTEM32\kernel.appcore.dll
0x00007ff97ba80000 - 0x00007ff97ba8a000 	C:\Users\Admin\.jdks\openjdk-21.0.2\bin\jimage.dll
0x00007ff97cbf0000 - 0x00007ff97ce22000 	C:\WINDOWS\SYSTEM32\DBGHELP.DLL
0x00007ff981b60000 - 0x00007ff981ef0000 	C:\WINDOWS\System32\combase.dll
0x00007ff981f50000 - 0x00007ff982027000 	C:\WINDOWS\System32\OLEAUT32.dll
0x00007ff96c7f0000 - 0x00007ff96c822000 	C:\WINDOWS\SYSTEM32\dbgcore.DLL
0x00007ff97f5a0000 - 0x00007ff97f61b000 	C:\WINDOWS\System32\bcryptPrimitives.dll
0x00007ff97b5f0000 - 0x00007ff97b5ff000 	C:\Users\Admin\.jdks\openjdk-21.0.2\bin\instrument.dll
0x00007ff97b3f0000 - 0x00007ff97b40f000 	C:\Users\Admin\.jdks\openjdk-21.0.2\bin\java.dll
0x00007ff981250000 - 0x00007ff981ad8000 	C:\WINDOWS\System32\SHELL32.dll
0x00007ff97f1b0000 - 0x00007ff97f2ef000 	C:\WINDOWS\System32\wintypes.dll
0x00007ff97d0d0000 - 0x00007ff97d9dd000 	C:\WINDOWS\SYSTEM32\windows.storage.dll
0x00007ff97fe60000 - 0x00007ff97ff6a000 	C:\WINDOWS\System32\SHCORE.dll
0x00007ff981ef0000 - 0x00007ff981f4e000 	C:\WINDOWS\System32\shlwapi.dll
0x00007ff97f0e0000 - 0x00007ff97f10b000 	C:\WINDOWS\SYSTEM32\profapi.dll
0x00007ff961bf0000 - 0x00007ff961c08000 	C:\Users\Admin\.jdks\openjdk-21.0.2\bin\zip.dll
0x00007ff97ba10000 - 0x00007ff97ba20000 	C:\Users\Admin\.jdks\openjdk-21.0.2\bin\net.dll
0x00007ff97bf60000 - 0x00007ff97c08c000 	C:\WINDOWS\SYSTEM32\WINHTTP.dll
0x00007ff97e710000 - 0x00007ff97e77a000 	C:\WINDOWS\system32\mswsock.dll
0x00007ff97b3d0000 - 0x00007ff97b3e6000 	C:\Users\Admin\.jdks\openjdk-21.0.2\bin\nio.dll
0x00007ff97b370000 - 0x00007ff97b38a000 	D:\Program Files\JetBrains\IntelliJ IDEA 2023.3.2\bin\breakgen64.dll
0x00007ff97b640000 - 0x00007ff97b649000 	C:\Users\Admin\.jdks\openjdk-21.0.2\bin\extnet.dll
0x00007ff97dd20000 - 0x00007ff97de22000 	C:\WINDOWS\SYSTEM32\DNSAPI.dll
0x00007ff97dcb0000 - 0x00007ff97dcdd000 	C:\WINDOWS\SYSTEM32\IPHLPAPI.DLL
0x00007ff9809d0000 - 0x00007ff9809d9000 	C:\WINDOWS\System32\NSI.dll
0x00007ff976470000 - 0x00007ff97647a000 	C:\Windows\System32\rasadhlp.dll
0x00007ff9777c0000 - 0x00007ff977843000 	C:\WINDOWS\System32\fwpuclnt.dll
0x00007ff97b390000 - 0x00007ff97b39a000 	C:\Users\Admin\.jdks\openjdk-21.0.2\bin\management.dll
0x00007ff97b350000 - 0x00007ff97b35b000 	C:\Users\Admin\.jdks\openjdk-21.0.2\bin\management_ext.dll
0x00007ff980940000 - 0x00007ff980948000 	C:\WINDOWS\System32\PSAPI.DLL
0x00007ff97ea60000 - 0x00007ff97ea7b000 	C:\WINDOWS\SYSTEM32\CRYPTSP.dll
0x00007ff97e210000 - 0x00007ff97e247000 	C:\WINDOWS\system32\rsaenh.dll
0x00007ff97e7b0000 - 0x00007ff97e7d8000 	C:\WINDOWS\SYSTEM32\USERENV.dll
0x00007ff97ea40000 - 0x00007ff97ea4c000 	C:\WINDOWS\SYSTEM32\CRYPTBASE.dll
0x00007ff94ea80000 - 0x00007ff94ea97000 	C:\WINDOWS\system32\napinsp.dll
0x00007ff94ea60000 - 0x00007ff94ea7b000 	C:\WINDOWS\system32\pnrpnsp.dll
0x00007ff94ea40000 - 0x00007ff94ea51000 	C:\WINDOWS\System32\winrnr.dll
0x00007ff94ea20000 - 0x00007ff94ea35000 	C:\WINDOWS\system32\wshbth.dll
0x00007ff94e9f0000 - 0x00007ff94ea17000 	C:\WINDOWS\system32\nlansp_c.dll

dbghelp: loaded successfully - version: 4.0.5 - missing functions: none
symbol engine: initialized successfully - sym options: 0x614 - pdb path: .;C:\Users\Admin\.jdks\openjdk-21.0.2\bin;C:\WINDOWS\SYSTEM32;C:\WINDOWS\WinSxS\amd64_microsoft.windows.common-controls_6595b64144ccf1df_6.0.22621.4830_none_270fe7d773858e80;C:\Users\Admin\.jdks\openjdk-21.0.2\bin\server;D:\Program Files\JetBrains\IntelliJ IDEA 2023.3.2\bin

VM Arguments:
jvm_args: -XX:TieredStopAtLevel=1 -Dspring.output.ansi.enabled=always -Dcom.sun.management.jmxremote -Dspring.jmx.enabled=true -Dspring.liveBeansView.mbeanDomain -Dspring.application.admin.enabled=true -Dmanagement.endpoints.jmx.exposure.include=* -javaagent:D:\Program Files\JetBrains\IntelliJ IDEA 2023.3.2\lib\idea_rt.jar=51787:D:\Program Files\JetBrains\IntelliJ IDEA 2023.3.2\bin -Dfile.encoding=UTF-8 -Dsun.stdout.encoding=UTF-8 -Dsun.stderr.encoding=UTF-8 
java_command: com.booking.PatientStartApplication
java_class_path (initial): D:\BookingCare_Project\com.booking-care.patient-service\patient-start\target\classes;D:\BookingCare_Project\com.booking-care.patient-service\patient-domain\target\classes;C:\Users\Admin\.m2\repository\org\springframework\boot\spring-boot-starter-data-jpa\3.3.5\spring-boot-starter-data-jpa-3.3.5.jar;C:\Users\Admin\.m2\repository\org\springframework\boot\spring-boot-starter-jdbc\3.3.5\spring-boot-starter-jdbc-3.3.5.jar;C:\Users\Admin\.m2\repository\com\zaxxer\HikariCP\5.1.0\HikariCP-5.1.0.jar;C:\Users\Admin\.m2\repository\org\springframework\spring-jdbc\6.1.14\spring-jdbc-6.1.14.jar;C:\Users\Admin\.m2\repository\org\hibernate\orm\hibernate-core\6.5.3.Final\hibernate-core-6.5.3.Final.jar;C:\Users\Admin\.m2\repository\jakarta\persistence\jakarta.persistence-api\3.1.0\jakarta.persistence-api-3.1.0.jar;C:\Users\Admin\.m2\repository\jakarta\transaction\jakarta.transaction-api\2.0.1\jakarta.transaction-api-2.0.1.jar;C:\Users\Admin\.m2\repository\org\hibernate\common\hibernate-commons-annotations\6.0.6.Final\hibernate-commons-annotations-6.0.6.Final.jar;C:\Users\Admin\.m2\repository\io\smallrye\jandex\3.1.2\jandex-3.1.2.jar;C:\Users\Admin\.m2\repository\net\bytebuddy\byte-buddy\1.14.19\byte-buddy-1.14.19.jar;C:\Users\Admin\.m2\repository\jakarta\xml\bind\jakarta.xml.bind-api\4.0.2\jakarta.xml.bind-api-4.0.2.jar;C:\Users\Admin\.m2\repository\jakarta\activation\jakarta.activation-api\2.1.3\jakarta.activation-api-2.1.3.jar;C:\Users\Admin\.m2\repository\org\glassfish\jaxb\jaxb-runtime\4.0.5\jaxb-runtime-4.0.5.jar;C:\Users\Admin\.m2\repository\org\glassfish\jaxb\jaxb-core\4.0.5\jaxb-core-4.0.5.jar;C:\Users\Admin\.m2\repository\org\eclipse\angus\angus-activation\2.0.2\angus-activation-2.0.2.jar;C:\Users\Admin\.m2\repository\org\glassfish\jaxb\txw2\4.0.5\txw2-4.0.5.jar;C:\Users\Admin\.m2\repository\com\sun\istack\istack-commons-runtime\4.1.2\istack-commons-runtime-4.1.2.jar;C:\Users\Admin\.m2\repository\jakarta\inject\jakarta.inject-api\2.0.1\jakarta.inject-api-2.0.1.jar;C:\Users\Admin\.m2\repository\org\antlr\antlr4-runtime\4.13.0\antlr4-runtime-4.13.0.jar;C:\Users\Admin\.m2\repository\org\springframework\data\spring-data-jpa\3.3.5\spring-data-jpa-3.3.5.jar;C:\Users\Admin\.m2\repository\org\springframework\data\spring-data-commons\3.3.5\spring-data-commons-3.3.5.jar;C:\Users\Admin\.m2\repository\org\springframework\spring-orm\6.1.14\spring-orm-6.1.14.jar;C:\Users\Admin\.m2\repository\org\springframework\spring-tx\6.1.14\spring-tx-6.1.14.jar;C:\Users\Admin\.m2\repository\org\springframework\spring-aspects\6.1.14\spring-aspects-6.1.14.jar;C:\Users\Admin\.m2\repository\com\mysql\mysql-connector-j\8.3.0\mysql-connector-j-8.3.0.jar;C:\Users\Admin\.m2\repository\io\micrometer\micrometer-registry-prometheus\1.13.6\micrometer-registry-prometheus-1.13.6.jar;C:\Users\Admin\.m2\repository\io\micrometer\micrometer-core\1.13.6\micrometer-core-1.13.6.jar;C:\Users\Admin\.m2\repository\io\micrometer\micrometer-commons\1.13.6\micrometer-commons-1.13.6.jar;C:\Users\Admin\.m2\repository\org\hdrhistogram\HdrHistogram\2.2.2\HdrHistogram-2.2.2.jar;C:\Users\Admin\.m2\repository\org\latencyutils\LatencyUtils\2.0.3\LatencyUtils-2.0.3.jar;C:\Users\Admin\.m2\repository\io\prometheus\prometheus-metrics-core\1.2.1\prometheus-metrics-core-1.2.1.jar;C:\Users\Admin\.m2\repository\io\prometheus\prometheus-metrics-model\1.2.1\prometheus-metrics-model-1.2.1.jar;C:\Users\Admin\.m2\repository\io\prometheus\prometheus-metrics-config\1.2.1\prometheus-metrics-config-1.2.1.jar;C:\Users\Admin\.m2\repository\io\prometheus\prometheus-metrics-tracer-common\1.2.1\prometheus-metrics-tracer-common-1.2.1.jar;C:\Users\Admin\.m2\repository\io\prometheus\prometheus-metrics-exposition-formats\1.2.1\prometheus-metrics-exposition-formats-1.2.1.jar;C:\Users\Admin\.m2\repository\io\prometheus\prometheus-metrics-shaded-protobuf\1.2.1\prometheus-metrics-shaded-protobuf-1.2.1.jar;C:\Users\Admin\.m2\repository\org\springframework\boot\spring-boot-starter-actuator\3.3.5\spring-boot-starter-actuator-3.3.5.jar;C:\Users\Admin\.m2\repository\org\springframework\boot\spring-boot-starter\3.3.5\spring-boot-starter-3.3.5.jar;C:\Users\Admin\.m2\repository\org\springframework\boot\spring-boot-starter-logging\3.3.5\spring-boot-starter-logging-3.3.5.jar;C:\Users\Admin\.m2\repository\ch\qos\logback\logback-classic\1.5.11\logback-classic-1.5.11.jar;C:\Users\Admin\.m2\repository\ch\qos\logback\logback-core\1.5.11\logback-core-1.5.11.jar;C:\Users\Admin\.m2\repository\org\apache\logging\log4j\log4j-to-slf4j\2.23.1\log4j-to-slf4j-2.23.1.jar;C:\Users\Admin\.m2\repository\org\apache\logging\log4j\log4j-api\2.23.1\log4j-api-2.23.1.jar;C:\Users\Admin\.m2\repository\org\slf4j\jul-to-slf4j\2.0.16\jul-to-slf4j-2.0.16.jar;C:\Users\Admin\.m2\repository\jakarta\annotation\jakarta.annotation-api\2.1.1\jakarta.annotation-api-2.1.1.jar;C:\Users\Admin\.m2\repository\org\springframework\spring-core\6.1.14\spring-core-6.1.14.jar;C:\Users\Admin\.m2\repository\org\springframework\spring-jcl\6.1.14\spring-jcl-6.1.14.jar;C:\Users\Admin\.m2\repository\org\yaml\snakeyaml\2.2\snakeyaml-2.2.jar;C:\Users\Admin\.m2\repository\org\springframework\boot\spring-boot-actuator-autoconfigure\3.3.5\spring-boot-actuator-autoconfigure-3.3.5.jar;C:\Users\Admin\.m2\repository\org\springframework\boot\spring-boot-actuator\3.3.5\spring-boot-actuator-3.3.5.jar;C:\Users\Admin\.m2\repository\com\fasterxml\jackson\core\jackson-databind\2.17.2\jackson-databind-2.17.2.jar;C:\Users\Admin\.m2\repository\com\fasterxml\jackson\core\jackson-annotations\2.17.2\jackson-annotations-2.17.2.jar;C:\Users\Admin\.m2\repository\com\fasterxml\jackson\core\jackson-core\2.17.2\jackson-core-2.17.2.jar;C:\Users\Admin\.m2\repository\com\fasterxml\jackson\datatype\jackson-datatype-jsr310\2.17.2\jackson-datatype-jsr310-2.17.2.jar;C:\Users\Admin\.m2\repository\io\micrometer\micrometer-observation\1.13.6\micrometer-observation-1.13.6.jar;C:\Users\Admin\.m2\repository\io\micrometer\micrometer-jakarta9\1.13.6\micrometer-jakarta9-1.13.6.jar;C:\Users\Admin\.m2\repository\org\springframework\boot\spring-boot-starter-web\3.3.5\spring-boot-starter-web-3.3.5.jar;C:\Users\Admin\.m2\repository\org\springframework\boot\spring-boot-starter-json\3.3.5\spring-boot-starter-json-3.3.5.jar;C:\Users\Admin\.m2\repository\com\fasterxml\jackson\datatype\jackson-datatype-jdk8\2.17.2\jackson-datatype-jdk8-2.17.2.jar;C:\Users\Admin\.m2\repository\com\fasterxml\jackson\module\jackson-module-parameter-names\2.17.2\jackson-module-parameter-names-2.17.2.jar;C:\Users\Admin\.m2\repository\org\springframework\boot\spring-boot-starter-tomcat\3.3.5\spring-boot-starter-tomcat-3.3.5.jar;C:\Users\Admin\.m2\repository\org\apache\tomcat\embed\tomcat-embed-core\10.1.31\tomcat-embed-core-10.1.31.jar;C:\Users\Admin\.m2\repository\org\apache\tomcat\embed\tomcat-embed-websocket\10.1.31\tomcat-embed-websocket-10.1.31.jar;C:\Users\Admin\.m2\repository\org\springframework\spring-web\6.1.14\spring-web-6.1.14.jar;C:\Users\Admin\.m2\repository\org\springframework\spring-beans\6.1.14\spring-beans-6.1.14.jar;C:\Users\Admin\.m2\repository\org\springframework\spring-webmvc\6.1.14\spring-webmvc-6.1.14.jar;C:\Users\Admin\.m2\repository\org\springframework\spring-context\6.1.14\spring-context-6.1.14.jar;C:\Users\Admin\.m2\repository\org\springframework\spring-expression\6.1.14\spring-expression-6.1.14.jar;C:\Users\Admin\.m2\repository\org\projectlombok\lombok\1.18.34\lombok-1.18.34.jar;C:\Users\Admin\.m2\repository\org\springframework\boot\spring-boot-starter-aop\3.3.5\spring-boot-starter-aop-3.3.5.jar;C:\Users\Admin\.m2\repository\org\springframework\spring-aop\6.1.14\spring-aop-6.1.14.jar;C:\Users\Admin\.m2\repository\org\aspectj\aspectjweaver\1.9.22.1\aspectjweaver-1.9.22.1.jar;C:\Users\Admin\.m2\repository\org\springframework\boot\spring-boot-devtools\3.3.5\spring-boot-devtools-3.3.5.jar;C:\Users\Admin\.m2\repository\org\springframework\boot\spring-boot\3.3.5\spring-boot-3.3.5.jar;C:\Users\Admin\.m2\repository\org\springframework\boot\spring-boot-autoconfigure\3.3.5\spring-boot-autoconfigure-3.3.5.jar;C:\Users\Admin\.m2\repository\org\springframework\boot\spring-boot-starter-validation\3.3.5\spring-boot-starter-validation-3.3.5.jar;C:\Users\Admin\.m2\repository\org\apache\tomcat\embed\tomcat-embed-el\10.1.31\tomcat-embed-el-10.1.31.jar;C:\Users\Admin\.m2\repository\org\hibernate\validator\hibernate-validator\8.0.1.Final\hibernate-validator-8.0.1.Final.jar;C:\Users\Admin\.m2\repository\jakarta\validation\jakarta.validation-api\3.0.2\jakarta.validation-api-3.0.2.jar;C:\Users\Admin\.m2\repository\org\jboss\logging\jboss-logging\3.5.3.Final\jboss-logging-3.5.3.Final.jar;C:\Users\Admin\.m2\repository\com\fasterxml\classmate\1.7.0\classmate-1.7.0.jar;C:\Users\Admin\.m2\repository\io\github\resilience4j\resilience4j-spring-boot3\2.1.0\resilience4j-spring-boot3-2.1.0.jar;C:\Users\Admin\.m2\repository\io\github\resilience4j\resilience4j-spring6\2.1.0\resilience4j-spring6-2.1.0.jar;C:\Users\Admin\.m2\repository\io\github\resilience4j\resilience4j-annotations\2.1.0\resilience4j-annotations-2.1.0.jar;C:\Users\Admin\.m2\repository\io\github\resilience4j\resilience4j-consumer\2.1.0\resilience4j-consumer-2.1.0.jar;C:\Users\Admin\.m2\repository\io\github\resilience4j\resilience4j-core\2.1.0\resilience4j-core-2.1.0.jar;C:\Users\Admin\.m2\repository\io\github\resilience4j\resilience4j-circularbuffer\2.1.0\resilience4j-circularbuffer-2.1.0.jar;C:\Users\Admin\.m2\repository\io\github\resilience4j\resilience4j-framework-common\2.1.0\resilience4j-framework-common-2.1.0.jar;C:\Users\Admin\.m2\repository\org\slf4j\slf4j-api\2.0.16\slf4j-api-2.0.16.jar;C:\Users\Admin\.m2\repository\io\github\resilience4j\resilience4j-micrometer\2.1.0\resilience4j-micrometer-2.1.0.jar;C:\Users\Admin\.m2\repository\io\github\resilience4j\resilience4j-bulkhead\2.1.0\resilience4j-bulkhead-2.1.0.jar;C:\Users\Admin\.m2\repository\io\github\resilience4j\resilience4j-circuitbreaker\2.1.0\resilience4j-circuitbreaker-2.1.0.jar;C:\Users\Admin\.m2\repository\io\github\resilience4j\resilience4j-retry\2.1.0\resilience4j-retry-2.1.0.jar;C:\Users\Admin\.m2\repository\io\github\resilience4j\resilience4j-ratelimiter\2.1.0\resilience4j-ratelimiter-2.1.0.jar;C:\Users\Admin\.m2\repository\io\github\resilience4j\resilience4j-timelimiter\2.1.0\resilience4j-timelimiter-2.1.0.jar;C:\Users\Admin\.m2\repository\com\google\guava\guava\32.1.2-jre\guava-32.1.2-jre.jar;C:\Users\Admin\.m2\repository\com\google\guava\failureaccess\1.0.1\failureaccess-1.0.1.jar;C:\Users\Admin\.m2\repository\com\google\guava\listenablefuture\9999.0-empty-to-avoid-conflict-with-guava\listenablefuture-9999.0-empty-to-avoid-conflict-with-guava.jar;C:\Users\Admin\.m2\repository\com\google\code\findbugs\jsr305\3.0.2\jsr305-3.0.2.jar;C:\Users\Admin\.m2\repository\org\checkerframework\checker-qual\3.33.0\checker-qual-3.33.0.jar;C:\Users\Admin\.m2\repository\com\google\errorprone\error_prone_annotations\2.18.0\error_prone_annotations-2.18.0.jar;C:\Users\Admin\.m2\repository\com\google\j2objc\j2objc-annotations\2.8\j2objc-annotations-2.8.jar
Launcher Type: SUN_STANDARD

[Global flags]
     intx CICompilerCount                          = 4                                         {product} {ergonomic}
     uint ConcGCThreads                            = 2                                         {product} {ergonomic}
     uint G1ConcRefinementThreads                  = 8                                         {product} {ergonomic}
   size_t G1HeapRegionSize                         = 2097152                                   {product} {ergonomic}
    uintx GCDrainStackTargetSize                   = 64                                        {product} {ergonomic}
   size_t InitialHeapSize                          = 266338304                                 {product} {ergonomic}
     bool ManagementServer                         = true                                      {product} {command line}
   size_t MarkStackSize                            = 4194304                                   {product} {ergonomic}
   size_t MaxHeapSize                              = 4253024256                                {product} {ergonomic}
   size_t MaxNewSize                               = 2550136832                                {product} {ergonomic}
   size_t MinHeapDeltaBytes                        = 2097152                                   {product} {ergonomic}
   size_t MinHeapSize                              = 8388608                                   {product} {ergonomic}
    uintx NonNMethodCodeHeapSize                   = 4096                                   {pd product} {ergonomic}
    uintx NonProfiledCodeHeapSize                  = 0                                      {pd product} {ergonomic}
     bool ProfileInterpreter                       = false                                  {pd product} {command line}
    uintx ProfiledCodeHeapSize                     = 0                                      {pd product} {ergonomic}
   size_t SoftMaxHeapSize                          = 4253024256                             {manageable} {ergonomic}
     intx TieredStopAtLevel                        = 1                                         {product} {command line}
     bool UseCompressedOops                        = true                           {product lp64_product} {ergonomic}
     bool UseG1GC                                  = true                                      {product} {ergonomic}
     bool UseLargePagesIndividualAllocation        = false                                  {pd product} {ergonomic}

Logging:
Log output configuration:
 #0: stdout all=warning uptime,level,tags foldmultilines=false
 #1: stderr all=off uptime,level,tags foldmultilines=false

Environment Variables:
JAVA_HOME=C:\Program Files\Java\jdk-20
PATH=C:\Program Files (x86)\Common Files\Oracle\Java\javapath;C:\Program Files\Common Files\Oracle\Java\javapath;C:\WINDOWS\system32;C:\WINDOWS;C:\WINDOWS\System32\Wbem;C:\WINDOWS\System32\WindowsPowerShell\v1.0\;C:\WINDOWS\System32\OpenSSH\;C:\Program Files\Intel\WiFi\bin\;C:\Program Files\Common Files\Intel\WirelessCommon\;C:\Program Files\Microsoft SQL Server\Client SDK\ODBC\170\Tools\Binn\;C:\Program Files (x86)\Microsoft SQL Server\150\Tools\Binn\;C:\Program Files\Microsoft SQL Server\150\Tools\Binn\;C:\Program Files\Microsoft SQL Server\150\DTS\Binn\;C:\Program Files\Microsoft SQL Server\130\Tools\Binn\;c:\Program Files (x86)\Intel\Intel(R) Management Engine Components\DAL;c:\Program Files\Intel\Intel(R) Management Engine Components\DAL;C:\Program Files\Git\cmd;C:\WINDOWS\system32;C:\WINDOWS;C:\WINDOWS\System32\Wbem;C:\WINDOWS\System32\WindowsPowerShell\v1.0\;C:\WINDOWS\System32\OpenSSH\;C:\Program Files\Java\jdk-20\bin;D:\Program Files\Redis\;C:\Users\Admin\.jdks\openjdk-21.0.2\bin;C:\Program Files (x86)\Microsoft SQL Server\150\DTS\Binn\;C:\Program Files\Azure Data Studio\bin;C:\Program Files (x86)\Microsoft SQL Server\160\DTS\Binn\;C:\Program Files\nodejs\;C:\Program Files\Docker\Docker\resources\bin;C:\Users\Admin\AppData\Local\Microsoft\WindowsApps;C:\Users\Admin\AppData\Local\Programs\Microsoft VS Code\bin;C:\Program Files\Azure Data Studio\bin;C:\src\flutter\bin;D:\androi studio\platforms;D:\androi studio\platform-tools;C:\Program Files\Azure Data Studio\bin;C:\Users\Admin\AppData\Roaming\npm
USERNAME=Admin
OS=Windows_NT
PROCESSOR_IDENTIFIER=Intel64 Family 6 Model 142 Stepping 10, GenuineIntel
TMP=C:\Users\Admin\AppData\Local\Temp
TEMP=C:\Users\Admin\AppData\Local\Temp




Periodic native trim disabled

---------------  S Y S T E M  ---------------

OS:
 Windows 11 , 64 bit Build 22621 (10.0.22621.4974)
OS uptime: 9 days 17:40 hours
Hyper-V role detected

CPU: total 8 (initial active 8) (4 cores per cpu, 2 threads per core) family 6 model 142 stepping 10 microcode 0xea, cx8, cmov, fxsr, ht, mmx, 3dnowpref, sse, sse2, sse3, ssse3, sse4.1, sse4.2, popcnt, lzcnt, tsc, tscinvbit, avx, avx2, aes, erms, clmul, bmi1, bmi2, rtm, adx, fma, vzeroupper, clflush, clflushopt, hv, rdtscp, f16c
Processor Information for all 8 processors :
  Max Mhz: 1896, Current Mhz: 1696, Mhz Limit: 1687

Memory: 4k page, system-wide physical 16217M (2795M free)
TotalPageFile size 19140M (AvailPageFile size 5M)
current process WorkingSet (physical memory assigned to process): 104M, peak: 104M
current process commit charge ("private bytes"): 363M, peak: 363M

vm_info: OpenJDK 64-Bit Server VM (21.0.2+13-58) for windows-amd64 JRE (21.0.2+13-58), built on 2024-01-05T18:32:24Z by "mach5one" with MS VC++ 17.1 (VS2022)

END.
